0 verbose cli C:\Program Files\nodejs\node.exe C:\Program Files\nodejs\node_modules\npm\bin\npm-cli.js
1 info using npm@10.2.4
2 info using node@v20.11.1
3 timing npm:load:whichnode Completed in 2ms
4 timing config:load:defaults Completed in 5ms
5 timing config:load:file:C:\Program Files\nodejs\node_modules\npm\npmrc Completed in 6ms
6 timing config:load:builtin Completed in 6ms
7 timing config:load:cli Completed in 4ms
8 timing config:load:env Completed in 1ms
9 timing config:load:project Completed in 2ms
10 timing config:load:file:C:\Users\Faneva_ANDRIANAINA\.npmrc Completed in 0ms
11 timing config:load:user Completed in 0ms
12 timing config:load:file:C:\Users\Faneva_ANDRIANAINA\AppData\Roaming\npm\etc\npmrc Completed in 1ms
13 timing config:load:global Completed in 1ms
14 timing config:load:setEnvs Completed in 1ms
15 timing config:load Completed in 21ms
16 timing npm:load:configload Completed in 21ms
17 timing config:load:flatten Completed in 4ms
18 timing npm:load:mkdirpcache Completed in 0ms
19 timing npm:load:mkdirplogs Completed in 0ms
20 verbose title npm prefix
21 verbose argv "prefix" "--global"
22 timing npm:load:setTitle Completed in 1ms
23 timing npm:load:display Completed in 2ms
24 verbose logfile logs-max:10 dir:C:\Users\Faneva_ANDRIANAINA\Desktop\pgg4p\src\app\admin\mon_app\_logs\2024-10-09T14_06_20_615Z-
25 verbose logfile C:\Users\Faneva_ANDRIANAINA\Desktop\pgg4p\src\app\admin\mon_app\_logs\2024-10-09T14_06_20_615Z-debug-0.log
26 timing npm:load:logFile Completed in 40ms
27 timing npm:load:timers Completed in 0ms
28 timing npm:load:configScope Completed in 0ms
29 timing npm:load Completed in 101ms
30 timing command:prefix Completed in 1ms
31 verbose exit 0
32 timing npm Completed in 195ms
33 info ok
