0 verbose cli C:\Program Files\nodejs\node.exe C:\Program Files\nodejs\node_modules\npm\bin\npm-cli.js
1 info using npm@10.2.4
2 info using node@v20.11.1
3 timing npm:load:whichnode Completed in 5ms
4 timing config:load:defaults Completed in 6ms
5 timing config:load:file:C:\Program Files\nodejs\node_modules\npm\npmrc Completed in 23ms
6 timing config:load:builtin Completed in 24ms
7 timing config:load:cli Completed in 11ms
8 timing config:load:env Completed in 3ms
9 timing config:load:project Completed in 18ms
10 timing config:load:file:C:\Users\Faneva_ANDRIANAINA\.npmrc Completed in 3ms
11 timing config:load:user Completed in 3ms
12 timing config:load:file:C:\Users\Faneva_ANDRIANAINA\AppData\Roaming\npm\etc\npmrc Completed in 6ms
13 timing config:load:global Completed in 7ms
14 timing config:load:setEnvs Completed in 4ms
15 timing config:load Completed in 78ms
16 timing npm:load:configload Completed in 79ms
17 timing config:load:flatten Completed in 21ms
18 timing npm:load:mkdirpcache Completed in 26ms
19 timing npm:load:mkdirplogs Completed in 1ms
20 verbose title npm prefix
21 verbose argv "prefix" "--global"
22 timing npm:load:setTitle Completed in 2ms
23 timing npm:load:display Completed in 3ms
24 verbose logfile logs-max:10 dir:C:\Users\Faneva_ANDRIANAINA\Desktop\PGG4P\mon_app\_logs\2024-09-18T10_45_07_309Z-
25 verbose logfile C:\Users\Faneva_ANDRIANAINA\Desktop\PGG4P\mon_app\_logs\2024-09-18T10_45_07_309Z-debug-0.log
26 timing npm:load:logFile Completed in 126ms
27 timing npm:load:timers Completed in 0ms
28 timing npm:load:configScope Completed in 0ms
29 timing npm:load Completed in 478ms
30 timing command:prefix Completed in 72ms
31 verbose exit 0
32 timing npm Completed in 2506ms
33 info ok
