0 verbose cli C:\Program Files\nodejs\node.exe C:\Program Files\nodejs\node_modules\npm\bin\npm-cli.js
1 info using npm@10.2.4
2 info using node@v20.11.1
3 timing npm:load:whichnode Completed in 6ms
4 timing config:load:defaults Completed in 20ms
5 timing config:load:file:C:\Program Files\nodejs\node_modules\npm\npmrc Completed in 20ms
6 timing config:load:builtin Completed in 21ms
7 timing config:load:cli Completed in 4ms
8 timing config:load:env Completed in 0ms
9 timing config:load:project Completed in 1ms
10 timing config:load:file:C:\Users\Faneva_ANDRIANAINA\.npmrc Completed in 0ms
11 timing config:load:user Completed in 0ms
12 timing config:load:file:C:\Users\Faneva_ANDRIANAINA\AppData\Roaming\npm\etc\npmrc Completed in 11ms
13 timing config:load:global Completed in 11ms
14 timing config:load:setEnvs Completed in 2ms
15 timing config:load Completed in 62ms
16 timing npm:load:configload Completed in 62ms
17 timing config:load:flatten Completed in 17ms
18 timing npm:load:mkdirpcache Completed in 12ms
19 timing npm:load:mkdirplogs Completed in 16ms
20 verbose title npm prefix
21 verbose argv "prefix" "--global"
22 timing npm:load:setTitle Completed in 3ms
23 timing npm:load:display Completed in 3ms
24 verbose logfile logs-max:10 dir:C:\Users\Faneva_ANDRIANAINA\Desktop\PGG4P\mon_app\_logs\2024-09-21T12_14_37_388Z-
25 verbose logfile C:\Users\Faneva_ANDRIANAINA\Desktop\PGG4P\mon_app\_logs\2024-09-21T12_14_37_388Z-debug-0.log
26 timing npm:load:logFile Completed in 132ms
27 timing npm:load:timers Completed in 0ms
28 timing npm:load:configScope Completed in 0ms
29 timing npm:load Completed in 403ms
30 timing command:prefix Completed in 3ms
31 verbose exit 0
32 timing npm Completed in 1204ms
33 info ok
