0 verbose cli C:\Program Files\nodejs\node.exe C:\Users\Faneva_ANDRIANAINA\AppData\Roaming\npm\node_modules\npm\bin\npm-cli.js
1 info using npm@10.8.3
2 info using node@v20.11.1
3 silly config load:file:C:\Users\Faneva_ANDRIANAINA\AppData\Roaming\npm\node_modules\npm\npmrc
4 silly config load:file:C:\Users\Faneva_ANDRIANAINA\Desktop\PGG4P\.npmrc
5 silly config load:file:C:\Users\Faneva_ANDRIANAINA\.npmrc
6 silly config load:file:C:\Users\Faneva_ANDRIANAINA\AppData\Roaming\npm\etc\npmrc
7 verbose title npm install bootstrap@5.3.3
8 verbose argv "install" "bootstrap@5.3.3"
9 verbose logfile logs-max:10 dir:C:\Users\Faneva_ANDRIANAINA\Desktop\PGG4P\mon_app\_logs\2024-09-18T08_36_53_442Z-
10 verbose logfile C:\Users\Faneva_ANDRIANAINA\Desktop\PGG4P\mon_app\_logs\2024-09-18T08_36_53_442Z-debug-0.log
11 silly packumentCache heap:1742471168 maxSize:435617792 maxEntrySize:217808896
12 silly logfile start cleaning logs, removing 3 files
13 silly logfile done cleaning log files
14 silly idealTree buildDeps
15 silly fetch manifest bootstrap@5.3.3
16 silly packumentCache full:https://registry.npmjs.org/bootstrap cache-miss
17 http fetch GET 200 https://registry.npmjs.org/bootstrap 5493ms (cache miss)
18 silly packumentCache full:https://registry.npmjs.org/bootstrap set size:undefined disposed:false
19 silly fetch manifest @popperjs/core@^2.11.8
20 silly packumentCache full:https://registry.npmjs.org/@popperjs%2fcore cache-miss
21 http fetch GET 200 https://registry.npmjs.org/@popperjs%2fcore 1159ms (cache miss)
22 silly packumentCache full:https://registry.npmjs.org/@popperjs%2fcore set size:undefined disposed:false
23 silly placeDep ROOT bootstrap@5.3.3 OK for: tutorial@0.0.0 want: 5.3.3
24 silly placeDep ROOT @popperjs/core@2.11.8 OK for: bootstrap@5.3.3 want: ^2.11.8
25 silly reify moves {}
26 silly audit bulk request {
26 silly audit   '@ampproject/remapping': [ '2.3.0' ],
26 silly audit   '@angular-devkit/architect': [ '0.1802.2' ],
26 silly audit   '@angular-devkit/build-angular': [ '18.2.2' ],
26 silly audit   tslib: [ '2.6.3', '2.7.0' ],
26 silly audit   '@angular-devkit/build-webpack': [ '0.1802.2' ],
26 silly audit   '@angular-devkit/core': [ '18.2.2' ],
26 silly audit   '@angular-devkit/schematics': [ '18.2.2' ],
26 silly audit   '@angular/animations': [ '18.2.2' ],
26 silly audit   '@angular/build': [ '18.2.2' ],
26 silly audit   '@angular/cli': [ '18.2.2' ],
26 silly audit   '@angular/common': [ '18.2.2' ],
26 silly audit   '@angular/compiler': [ '18.2.2' ],
26 silly audit   '@angular/compiler-cli': [ '18.2.2' ],
26 silly audit   '@angular/core': [ '18.2.2' ],
26 silly audit   '@angular/forms': [ '18.2.2' ],
26 silly audit   '@angular/platform-browser': [ '18.2.2' ],
26 silly audit   '@angular/platform-browser-dynamic': [ '18.2.2' ],
26 silly audit   '@angular/platform-server': [ '18.2.2' ],
26 silly audit   '@angular/router': [ '18.2.2' ],
26 silly audit   '@angular/ssr': [ '18.2.2' ],
26 silly audit   '@babel/code-frame': [ '7.24.7' ],
26 silly audit   '@babel/compat-data': [ '7.25.4' ],
26 silly audit   '@babel/core': [ '7.25.2' ],
26 silly audit   'convert-source-map': [ '2.0.0', '1.9.0' ],
26 silly audit   semver: [ '6.3.1', '5.7.2', '7.6.3' ],
26 silly audit   '@babel/generator': [ '7.25.0', '7.25.6' ],
26 silly audit   '@babel/helper-annotate-as-pure': [ '7.24.7' ],
26 silly audit   '@babel/helper-builder-binary-assignment-operator-visitor': [ '7.24.7' ],
26 silly audit   '@babel/helper-compilation-targets': [ '7.25.2' ],
26 silly audit   '@babel/helper-create-class-features-plugin': [ '7.25.4' ],
26 silly audit   '@babel/helper-create-regexp-features-plugin': [ '7.25.2' ],
26 silly audit   '@babel/helper-define-polyfill-provider': [ '0.6.2' ],
26 silly audit   '@babel/helper-member-expression-to-functions': [ '7.24.8' ],
26 silly audit   '@babel/helper-module-imports': [ '7.24.7' ],
26 silly audit   '@babel/helper-module-transforms': [ '7.25.2' ],
26 silly audit   '@babel/helper-optimise-call-expression': [ '7.24.7' ],
26 silly audit   '@babel/helper-plugin-utils': [ '7.24.8' ],
26 silly audit   '@babel/helper-remap-async-to-generator': [ '7.25.0' ],
26 silly audit   '@babel/helper-replace-supers': [ '7.25.0' ],
26 silly audit   '@babel/helper-simple-access': [ '7.24.7' ],
26 silly audit   '@babel/helper-skip-transparent-expression-wrappers': [ '7.24.7' ],
26 silly audit   '@babel/helper-split-export-declaration': [ '7.24.7' ],
26 silly audit   '@babel/helper-string-parser': [ '7.24.8' ],
26 silly audit   '@babel/helper-validator-identifier': [ '7.24.7' ],
26 silly audit   '@babel/helper-validator-option': [ '7.24.8' ],
26 silly audit   '@babel/helper-wrap-function': [ '7.25.0' ],
26 silly audit   '@babel/helpers': [ '7.25.6' ],
26 silly audit   '@babel/highlight': [ '7.24.7' ],
26 silly audit   '@babel/parser': [ '7.25.6' ],
26 silly audit   '@babel/plugin-bugfix-firefox-class-in-computed-class-key': [ '7.25.3' ],
26 silly audit   '@babel/plugin-bugfix-safari-class-field-initializer-scope': [ '7.25.0' ],
26 silly audit   '@babel/plugin-bugfix-safari-id-destructuring-collision-in-function-expression': [ '7.25.0' ],
26 silly audit   '@babel/plugin-bugfix-v8-spread-parameters-in-optional-chaining': [ '7.24.7' ],
26 silly audit   '@babel/plugin-bugfix-v8-static-class-fields-redefine-readonly': [ '7.25.0' ],
26 silly audit   '@babel/plugin-proposal-private-property-in-object': [ '7.21.0-placeholder-for-preset-env.2' ],
26 silly audit   '@babel/plugin-syntax-async-generators': [ '7.8.4' ],
26 silly audit   '@babel/plugin-syntax-class-properties': [ '7.12.13' ],
26 silly audit   '@babel/plugin-syntax-class-static-block': [ '7.14.5' ],
26 silly audit   '@babel/plugin-syntax-dynamic-import': [ '7.8.3' ],
26 silly audit   '@babel/plugin-syntax-export-namespace-from': [ '7.8.3' ],
26 silly audit   '@babel/plugin-syntax-import-assertions': [ '7.25.6' ],
26 silly audit   '@babel/plugin-syntax-import-attributes': [ '7.24.7' ],
26 silly audit   '@babel/plugin-syntax-import-meta': [ '7.10.4' ],
26 silly audit   '@babel/plugin-syntax-json-strings': [ '7.8.3' ],
26 silly audit   '@babel/plugin-syntax-logical-assignment-operators': [ '7.10.4' ],
26 silly audit   '@babel/plugin-syntax-nullish-coalescing-operator': [ '7.8.3' ],
26 silly audit   '@babel/plugin-syntax-numeric-separator': [ '7.10.4' ],
26 silly audit   '@babel/plugin-syntax-object-rest-spread': [ '7.8.3' ],
26 silly audit   '@babel/plugin-syntax-optional-catch-binding': [ '7.8.3' ],
26 silly audit   '@babel/plugin-syntax-optional-chaining': [ '7.8.3' ],
26 silly audit   '@babel/plugin-syntax-private-property-in-object': [ '7.14.5' ],
26 silly audit   '@babel/plugin-syntax-top-level-await': [ '7.14.5' ],
26 silly audit   '@babel/plugin-syntax-unicode-sets-regex': [ '7.18.6' ],
26 silly audit   '@babel/plugin-transform-arrow-functions': [ '7.24.7' ],
26 silly audit   '@babel/plugin-transform-async-generator-functions': [ '7.25.0' ],
26 silly audit   '@babel/plugin-transform-async-to-generator': [ '7.24.7' ],
26 silly audit   '@babel/plugin-transform-block-scoped-functions': [ '7.24.7' ],
26 silly audit   '@babel/plugin-transform-block-scoping': [ '7.25.0' ],
26 silly audit   '@babel/plugin-transform-class-properties': [ '7.25.4' ],
26 silly audit   '@babel/plugin-transform-class-static-block': [ '7.24.7' ],
26 silly audit   '@babel/plugin-transform-classes': [ '7.25.4' ],
26 silly audit   '@babel/plugin-transform-computed-properties': [ '7.24.7' ],
26 silly audit   '@babel/plugin-transform-destructuring': [ '7.24.8' ],
26 silly audit   '@babel/plugin-transform-dotall-regex': [ '7.24.7' ],
26 silly audit   '@babel/plugin-transform-duplicate-keys': [ '7.24.7' ],
26 silly audit   '@babel/plugin-transform-duplicate-named-capturing-groups-regex': [ '7.25.0' ],
26 silly audit   '@babel/plugin-transform-dynamic-import': [ '7.24.7' ],
26 silly audit   '@babel/plugin-transform-exponentiation-operator': [ '7.24.7' ],
26 silly audit   '@babel/plugin-transform-export-namespace-from': [ '7.24.7' ],
26 silly audit   '@babel/plugin-transform-for-of': [ '7.24.7' ],
26 silly audit   '@babel/plugin-transform-function-name': [ '7.25.1' ],
26 silly audit   '@babel/plugin-transform-json-strings': [ '7.24.7' ],
26 silly audit   '@babel/plugin-transform-literals': [ '7.25.2' ],
26 silly audit   '@babel/plugin-transform-logical-assignment-operators': [ '7.24.7' ],
26 silly audit   '@babel/plugin-transform-member-expression-literals': [ '7.24.7' ],
26 silly audit   '@babel/plugin-transform-modules-amd': [ '7.24.7' ],
26 silly audit   '@babel/plugin-transform-modules-commonjs': [ '7.24.8' ],
26 silly audit   '@babel/plugin-transform-modules-systemjs': [ '7.25.0' ],
26 silly audit   '@babel/plugin-transform-modules-umd': [ '7.24.7' ],
26 silly audit   '@babel/plugin-transform-named-capturing-groups-regex': [ '7.24.7' ],
26 silly audit   '@babel/plugin-transform-new-target': [ '7.24.7' ],
26 silly audit   '@babel/plugin-transform-nullish-coalescing-operator': [ '7.24.7' ],
26 silly audit   '@babel/plugin-transform-numeric-separator': [ '7.24.7' ],
26 silly audit   '@babel/plugin-transform-object-rest-spread': [ '7.24.7' ],
26 silly audit   '@babel/plugin-transform-object-super': [ '7.24.7' ],
26 silly audit   '@babel/plugin-transform-optional-catch-binding': [ '7.24.7' ],
26 silly audit   '@babel/plugin-transform-optional-chaining': [ '7.24.8' ],
26 silly audit   '@babel/plugin-transform-parameters': [ '7.24.7' ],
26 silly audit   '@babel/plugin-transform-private-methods': [ '7.25.4' ],
26 silly audit   '@babel/plugin-transform-private-property-in-object': [ '7.24.7' ],
26 silly audit   '@babel/plugin-transform-property-literals': [ '7.24.7' ],
26 silly audit   '@babel/plugin-transform-regenerator': [ '7.24.7' ],
26 silly audit   '@babel/plugin-transform-reserved-words': [ '7.24.7' ],
26 silly audit   '@babel/plugin-transform-runtime': [ '7.24.7' ],
26 silly audit   '@babel/plugin-transform-shorthand-properties': [ '7.24.7' ],
26 silly audit   '@babel/plugin-transform-spread': [ '7.24.7' ],
26 silly audit   '@babel/plugin-transform-sticky-regex': [ '7.24.7' ],
26 silly audit   '@babel/plugin-transform-template-literals': [ '7.24.7' ],
26 silly audit   '@babel/plugin-transform-typeof-symbol': [ '7.24.8' ],
26 silly audit   '@babel/plugin-transform-unicode-escapes': [ '7.24.7' ],
26 silly audit   '@babel/plugin-transform-unicode-property-regex': [ '7.24.7' ],
26 silly audit   '@babel/plugin-transform-unicode-regex': [ '7.24.7' ],
26 silly audit   '@babel/plugin-transform-unicode-sets-regex': [ '7.25.4' ],
26 silly audit   '@babel/preset-env': [ '7.25.3' ],
26 silly audit   '@babel/preset-modules': [ '0.1.6-no-external-plugins' ],
26 silly audit   '@babel/regjsgen': [ '0.8.0' ],
26 silly audit   '@babel/runtime': [ '7.25.0' ],
26 silly audit   '@babel/template': [ '7.25.0' ],
26 silly audit   '@babel/traverse': [ '7.25.6' ],
26 silly audit   '@babel/types': [ '7.25.6' ],
26 silly audit   '@colors/colors': [ '1.5.0' ],
26 silly audit   '@discoveryjs/json-ext': [ '0.6.1' ],
26 silly audit   '@esbuild/aix-ppc64': [ '0.23.0', '0.21.5' ],
26 silly audit   '@esbuild/android-arm': [ '0.23.0', '0.21.5' ],
26 silly audit   '@esbuild/android-arm64': [ '0.23.0', '0.21.5' ],
26 silly audit   '@esbuild/android-x64': [ '0.23.0', '0.21.5' ],
26 silly audit   '@esbuild/darwin-arm64': [ '0.23.0', '0.21.5' ],
26 silly audit   '@esbuild/darwin-x64': [ '0.23.0', '0.21.5' ],
26 silly audit   '@esbuild/freebsd-arm64': [ '0.23.0', '0.21.5' ],
26 silly audit   '@esbuild/freebsd-x64': [ '0.23.0', '0.21.5' ],
26 silly audit   '@esbuild/linux-arm': [ '0.23.0', '0.21.5' ],
26 silly audit   '@esbuild/linux-arm64': [ '0.23.0', '0.21.5' ],
26 silly audit   '@esbuild/linux-ia32': [ '0.23.0', '0.21.5' ],
26 silly audit   '@esbuild/linux-loong64': [ '0.23.0', '0.21.5' ],
26 silly audit   '@esbuild/linux-mips64el': [ '0.23.0', '0.21.5' ],
26 silly audit   '@esbuild/linux-ppc64': [ '0.23.0', '0.21.5' ],
26 silly audit   '@esbuild/linux-riscv64': [ '0.23.0', '0.21.5' ],
26 silly audit   '@esbuild/linux-s390x': [ '0.23.0', '0.21.5' ],
26 silly audit   '@esbuild/linux-x64': [ '0.23.0', '0.21.5' ],
26 silly audit   '@esbuild/netbsd-x64': [ '0.23.0', '0.21.5' ],
26 silly audit   '@esbuild/openbsd-arm64': [ '0.23.0' ],
26 silly audit   '@esbuild/openbsd-x64': [ '0.23.0', '0.21.5' ],
26 silly audit   '@esbuild/sunos-x64': [ '0.23.0', '0.21.5' ],
26 silly audit   '@esbuild/win32-arm64': [ '0.23.0', '0.21.5' ],
26 silly audit   '@esbuild/win32-ia32': [ '0.23.0', '0.21.5' ],
26 silly audit   '@esbuild/win32-x64': [ '0.23.0', '0.21.5' ],
26 silly audit   '@inquirer/checkbox': [ '2.4.7' ],
26 silly audit   '@inquirer/confirm': [ '3.1.22' ],
26 silly audit   '@inquirer/core': [ '9.0.10' ],
26 silly audit   '@types/node': [ '22.5.2', '18.19.48' ],
26 silly audit   'undici-types': [ '6.19.8', '5.26.5' ],
26 silly audit   '@inquirer/editor': [ '2.1.22' ],
26 silly audit   '@inquirer/expand': [ '2.1.22' ],
26 silly audit   '@inquirer/figures': [ '1.0.5' ],
26 silly audit   '@inquirer/input': [ '2.2.9' ],
26 silly audit   '@inquirer/number': [ '1.0.10' ],
26 silly audit   '@inquirer/password': [ '2.1.22' ],
26 silly audit   '@inquirer/prompts': [ '5.3.8' ],
26 silly audit   '@inquirer/rawlist': [ '2.2.4' ],
26 silly audit   '@inquirer/search': [ '1.0.7' ],
26 silly audit   '@inquirer/select': [ '2.4.7' ],
26 silly audit   '@inquirer/type': [ '1.5.2' ],
26 silly audit   '@isaacs/cliui': [ '8.0.2' ],
26 silly audit   'ansi-regex': [ '6.0.1', '5.0.1' ],
26 silly audit   'ansi-styles': [ '6.2.1', '3.2.1', '4.3.0' ],
26 silly audit   'emoji-regex': [ '9.2.2', '8.0.0', '10.4.0' ],
26 silly audit   'string-width': [ '5.1.2', '4.2.3', '7.2.0' ],
26 silly audit   'strip-ansi': [ '7.1.0', '6.0.1' ],
26 silly audit   'wrap-ansi': [ '8.1.0', '7.0.0', '9.0.0', '6.2.0' ],
26 silly audit   '@istanbuljs/schema': [ '0.1.3' ],
26 silly audit   '@jridgewell/gen-mapping': [ '0.3.5' ],
26 silly audit   '@jridgewell/resolve-uri': [ '3.1.2' ],
26 silly audit   '@jridgewell/set-array': [ '1.2.1' ],
26 silly audit   '@jridgewell/source-map': [ '0.3.6' ],
26 silly audit   '@jridgewell/sourcemap-codec': [ '1.5.0' ],
26 silly audit   '@jridgewell/trace-mapping': [ '0.3.25' ],
26 silly audit   '@jsonjoy.com/base64': [ '1.1.2' ],
26 silly audit   '@jsonjoy.com/json-pack': [ '1.1.0' ],
26 silly audit   '@jsonjoy.com/util': [ '1.3.0' ],
26 silly audit   '@leichtgewicht/ip-codec': [ '2.0.5' ],
26 silly audit   '@listr2/prompt-adapter-inquirer': [ '2.0.15' ],
26 silly audit   '@lmdb/lmdb-darwin-arm64': [ '3.0.13' ],
26 silly audit   '@lmdb/lmdb-darwin-x64': [ '3.0.13' ],
26 silly audit   '@lmdb/lmdb-linux-arm': [ '3.0.13' ],
26 silly audit   '@lmdb/lmdb-linux-arm64': [ '3.0.13' ],
26 silly audit   '@lmdb/lmdb-linux-x64': [ '3.0.13' ],
26 silly audit   '@lmdb/lmdb-win32-x64': [ '3.0.13' ],
26 silly audit   '@msgpackr-extract/msgpackr-extract-darwin-arm64': [ '3.0.3' ],
26 silly audit   '@msgpackr-extract/msgpackr-extract-darwin-x64': [ '3.0.3' ],
26 silly audit   '@msgpackr-extract/msgpackr-extract-linux-arm': [ '3.0.3' ],
26 silly audit   '@msgpackr-extract/msgpackr-extract-linux-arm64': [ '3.0.3' ],
26 silly audit   '@msgpackr-extract/msgpackr-extract-linux-x64': [ '3.0.3' ],
26 silly audit   '@msgpackr-extract/msgpackr-extract-win32-x64': [ '3.0.3' ],
26 silly audit   '@ngtools/webpack': [ '18.2.2' ],
26 silly audit   '@nodelib/fs.scandir': [ '2.1.5' ],
26 silly audit   '@nodelib/fs.stat': [ '2.0.5' ],
26 silly audit   '@nodelib/fs.walk': [ '1.2.8' ],
26 silly audit   '@npmcli/agent': [ '2.2.2' ],
26 silly audit   'lru-cache': [ '10.4.3', '5.1.1' ],
26 silly audit   '@npmcli/fs': [ '3.1.1' ],
26 silly audit   '@npmcli/git': [ '5.0.8' ],
26 silly audit   isexe: [ '3.1.1', '2.0.0' ],
26 silly audit   which: [ '4.0.0', '2.0.2', '1.3.1' ],
26 silly audit   '@npmcli/installed-package-contents': [ '2.1.0' ],
26 silly audit   '@npmcli/node-gyp': [ '3.0.0' ],
26 silly audit   '@npmcli/package-json': [ '5.2.0' ],
26 silly audit   'brace-expansion': [ '2.0.1', '1.1.11' ],
26 silly audit   glob: [ '10.4.5', '7.2.3' ],
26 silly audit   minimatch: [ '9.0.5', '3.1.2' ],
26 silly audit   '@npmcli/promise-spawn': [ '7.0.2' ],
26 silly audit   '@npmcli/redact': [ '2.0.1' ],
26 silly audit   '@npmcli/run-script': [ '8.1.0' ],
26 silly audit   '@pkgjs/parseargs': [ '0.11.0' ],
26 silly audit   '@rollup/rollup-android-arm-eabi': [ '4.20.0' ],
26 silly audit   '@rollup/rollup-android-arm64': [ '4.20.0' ],
26 silly audit   '@rollup/rollup-darwin-arm64': [ '4.20.0' ],
26 silly audit   '@rollup/rollup-darwin-x64': [ '4.20.0' ],
26 silly audit   '@rollup/rollup-linux-arm-gnueabihf': [ '4.20.0' ],
26 silly audit   '@rollup/rollup-linux-arm-musleabihf': [ '4.20.0' ],
26 silly audit   '@rollup/rollup-linux-arm64-gnu': [ '4.20.0' ],
26 silly audit   '@rollup/rollup-linux-arm64-musl': [ '4.20.0' ],
26 silly audit   '@rollup/rollup-linux-powerpc64le-gnu': [ '4.20.0' ],
26 silly audit   '@rollup/rollup-linux-riscv64-gnu': [ '4.20.0' ],
26 silly audit   '@rollup/rollup-linux-s390x-gnu': [ '4.20.0' ],
26 silly audit   '@rollup/rollup-linux-x64-gnu': [ '4.20.0' ],
26 silly audit   '@rollup/rollup-linux-x64-musl': [ '4.20.0' ],
26 silly audit   '@rollup/rollup-win32-arm64-msvc': [ '4.20.0' ],
26 silly audit   '@rollup/rollup-win32-ia32-msvc': [ '4.20.0' ],
26 silly audit   '@rollup/rollup-win32-x64-msvc': [ '4.20.0' ],
26 silly audit   '@schematics/angular': [ '18.2.2' ],
26 silly audit   '@sigstore/bundle': [ '2.3.2' ],
26 silly audit   '@sigstore/core': [ '1.1.0' ],
26 silly audit   '@sigstore/protobuf-specs': [ '0.3.2' ],
26 silly audit   '@sigstore/sign': [ '2.3.2' ],
26 silly audit   '@sigstore/tuf': [ '2.3.4' ],
26 silly audit   '@sigstore/verify': [ '1.2.1' ],
26 silly audit   '@sindresorhus/merge-streams': [ '2.3.0' ],
26 silly audit   '@socket.io/component-emitter': [ '3.1.2' ],
26 silly audit   '@tufjs/canonical-json': [ '2.0.0' ],
26 silly audit   '@tufjs/models': [ '2.0.1' ],
26 silly audit   '@types/body-parser': [ '1.19.5' ],
26 silly audit   '@types/bonjour': [ '3.5.13' ],
26 silly audit   '@types/connect': [ '3.4.38' ],
26 silly audit   '@types/connect-history-api-fallback': [ '1.5.4' ],
26 silly audit   '@types/cookie': [ '0.4.1' ],
26 silly audit   '@types/cors': [ '2.8.17' ],
26 silly audit   '@types/estree': [ '1.0.5' ],
26 silly audit   '@types/express': [ '4.17.21' ],
26 silly audit   '@types/express-serve-static-core': [ '4.19.5' ],
26 silly audit   '@types/http-errors': [ '2.0.4' ],
26 silly audit   '@types/http-proxy': [ '1.17.15' ],
26 silly audit   '@types/jasmine': [ '5.1.4' ],
26 silly audit   '@types/json-schema': [ '7.0.15' ],
26 silly audit   '@types/mime': [ '1.3.5' ],
26 silly audit   '@types/mute-stream': [ '0.0.4' ],
26 silly audit   '@types/node-forge': [ '1.3.11' ],
26 silly audit   '@types/qs': [ '6.9.15' ],
26 silly audit   '@types/range-parser': [ '1.2.7' ],
26 silly audit   '@types/retry': [ '0.12.2' ],
26 silly audit   '@types/send': [ '0.17.4' ],
26 silly audit   '@types/serve-index': [ '1.9.4' ],
26 silly audit   '@types/serve-static': [ '1.15.7' ],
26 silly audit   '@types/sockjs': [ '0.3.36' ],
26 silly audit   '@types/wrap-ansi': [ '3.0.0' ],
26 silly audit   '@types/ws': [ '8.5.12' ],
26 silly audit   '@vitejs/plugin-basic-ssl': [ '1.1.0' ],
26 silly audit   '@webassemblyjs/ast': [ '1.12.1' ],
26 silly audit   '@webassemblyjs/floating-point-hex-parser': [ '1.11.6' ],
26 silly audit   '@webassemblyjs/helper-api-error': [ '1.11.6' ],
26 silly audit   '@webassemblyjs/helper-buffer': [ '1.12.1' ],
26 silly audit   '@webassemblyjs/helper-numbers': [ '1.11.6' ],
26 silly audit   '@webassemblyjs/helper-wasm-bytecode': [ '1.11.6' ],
26 silly audit   '@webassemblyjs/helper-wasm-section': [ '1.12.1' ],
26 silly audit   '@webassemblyjs/ieee754': [ '1.11.6' ],
26 silly audit   '@webassemblyjs/leb128': [ '1.11.6' ],
26 silly audit   '@webassemblyjs/utf8': [ '1.11.6' ],
26 silly audit   '@webassemblyjs/wasm-edit': [ '1.12.1' ],
26 silly audit   '@webassemblyjs/wasm-gen': [ '1.12.1' ],
26 silly audit   '@webassemblyjs/wasm-opt': [ '1.12.1' ],
26 silly audit   '@webassemblyjs/wasm-parser': [ '1.12.1' ],
26 silly audit   '@webassemblyjs/wast-printer': [ '1.12.1' ],
26 silly audit   '@xtuc/ieee754': [ '1.2.0' ],
26 silly audit   '@xtuc/long': [ '4.2.2' ],
26 silly audit   '@yarnpkg/lockfile': [ '1.1.0' ],
26 silly audit   abbrev: [ '2.0.0' ],
26 silly audit   accepts: [ '1.3.8' ],
26 silly audit   acorn: [ '8.12.1' ],
26 silly audit   'acorn-import-attributes': [ '1.9.5' ],
26 silly audit   'adjust-sourcemap-loader': [ '4.0.0' ],
26 silly audit   'loader-utils': [ '2.0.4', '3.3.1' ],
26 silly audit   'agent-base': [ '7.1.1' ],
26 silly audit   'aggregate-error': [ '3.1.0' ],
26 silly audit   ajv: [ '8.17.1', '6.12.6' ],
26 silly audit   'ajv-formats': [ '3.0.1', '2.1.1' ],
26 silly audit   'ajv-keywords': [ '5.1.0', '3.5.2' ],
26 silly audit   'ansi-colors': [ '4.1.3' ],
26 silly audit   'ansi-escapes': [ '4.3.2', '7.0.0' ],
26 silly audit   'ansi-html-community': [ '0.0.8' ],
26 silly audit   anymatch: [ '3.1.3' ],
26 silly audit   picomatch: [ '2.3.1', '4.0.2' ],
26 silly audit   argparse: [ '2.0.1' ],
26 silly audit   'array-flatten': [ '1.1.1' ],
26 silly audit   autoprefixer: [ '10.4.20' ],
26 silly audit   'babel-loader': [ '9.1.3' ],
26 silly audit   'babel-plugin-polyfill-corejs2': [ '0.4.11' ],
26 silly audit   'babel-plugin-polyfill-corejs3': [ '0.10.6' ],
26 silly audit   'babel-plugin-polyfill-regenerator': [ '0.6.2' ],
26 silly audit   'balanced-match': [ '1.0.2' ],
26 silly audit   'base64-js': [ '1.5.1' ],
26 silly audit   base64id: [ '2.0.0' ],
26 silly audit   batch: [ '0.6.1' ],
26 silly audit   'big.js': [ '5.2.2' ],
26 silly audit   'binary-extensions': [ '2.3.0' ],
26 silly audit   bl: [ '4.1.0' ],
26 silly audit   'body-parser': [ '1.20.2' ],
26 silly audit   debug: [ '2.6.9', '4.3.6' ],
26 silly audit   ms: [ '2.0.0', '2.1.2', '2.1.3' ],
26 silly audit   'bonjour-service': [ '1.2.1' ],
26 silly audit   boolbase: [ '1.0.0' ],
26 silly audit   braces: [ '3.0.3' ],
26 silly audit   browserslist: [ '4.23.3' ],
26 silly audit   buffer: [ '5.7.1' ],
26 silly audit   'buffer-from': [ '1.1.2' ],
26 silly audit   'bundle-name': [ '4.1.0' ],
26 silly audit   bytes: [ '3.1.2', '3.0.0' ],
26 silly audit   cacache: [ '18.0.4' ],
26 silly audit   'call-bind': [ '1.0.7' ],
26 silly audit   callsites: [ '3.1.0' ],
26 silly audit   'caniuse-lite': [ '1.0.30001655' ],
26 silly audit   chalk: [ '2.4.2', '4.1.2' ],
26 silly audit   chardet: [ '0.7.0' ],
26 silly audit   chokidar: [ '3.6.0' ],
26 silly audit   chownr: [ '2.0.0' ],
26 silly audit   'chrome-trace-event': [ '1.0.4' ],
26 silly audit   'clean-stack': [ '2.2.0' ],
26 silly audit   'cli-cursor': [ '5.0.0', '3.1.0' ],
26 silly audit   'cli-spinners': [ '2.9.2' ],
26 silly audit   'cli-truncate': [ '4.0.0' ],
26 silly audit   'cli-width': [ '4.1.0' ],
26 silly audit   cliui: [ '8.0.1', '7.0.4' ],
26 silly audit   'color-convert': [ '2.0.1', '1.9.3' ],
26 silly audit   'color-name': [ '1.1.4', '1.1.3' ],
26 silly audit   'is-fullwidth-code-point': [ '3.0.0', '4.0.0', '5.0.0' ],
26 silly audit   clone: [ '1.0.4' ],
26 silly audit   'clone-deep': [ '4.0.1' ],
26 silly audit   colorette: [ '2.0.20' ],
26 silly audit   commander: [ '2.20.3' ],
26 silly audit   'common-path-prefix': [ '3.0.0' ],
26 silly audit   compressible: [ '2.0.18' ],
26 silly audit   compression: [ '1.7.4' ],
26 silly audit   'safe-buffer': [ '5.1.2', '5.2.1' ],
26 silly audit   'concat-map': [ '0.0.1' ],
26 silly audit   connect: [ '3.7.0' ],
26 silly audit   'connect-history-api-fallback': [ '2.0.0' ],
26 silly audit   finalhandler: [ '1.1.2', '1.2.0' ],
26 silly audit   'on-finished': [ '2.3.0', '2.4.1' ],
26 silly audit   statuses: [ '1.5.0', '2.0.1' ],
26 silly audit   'content-disposition': [ '0.5.4' ],
26 silly audit   'content-type': [ '1.0.5' ],
26 silly audit   cookie: [ '0.6.0', '0.4.2' ],
26 silly audit   'cookie-signature': [ '1.0.6' ],
26 silly audit   'copy-anything': [ '2.0.6' ],
26 silly audit   'copy-webpack-plugin': [ '12.0.2' ],
26 silly audit   'glob-parent': [ '6.0.2', '5.1.2' ],
26 silly audit   'core-js-compat': [ '3.38.1' ],
26 silly audit   'core-util-is': [ '1.0.3' ],
26 silly audit   cors: [ '2.8.5' ],
26 silly audit   cosmiconfig: [ '9.0.0' ],
26 silly audit   critters: [ '0.0.24' ],
26 silly audit   'has-flag': [ '4.0.0', '3.0.0' ],
26 silly audit   'supports-color': [ '7.2.0', '8.1.1', '5.5.0' ],
26 silly audit   'cross-spawn': [ '7.0.3' ],
26 silly audit   'css-loader': [ '7.1.2' ],
26 silly audit   'css-select': [ '5.1.0' ],
26 silly audit   'css-what': [ '6.1.0' ],
26 silly audit   cssesc: [ '3.0.0' ],
26 silly audit   'custom-event': [ '1.0.1' ],
26 silly audit   'date-format': [ '4.0.14' ],
26 silly audit   'default-browser': [ '5.2.1' ],
26 silly audit   'default-browser-id': [ '5.0.0' ],
26 silly audit   'default-gateway': [ '6.0.3' ],
26 silly audit   defaults: [ '1.0.4' ],
26 silly audit   'define-data-property': [ '1.1.4' ],
26 silly audit   'define-lazy-prop': [ '3.0.0' ],
26 silly audit   depd: [ '2.0.0', '1.1.2' ],
26 silly audit   destroy: [ '1.2.0' ],
26 silly audit   'detect-libc': [ '2.0.3' ],
26 silly audit   'detect-node': [ '2.1.0' ],
26 silly audit   di: [ '0.0.1' ],
26 silly audit   'dns-packet': [ '5.6.1' ],
26 silly audit   'dom-serialize': [ '2.2.1' ],
26 silly audit   'dom-serializer': [ '2.0.0' ],
26 silly audit   domelementtype: [ '2.3.0' ],
26 silly audit   domhandler: [ '5.0.3' ],
26 silly audit   domutils: [ '3.1.0' ],
26 silly audit   eastasianwidth: [ '0.2.0' ],
26 silly audit   'ee-first': [ '1.1.1' ],
26 silly audit   'electron-to-chromium': [ '1.5.13' ],
26 silly audit   'emojis-list': [ '3.0.0' ],
26 silly audit   encodeurl: [ '1.0.2' ],
26 silly audit   encoding: [ '0.1.13' ],
26 silly audit   'iconv-lite': [ '0.6.3', '0.4.24' ],
26 silly audit   'engine.io': [ '6.5.5' ],
26 silly audit   'engine.io-parser': [ '5.2.3' ],
26 silly audit   'enhanced-resolve': [ '5.17.1' ],
26 silly audit   ent: [ '2.2.1' ],
26 silly audit   entities: [ '4.5.0' ],
26 silly audit   'env-paths': [ '2.2.1' ],
26 silly audit   environment: [ '1.1.0' ],
26 silly audit   'err-code': [ '2.0.3' ],
26 silly audit   errno: [ '0.1.8' ],
26 silly audit   'error-ex': [ '1.3.2' ],
26 silly audit   'es-define-property': [ '1.0.0' ],
26 silly audit   'es-errors': [ '1.3.0' ],
26 silly audit   'es-module-lexer': [ '1.5.4' ],
26 silly audit   esbuild: [ '0.23.0', '0.21.5' ],
26 silly audit   'esbuild-wasm': [ '0.23.0' ],
26 silly audit   escalade: [ '3.2.0' ],
26 silly audit   'escape-html': [ '1.0.3' ],
26 silly audit   'escape-string-regexp': [ '1.0.5' ],
26 silly audit   'eslint-scope': [ '5.1.1' ],
26 silly audit   esrecurse: [ '4.3.0' ],
26 silly audit   estraverse: [ '5.3.0', '4.3.0' ],
26 silly audit   esutils: [ '2.0.3' ],
26 silly audit   etag: [ '1.8.1' ],
26 silly audit   eventemitter3: [ '4.0.7', '5.0.1' ],
26 silly audit   events: [ '3.3.0' ],
26 silly audit   execa: [ '5.1.1' ],
26 silly audit   onetime: [ '5.1.2', '7.0.0' ],
26 silly audit   'signal-exit': [ '3.0.7', '4.1.0' ],
26 silly audit   'exponential-backoff': [ '3.1.1' ],
26 silly audit   express: [ '4.19.2' ],
26 silly audit   extend: [ '3.0.2' ],
26 silly audit   'external-editor': [ '3.1.0' ],
26 silly audit   'fast-deep-equal': [ '3.1.3' ],
26 silly audit   'fast-glob': [ '3.3.2' ],
26 silly audit   'fast-json-stable-stringify': [ '2.1.0' ],
26 silly audit   'fast-uri': [ '3.0.1' ],
26 silly audit   fastq: [ '1.17.1' ],
26 silly audit   'faye-websocket': [ '0.11.4' ],
26 silly audit   'fill-range': [ '7.1.1' ],
26 silly audit   'find-cache-dir': [ '4.0.0' ],
26 silly audit   'find-up': [ '6.3.0' ],
26 silly audit   flat: [ '5.0.2' ],
26 silly audit   flatted: [ '3.3.1' ],
26 silly audit   'follow-redirects': [ '1.15.6' ],
26 silly audit   'foreground-child': [ '3.3.0' ],
26 silly audit   forwarded: [ '0.2.0' ],
26 silly audit   'fraction.js': [ '4.3.7' ],
26 silly audit   fresh: [ '0.5.2' ],
26 silly audit   'fs-extra': [ '8.1.0' ],
26 silly audit   'fs-minipass': [ '3.0.3', '2.1.0' ],
26 silly audit   'fs.realpath': [ '1.0.0' ],
26 silly audit   fsevents: [ '2.3.3' ],
26 silly audit   'function-bind': [ '1.1.2' ],
26 silly audit   gensync: [ '1.0.0-beta.2' ],
26 silly audit   'get-caller-file': [ '2.0.5' ],
26 silly audit   'get-east-asian-width': [ '1.2.0' ],
26 silly audit   'get-intrinsic': [ '1.2.4' ],
26 silly audit   'get-stream': [ '6.0.1' ],
26 silly audit   'glob-to-regexp': [ '0.4.1' ],
26 silly audit   globals: [ '11.12.0' ],
26 silly audit   globby: [ '14.0.2' ],
26 silly audit   gopd: [ '1.0.1' ],
26 silly audit   'graceful-fs': [ '4.2.11' ],
26 silly audit   'handle-thing': [ '2.0.1' ],
26 silly audit   'has-property-descriptors': [ '1.0.2' ],
26 silly audit   'has-proto': [ '1.0.3' ],
26 silly audit   'has-symbols': [ '1.0.3' ],
26 silly audit   hasown: [ '2.0.2' ],
26 silly audit   'hosted-git-info': [ '7.0.2' ],
26 silly audit   'hpack.js': [ '2.1.6' ],
26 silly audit   'readable-stream': [ '2.3.8', '3.6.2' ],
26 silly audit   string_decoder: [ '1.1.1', '1.3.0' ],
26 silly audit   'html-entities': [ '2.5.2' ],
26 silly audit   'html-escaper': [ '2.0.2' ],
26 silly audit   htmlparser2: [ '8.0.2' ],
26 silly audit   'http-cache-semantics': [ '4.1.1' ],
26 silly audit   'http-deceiver': [ '1.2.7' ],
26 silly audit   'http-errors': [ '2.0.0', '1.6.3' ],
26 silly audit   'http-parser-js': [ '0.5.8' ],
26 silly audit   'http-proxy': [ '1.18.1' ],
26 silly audit   'http-proxy-agent': [ '7.0.2' ],
26 silly audit   'http-proxy-middleware': [ '3.0.0', '2.0.6' ],
26 silly audit   'https-proxy-agent': [ '7.0.5' ],
26 silly audit   'human-signals': [ '2.1.0' ],
26 silly audit   hyperdyperid: [ '1.2.0' ],
26 silly audit   'icss-utils': [ '5.1.0' ],
26 silly audit   ieee754: [ '1.2.1' ],
26 silly audit   ignore: [ '5.3.2' ],
26 silly audit   'ignore-walk': [ '6.0.5' ],
26 silly audit   'image-size': [ '0.5.5' ],
26 silly audit   immutable: [ '4.3.7' ],
26 silly audit   'import-fresh': [ '3.3.0' ],
26 silly audit   imurmurhash: [ '0.1.4' ],
26 silly audit   'indent-string': [ '4.0.0' ],
26 silly audit   inflight: [ '1.0.6' ],
26 silly audit   inherits: [ '2.0.4', '2.0.3' ],
26 silly audit   ini: [ '4.1.3' ],
26 silly audit   'ip-address': [ '9.0.5' ],
26 silly audit   'ipaddr.js': [ '1.9.1', '2.2.0' ],
26 silly audit   'is-arrayish': [ '0.2.1' ],
26 silly audit   'is-binary-path': [ '2.1.0' ],
26 silly audit   'is-core-module': [ '2.15.1' ],
26 silly audit   'is-docker': [ '3.0.0' ],
26 silly audit   'is-extglob': [ '2.1.1' ],
26 silly audit   'is-glob': [ '4.0.3' ],
26 silly audit   'is-inside-container': [ '1.0.0' ],
26 silly audit   'is-interactive': [ '1.0.0' ],
26 silly audit   'is-lambda': [ '1.0.1' ],
26 silly audit   'is-network-error': [ '1.1.0' ],
26 silly audit   'is-number': [ '7.0.0' ],
26 silly audit   'is-plain-obj': [ '3.0.0' ],
26 silly audit   'is-plain-object': [ '2.0.4' ],
26 silly audit   'is-stream': [ '2.0.1' ],
26 silly audit   'is-unicode-supported': [ '0.1.0' ],
26 silly audit   'is-what': [ '3.14.1' ],
26 silly audit   'is-wsl': [ '3.1.0' ],
26 silly audit   isarray: [ '1.0.0' ],
26 silly audit   isbinaryfile: [ '4.0.10' ],
26 silly audit   isobject: [ '3.0.1' ],
26 silly audit   'istanbul-lib-coverage': [ '3.2.2' ],
26 silly audit   'istanbul-lib-instrument': [ '6.0.3', '5.2.1' ],
26 silly audit   'istanbul-lib-report': [ '3.0.1' ],
26 silly audit   'istanbul-lib-source-maps': [ '4.0.1' ],
26 silly audit   'source-map': [ '0.6.1', '0.7.4' ],
26 silly audit   'istanbul-reports': [ '3.1.7' ],
26 silly audit   jackspeak: [ '3.4.3' ],
26 silly audit   'jasmine-core': [ '5.2.0', '4.6.1' ],
26 silly audit   'jest-worker': [ '27.5.1' ],
26 silly audit   jiti: [ '1.21.6' ],
26 silly audit   'js-tokens': [ '4.0.0' ],
26 silly audit   'js-yaml': [ '4.1.0' ],
26 silly audit   jsbn: [ '1.1.0' ],
26 silly audit   jsesc: [ '2.5.2', '0.5.0' ],
26 silly audit   'json-parse-even-better-errors': [ '3.0.2', '2.3.1' ],
26 silly audit   'json-schema-traverse': [ '1.0.0', '0.4.1' ],
26 silly audit   json5: [ '2.2.3' ],
26 silly audit   'jsonc-parser': [ '3.3.1' ],
26 silly audit   jsonfile: [ '4.0.0' ],
26 silly audit   jsonparse: [ '1.3.1' ],
26 silly audit   karma: [ '6.4.4' ],
26 silly audit   'karma-chrome-launcher': [ '3.2.0' ],
26 silly audit   'karma-coverage': [ '2.2.1' ],
26 silly audit   'karma-jasmine': [ '5.1.0' ],
26 silly audit   'karma-jasmine-html-reporter': [ '2.1.0' ],
26 silly audit   'karma-source-map-support': [ '1.4.0' ],
26 silly audit   tmp: [ '0.2.3', '0.0.33' ],
26 silly audit   yargs: [ '16.2.0', '17.7.2' ],
26 silly audit   'yargs-parser': [ '20.2.9', '21.1.1' ],
26 silly audit   'kind-of': [ '6.0.3' ],
26 silly audit   'launch-editor': [ '2.8.1' ],
26 silly audit   less: [ '4.2.0' ],
26 silly audit   'less-loader': [ '12.2.0' ],
26 silly audit   'make-dir': [ '2.1.0', '4.0.0' ],
26 silly audit   mime: [ '1.6.0', '2.6.0' ],
26 silly audit   'license-webpack-plugin': [ '4.0.2' ],
26 silly audit   'lines-and-columns': [ '1.2.4' ],
26 silly audit   listr2: [ '8.2.4' ],
26 silly audit   lmdb: [ '3.0.13' ],
26 silly audit   'loader-runner': [ '4.3.0' ],
26 silly audit   'locate-path': [ '7.2.0' ],
26 silly audit   lodash: [ '4.17.21' ],
26 silly audit   'lodash.debounce': [ '4.0.8' ],
26 silly audit   'log-symbols': [ '4.1.0' ],
26 silly audit   'log-update': [ '6.1.0' ],
26 silly audit   'slice-ansi': [ '7.1.0', '5.0.0' ],
26 silly audit   log4js: [ '6.9.1' ],
26 silly audit   'magic-string': [ '0.30.11' ],
26 silly audit   'make-fetch-happen': [ '13.0.1' ],
26 silly audit   'media-typer': [ '0.3.0' ],
26 silly audit   memfs: [ '4.11.1' ],
26 silly audit   'merge-descriptors': [ '1.0.1' ],
26 silly audit   'merge-stream': [ '2.0.0' ],
26 silly audit   merge2: [ '1.4.1' ],
26 silly audit   methods: [ '1.1.2' ],
26 silly audit   micromatch: [ '4.0.8' ],
26 silly audit   'mime-db': [ '1.52.0' ],
26 silly audit   'mime-types': [ '2.1.35' ],
26 silly audit   'mimic-fn': [ '2.1.0' ],
26 silly audit   'mimic-function': [ '5.0.1' ],
26 silly audit   'mini-css-extract-plugin': [ '2.9.0' ],
26 silly audit   'minimalistic-assert': [ '1.0.1' ],
26 silly audit   minimist: [ '1.2.8' ],
26 silly audit   minipass: [ '7.1.2', '3.3.6', '5.0.0' ],
26 silly audit   'minipass-collect': [ '2.0.1' ],
26 silly audit   'minipass-fetch': [ '3.0.5' ],
26 silly audit   'minipass-flush': [ '1.0.5' ],
26 silly audit   yallist: [ '4.0.0', '3.1.1' ],
26 silly audit   'minipass-pipeline': [ '1.2.4' ],
26 silly audit   'minipass-sized': [ '1.0.3' ],
26 silly audit   minizlib: [ '2.1.2' ],
26 silly audit   mkdirp: [ '0.5.6', '1.0.4' ],
26 silly audit   mrmime: [ '2.0.0' ],
26 silly audit   msgpackr: [ '1.11.0' ],
26 silly audit   'msgpackr-extract': [ '3.0.3' ],
26 silly audit   'multicast-dns': [ '7.2.5' ],
26 silly audit   'mute-stream': [ '1.0.0' ],
26 silly audit   nanoid: [ '3.3.7' ],
26 silly audit   needle: [ '3.3.1' ],
26 silly audit   negotiator: [ '0.6.3' ],
26 silly audit   'neo-async': [ '2.6.2' ],
26 silly audit   'nice-napi': [ '1.0.2' ],
26 silly audit   'node-addon-api': [ '3.2.1', '6.1.0' ],
26 silly audit   'node-forge': [ '1.3.1' ],
26 silly audit   'node-gyp': [ '10.2.0' ],
26 silly audit   'node-gyp-build': [ '4.8.2' ],
26 silly audit   'node-gyp-build-optional-packages': [ '5.2.2' ],
26 silly audit   'node-releases': [ '2.0.18' ],
26 silly audit   nopt: [ '7.2.1' ],
26 silly audit   'normalize-package-data': [ '6.0.2' ],
26 silly audit   'normalize-path': [ '3.0.0' ],
26 silly audit   'normalize-range': [ '0.1.2' ],
26 silly audit   'npm-bundled': [ '3.0.1' ],
26 silly audit   'npm-install-checks': [ '6.3.0' ],
26 silly audit   'npm-normalize-package-bin': [ '3.0.1' ],
26 silly audit   'npm-package-arg': [ '11.0.3' ],
26 silly audit   'npm-packlist': [ '8.0.2' ],
26 silly audit   'npm-pick-manifest': [ '9.1.0' ],
26 silly audit   'npm-registry-fetch': [ '17.1.0' ],
26 silly audit   'npm-run-path': [ '4.0.1' ],
26 silly audit   'nth-check': [ '2.1.1' ],
26 silly audit   'object-assign': [ '4.1.1' ],
26 silly audit   'object-inspect': [ '1.13.2' ],
26 silly audit   obuf: [ '1.1.2' ],
26 silly audit   'on-headers': [ '1.0.2' ],
26 silly audit   once: [ '1.4.0' ],
26 silly audit   open: [ '10.1.0' ],
26 silly audit   ora: [ '5.4.1' ],
26 silly audit   'restore-cursor': [ '3.1.0', '5.1.0' ],
26 silly audit   'ordered-binary': [ '1.5.1' ],
26 silly audit   'os-tmpdir': [ '1.0.2' ],
26 silly audit   'p-limit': [ '4.0.0' ],
26 silly audit   'p-locate': [ '6.0.0' ],
26 silly audit   'p-map': [ '4.0.0' ],
26 silly audit   'p-retry': [ '6.2.0' ],
26 silly audit   retry: [ '0.13.1', '0.12.0' ],
26 silly audit   'package-json-from-dist': [ '1.0.0' ],
26 silly audit   pacote: [ '18.0.6' ],
26 silly audit   'parent-module': [ '1.0.1' ],
26 silly audit   'parse-json': [ '5.2.0' ],
26 silly audit   'parse-node-version': [ '1.0.1' ],
26 silly audit   parse5: [ '7.1.2' ],
26 silly audit   'parse5-html-rewriting-stream': [ '7.0.0' ],
26 silly audit   'parse5-sax-parser': [ '7.0.0' ],
26 silly audit   parseurl: [ '1.3.3' ],
26 silly audit   'path-exists': [ '5.0.0' ],
26 silly audit   'path-is-absolute': [ '1.0.1' ],
26 silly audit   'path-key': [ '3.1.1' ],
26 silly audit   'path-parse': [ '1.0.7' ],
26 silly audit   'path-scurry': [ '1.11.1' ],
26 silly audit   'path-to-regexp': [ '0.1.7' ],
26 silly audit   'path-type': [ '5.0.0' ],
26 silly audit   picocolors: [ '1.0.1' ],
26 silly audit   pify: [ '4.0.1' ],
26 silly audit   piscina: [ '4.6.1' ],
26 silly audit   'pkg-dir': [ '7.0.0' ],
26 silly audit   postcss: [ '8.4.41' ],
26 silly audit   'postcss-loader': [ '8.1.1' ],
26 silly audit   'postcss-media-query-parser': [ '0.2.3' ],
26 silly audit   'postcss-modules-extract-imports': [ '3.1.0' ],
26 silly audit   'postcss-modules-local-by-default': [ '4.0.5' ],
26 silly audit   'postcss-modules-scope': [ '3.2.0' ],
26 silly audit   'postcss-modules-values': [ '4.0.0' ],
26 silly audit   'postcss-selector-parser': [ '6.1.2' ],
26 silly audit   'postcss-value-parser': [ '4.2.0' ],
26 silly audit   'proc-log': [ '4.2.0' ],
26 silly audit   'process-nextick-args': [ '2.0.1' ],
26 silly audit   'promise-inflight': [ '1.0.1' ],
26 silly audit   'promise-retry': [ '2.0.1' ],
26 silly audit   'proxy-addr': [ '2.0.7' ],
26 silly audit   prr: [ '1.0.1' ],
26 silly audit   punycode: [ '1.4.1', '2.3.1' ],
26 silly audit   qjobs: [ '1.2.0' ],
26 silly audit   qs: [ '6.11.0' ],
26 silly audit   'queue-microtask': [ '1.2.3' ],
26 silly audit   randombytes: [ '2.1.0' ],
26 silly audit   'range-parser': [ '1.2.1' ],
26 silly audit   'raw-body': [ '2.5.2' ],
26 silly audit   readdirp: [ '3.6.0' ],
26 silly audit   'reflect-metadata': [ '0.2.2' ],
26 silly audit   regenerate: [ '1.4.2' ],
26 silly audit   'regenerate-unicode-properties': [ '10.1.1' ],
26 silly audit   'regenerator-runtime': [ '0.14.1' ],
26 silly audit   'regenerator-transform': [ '0.15.2' ],
26 silly audit   'regex-parser': [ '2.3.0' ],
26 silly audit   'regexpu-core': [ '5.3.2' ],
26 silly audit   regjsparser: [ '0.9.1' ],
26 silly audit   'require-directory': [ '2.1.1' ],
26 silly audit   'require-from-string': [ '2.0.2' ],
26 silly audit   'requires-port': [ '1.0.0' ],
26 silly audit   resolve: [ '1.22.8' ],
26 silly audit   'resolve-from': [ '4.0.0' ],
26 silly audit   'resolve-url-loader': [ '5.0.0' ],
26 silly audit   reusify: [ '1.0.4' ],
26 silly audit   rfdc: [ '1.4.1' ],
26 silly audit   rimraf: [ '3.0.2', '5.0.10' ],
26 silly audit   rollup: [ '4.20.0' ],
26 silly audit   'run-applescript': [ '7.0.0' ],
26 silly audit   'run-parallel': [ '1.2.0' ],
26 silly audit   rxjs: [ '7.8.1' ],
26 silly audit   'safer-buffer': [ '2.1.2' ],
26 silly audit   sass: [ '1.77.6' ],
26 silly audit   'sass-loader': [ '16.0.0' ],
26 silly audit   sax: [ '1.4.1' ],
26 silly audit   'schema-utils': [ '4.2.0', '3.3.0' ],
26 silly audit   'select-hose': [ '2.0.0' ],
26 silly audit   selfsigned: [ '2.4.1' ],
26 silly audit   send: [ '0.18.0' ],
26 silly audit   'serialize-javascript': [ '6.0.2' ],
26 silly audit   'serve-index': [ '1.9.1' ],
26 silly audit   setprototypeof: [ '1.1.0', '1.2.0' ],
26 silly audit   'serve-static': [ '1.15.0' ],
26 silly audit   'set-function-length': [ '1.2.2' ],
26 silly audit   'shallow-clone': [ '3.0.1' ],
26 silly audit   'shebang-command': [ '2.0.0' ],
26 silly audit   'shebang-regex': [ '3.0.0' ],
26 silly audit   'shell-quote': [ '1.8.1' ],
26 silly audit   'side-channel': [ '1.0.6' ],
26 silly audit   sigstore: [ '2.3.1' ],
26 silly audit   slash: [ '5.1.0' ],
26 silly audit   'smart-buffer': [ '4.2.0' ],
26 silly audit   'socket.io': [ '4.7.5' ],
26 silly audit   'socket.io-adapter': [ '2.5.5' ],
26 silly audit   'socket.io-parser': [ '4.2.4' ],
26 silly audit   sockjs: [ '0.3.24' ],
26 silly audit   socks: [ '2.8.3' ],
26 silly audit   'socks-proxy-agent': [ '8.0.4' ],
26 silly audit   'source-map-js': [ '1.2.0' ],
26 silly audit   'source-map-loader': [ '5.0.0' ],
26 silly audit   'source-map-support': [ '0.5.21' ],
26 silly audit   'spdx-correct': [ '3.2.0' ],
26 silly audit   'spdx-exceptions': [ '2.5.0' ],
26 silly audit   'spdx-expression-parse': [ '3.0.1' ],
26 silly audit   'spdx-license-ids': [ '3.0.20' ],
26 silly audit   spdy: [ '4.0.2' ],
26 silly audit   'spdy-transport': [ '3.0.0' ],
26 silly audit   'sprintf-js': [ '1.1.3' ],
26 silly audit   ssri: [ '10.0.6' ],
26 silly audit   streamroller: [ '3.1.5' ],
26 silly audit   'strip-final-newline': [ '2.0.0' ],
26 silly audit   'supports-preserve-symlinks-flag': [ '1.0.0' ],
26 silly audit   'symbol-observable': [ '4.0.0' ],
26 silly audit   tapable: [ '2.2.1' ],
26 silly audit   tar: [ '6.2.1' ],
26 silly audit   terser: [ '5.31.6' ],
26 silly audit   'terser-webpack-plugin': [ '5.3.10' ],
26 silly audit   thingies: [ '1.21.0' ],
26 silly audit   thunky: [ '1.1.0' ],
26 silly audit   'to-fast-properties': [ '2.0.0' ],
26 silly audit   'to-regex-range': [ '5.0.1' ],
26 silly audit   toidentifier: [ '1.0.1' ],
26 silly audit   'tree-dump': [ '1.0.2' ],
26 silly audit   'tree-kill': [ '1.2.2' ],
26 silly audit   'tuf-js': [ '2.2.1' ],
26 silly audit   'type-fest': [ '0.21.3' ],
26 silly audit   'type-is': [ '1.6.18' ],
26 silly audit   'typed-assert': [ '1.0.9' ],
26 silly audit   typescript: [ '5.5.4' ],
26 silly audit   'ua-parser-js': [ '0.7.38' ],
26 silly audit   'unicode-canonical-property-names-ecmascript': [ '2.0.0' ],
26 silly audit   'unicode-match-property-ecmascript': [ '2.0.0' ],
26 silly audit   'unicode-match-property-value-ecmascript': [ '2.1.0' ],
26 silly audit   'unicode-property-aliases-ecmascript': [ '2.1.0' ],
26 silly audit   'unicorn-magic': [ '0.1.0' ],
26 silly audit   'unique-filename': [ '3.0.0' ],
26 silly audit   'unique-slug': [ '4.0.0' ],
26 silly audit   universalify: [ '0.1.2' ],
26 silly audit   unpipe: [ '1.0.0' ],
26 silly audit   'update-browserslist-db': [ '1.1.0' ],
26 silly audit   'uri-js': [ '4.4.1' ],
26 silly audit   'util-deprecate': [ '1.0.2' ],
26 silly audit   'utils-merge': [ '1.0.1' ],
26 silly audit   uuid: [ '8.3.2' ],
26 silly audit   'validate-npm-package-license': [ '3.0.4' ],
26 silly audit   'validate-npm-package-name': [ '5.0.1' ],
26 silly audit   vary: [ '1.1.2' ],
26 silly audit   vite: [ '5.4.0' ],
26 silly audit   'void-elements': [ '2.0.1' ],
26 silly audit   watchpack: [ '2.4.1' ],
26 silly audit   wbuf: [ '1.7.3' ],
26 silly audit   wcwidth: [ '1.0.1' ],
26 silly audit   'weak-lru-cache': [ '1.2.2' ],
26 silly audit   webpack: [ '5.94.0' ],
26 silly audit   'webpack-dev-middleware': [ '7.3.0' ],
26 silly audit   'webpack-dev-server': [ '5.0.4' ],
26 silly audit   'webpack-merge': [ '6.0.1' ],
26 silly audit   'webpack-sources': [ '3.2.3' ],
26 silly audit   'webpack-subresource-integrity': [ '5.1.0' ],
26 silly audit   'websocket-driver': [ '0.7.4' ],
26 silly audit   'websocket-extensions': [ '0.1.4' ],
26 silly audit   wildcard: [ '2.0.1' ],
26 silly audit   wrappy: [ '1.0.2' ],
26 silly audit   ws: [ '8.17.1' ],
26 silly audit   xhr2: [ '0.2.1' ],
26 silly audit   y18n: [ '5.0.8' ],
26 silly audit   'yocto-queue': [ '1.1.1' ],
26 silly audit   'yoctocolors-cjs': [ '2.1.2' ],
26 silly audit   'zone.js': [ '0.14.10' ],
26 silly audit   bootstrap: [ '5.3.3' ],
26 silly audit   '@popperjs/core': [ '2.11.8' ]
26 silly audit }
27 verbose reify failed optional dependency C:\Users\Faneva_ANDRIANAINA\Desktop\PGG4P\node_modules\nice-napi
28 silly reify mark deleted [
28 silly reify   'C:\\Users\\Faneva_ANDRIANAINA\\Desktop\\PGG4P\\node_modules\\nice-napi'
28 silly reify ]
29 verbose reify failed optional dependency C:\Users\Faneva_ANDRIANAINA\Desktop\PGG4P\node_modules\nice-napi\node_modules\node-addon-api
30 silly reify mark deleted [
30 silly reify   'C:\\Users\\Faneva_ANDRIANAINA\\Desktop\\PGG4P\\node_modules\\nice-napi\\node_modules\\node-addon-api'
30 silly reify ]
31 verbose reify failed optional dependency C:\Users\Faneva_ANDRIANAINA\Desktop\PGG4P\node_modules\node-gyp-build
32 silly reify mark deleted [
32 silly reify   'C:\\Users\\Faneva_ANDRIANAINA\\Desktop\\PGG4P\\node_modules\\node-gyp-build',
32 silly reify   'C:\\Users\\Faneva_ANDRIANAINA\\Desktop\\PGG4P\\node_modules\\.bin\\node-gyp-build',
32 silly reify   'C:\\Users\\Faneva_ANDRIANAINA\\Desktop\\PGG4P\\node_modules\\.bin\\node-gyp-build.cmd',
32 silly reify   'C:\\Users\\Faneva_ANDRIANAINA\\Desktop\\PGG4P\\node_modules\\.bin\\node-gyp-build.ps1',
32 silly reify   'C:\\Users\\Faneva_ANDRIANAINA\\Desktop\\PGG4P\\node_modules\\.bin\\node-gyp-build-optional',
32 silly reify   'C:\\Users\\Faneva_ANDRIANAINA\\Desktop\\PGG4P\\node_modules\\.bin\\node-gyp-build-optional.cmd',
32 silly reify   'C:\\Users\\Faneva_ANDRIANAINA\\Desktop\\PGG4P\\node_modules\\.bin\\node-gyp-build-optional.ps1',
32 silly reify   'C:\\Users\\Faneva_ANDRIANAINA\\Desktop\\PGG4P\\node_modules\\.bin\\node-gyp-build-test',
32 silly reify   'C:\\Users\\Faneva_ANDRIANAINA\\Desktop\\PGG4P\\node_modules\\.bin\\node-gyp-build-test.cmd',
32 silly reify   'C:\\Users\\Faneva_ANDRIANAINA\\Desktop\\PGG4P\\node_modules\\.bin\\node-gyp-build-test.ps1'
32 silly reify ]
33 verbose reify failed optional dependency C:\Users\Faneva_ANDRIANAINA\Desktop\PGG4P\node_modules\fsevents
34 silly reify mark deleted [
34 silly reify   'C:\\Users\\Faneva_ANDRIANAINA\\Desktop\\PGG4P\\node_modules\\fsevents'
34 silly reify ]
35 verbose reify failed optional dependency C:\Users\Faneva_ANDRIANAINA\Desktop\PGG4P\node_modules\@rollup\rollup-win32-ia32-msvc
36 silly reify mark deleted [
36 silly reify   'C:\\Users\\Faneva_ANDRIANAINA\\Desktop\\PGG4P\\node_modules\\@rollup\\rollup-win32-ia32-msvc'
36 silly reify ]
37 verbose reify failed optional dependency C:\Users\Faneva_ANDRIANAINA\Desktop\PGG4P\node_modules\@rollup\rollup-win32-arm64-msvc
38 silly reify mark deleted [
38 silly reify   'C:\\Users\\Faneva_ANDRIANAINA\\Desktop\\PGG4P\\node_modules\\@rollup\\rollup-win32-arm64-msvc'
38 silly reify ]
39 verbose reify failed optional dependency C:\Users\Faneva_ANDRIANAINA\Desktop\PGG4P\node_modules\@rollup\rollup-linux-x64-musl
40 silly reify mark deleted [
40 silly reify   'C:\\Users\\Faneva_ANDRIANAINA\\Desktop\\PGG4P\\node_modules\\@rollup\\rollup-linux-x64-musl'
40 silly reify ]
41 verbose reify failed optional dependency C:\Users\Faneva_ANDRIANAINA\Desktop\PGG4P\node_modules\@rollup\rollup-linux-x64-gnu
42 silly reify mark deleted [
42 silly reify   'C:\\Users\\Faneva_ANDRIANAINA\\Desktop\\PGG4P\\node_modules\\@rollup\\rollup-linux-x64-gnu'
42 silly reify ]
43 verbose reify failed optional dependency C:\Users\Faneva_ANDRIANAINA\Desktop\PGG4P\node_modules\@rollup\rollup-linux-s390x-gnu
44 silly reify mark deleted [
44 silly reify   'C:\\Users\\Faneva_ANDRIANAINA\\Desktop\\PGG4P\\node_modules\\@rollup\\rollup-linux-s390x-gnu'
44 silly reify ]
45 verbose reify failed optional dependency C:\Users\Faneva_ANDRIANAINA\Desktop\PGG4P\node_modules\@rollup\rollup-linux-riscv64-gnu
46 silly reify mark deleted [
46 silly reify   'C:\\Users\\Faneva_ANDRIANAINA\\Desktop\\PGG4P\\node_modules\\@rollup\\rollup-linux-riscv64-gnu'
46 silly reify ]
47 verbose reify failed optional dependency C:\Users\Faneva_ANDRIANAINA\Desktop\PGG4P\node_modules\@rollup\rollup-linux-powerpc64le-gnu
48 silly reify mark deleted [
48 silly reify   'C:\\Users\\Faneva_ANDRIANAINA\\Desktop\\PGG4P\\node_modules\\@rollup\\rollup-linux-powerpc64le-gnu'
48 silly reify ]
49 verbose reify failed optional dependency C:\Users\Faneva_ANDRIANAINA\Desktop\PGG4P\node_modules\@rollup\rollup-linux-arm64-musl
50 silly reify mark deleted [
50 silly reify   'C:\\Users\\Faneva_ANDRIANAINA\\Desktop\\PGG4P\\node_modules\\@rollup\\rollup-linux-arm64-musl'
50 silly reify ]
51 verbose reify failed optional dependency C:\Users\Faneva_ANDRIANAINA\Desktop\PGG4P\node_modules\@rollup\rollup-linux-arm64-gnu
52 silly reify mark deleted [
52 silly reify   'C:\\Users\\Faneva_ANDRIANAINA\\Desktop\\PGG4P\\node_modules\\@rollup\\rollup-linux-arm64-gnu'
52 silly reify ]
53 verbose reify failed optional dependency C:\Users\Faneva_ANDRIANAINA\Desktop\PGG4P\node_modules\@rollup\rollup-linux-arm-musleabihf
54 silly reify mark deleted [
54 silly reify   'C:\\Users\\Faneva_ANDRIANAINA\\Desktop\\PGG4P\\node_modules\\@rollup\\rollup-linux-arm-musleabihf'
54 silly reify ]
55 verbose reify failed optional dependency C:\Users\Faneva_ANDRIANAINA\Desktop\PGG4P\node_modules\@rollup\rollup-linux-arm-gnueabihf
56 silly reify mark deleted [
56 silly reify   'C:\\Users\\Faneva_ANDRIANAINA\\Desktop\\PGG4P\\node_modules\\@rollup\\rollup-linux-arm-gnueabihf'
56 silly reify ]
57 verbose reify failed optional dependency C:\Users\Faneva_ANDRIANAINA\Desktop\PGG4P\node_modules\@rollup\rollup-darwin-x64
58 silly reify mark deleted [
58 silly reify   'C:\\Users\\Faneva_ANDRIANAINA\\Desktop\\PGG4P\\node_modules\\@rollup\\rollup-darwin-x64'
58 silly reify ]
59 verbose reify failed optional dependency C:\Users\Faneva_ANDRIANAINA\Desktop\PGG4P\node_modules\@rollup\rollup-darwin-arm64
60 silly reify mark deleted [
60 silly reify   'C:\\Users\\Faneva_ANDRIANAINA\\Desktop\\PGG4P\\node_modules\\@rollup\\rollup-darwin-arm64'
60 silly reify ]
61 verbose reify failed optional dependency C:\Users\Faneva_ANDRIANAINA\Desktop\PGG4P\node_modules\@rollup\rollup-android-arm64
62 silly reify mark deleted [
62 silly reify   'C:\\Users\\Faneva_ANDRIANAINA\\Desktop\\PGG4P\\node_modules\\@rollup\\rollup-android-arm64'
62 silly reify ]
63 verbose reify failed optional dependency C:\Users\Faneva_ANDRIANAINA\Desktop\PGG4P\node_modules\@rollup\rollup-android-arm-eabi
64 silly reify mark deleted [
64 silly reify   'C:\\Users\\Faneva_ANDRIANAINA\\Desktop\\PGG4P\\node_modules\\@rollup\\rollup-android-arm-eabi'
64 silly reify ]
65 verbose reify failed optional dependency C:\Users\Faneva_ANDRIANAINA\Desktop\PGG4P\node_modules\@msgpackr-extract\msgpackr-extract-linux-x64
66 silly reify mark deleted [
66 silly reify   'C:\\Users\\Faneva_ANDRIANAINA\\Desktop\\PGG4P\\node_modules\\@msgpackr-extract\\msgpackr-extract-linux-x64'
66 silly reify ]
67 verbose reify failed optional dependency C:\Users\Faneva_ANDRIANAINA\Desktop\PGG4P\node_modules\@msgpackr-extract\msgpackr-extract-linux-arm64
68 silly reify mark deleted [
68 silly reify   'C:\\Users\\Faneva_ANDRIANAINA\\Desktop\\PGG4P\\node_modules\\@msgpackr-extract\\msgpackr-extract-linux-arm64'
68 silly reify ]
69 verbose reify failed optional dependency C:\Users\Faneva_ANDRIANAINA\Desktop\PGG4P\node_modules\@msgpackr-extract\msgpackr-extract-linux-arm
70 silly reify mark deleted [
70 silly reify   'C:\\Users\\Faneva_ANDRIANAINA\\Desktop\\PGG4P\\node_modules\\@msgpackr-extract\\msgpackr-extract-linux-arm'
70 silly reify ]
71 verbose reify failed optional dependency C:\Users\Faneva_ANDRIANAINA\Desktop\PGG4P\node_modules\@msgpackr-extract\msgpackr-extract-darwin-x64
72 silly reify mark deleted [
72 silly reify   'C:\\Users\\Faneva_ANDRIANAINA\\Desktop\\PGG4P\\node_modules\\@msgpackr-extract\\msgpackr-extract-darwin-x64'
72 silly reify ]
73 verbose reify failed optional dependency C:\Users\Faneva_ANDRIANAINA\Desktop\PGG4P\node_modules\@msgpackr-extract\msgpackr-extract-darwin-arm64
74 silly reify mark deleted [
74 silly reify   'C:\\Users\\Faneva_ANDRIANAINA\\Desktop\\PGG4P\\node_modules\\@msgpackr-extract\\msgpackr-extract-darwin-arm64'
74 silly reify ]
75 verbose reify failed optional dependency C:\Users\Faneva_ANDRIANAINA\Desktop\PGG4P\node_modules\@lmdb\lmdb-linux-x64
76 silly reify mark deleted [
76 silly reify   'C:\\Users\\Faneva_ANDRIANAINA\\Desktop\\PGG4P\\node_modules\\@lmdb\\lmdb-linux-x64'
76 silly reify ]
77 verbose reify failed optional dependency C:\Users\Faneva_ANDRIANAINA\Desktop\PGG4P\node_modules\@lmdb\lmdb-linux-arm64
78 silly reify mark deleted [
78 silly reify   'C:\\Users\\Faneva_ANDRIANAINA\\Desktop\\PGG4P\\node_modules\\@lmdb\\lmdb-linux-arm64'
78 silly reify ]
79 verbose reify failed optional dependency C:\Users\Faneva_ANDRIANAINA\Desktop\PGG4P\node_modules\@lmdb\lmdb-linux-arm
80 silly reify mark deleted [
80 silly reify   'C:\\Users\\Faneva_ANDRIANAINA\\Desktop\\PGG4P\\node_modules\\@lmdb\\lmdb-linux-arm'
80 silly reify ]
81 verbose reify failed optional dependency C:\Users\Faneva_ANDRIANAINA\Desktop\PGG4P\node_modules\@lmdb\lmdb-darwin-x64
82 silly reify mark deleted [
82 silly reify   'C:\\Users\\Faneva_ANDRIANAINA\\Desktop\\PGG4P\\node_modules\\@lmdb\\lmdb-darwin-x64'
82 silly reify ]
83 verbose reify failed optional dependency C:\Users\Faneva_ANDRIANAINA\Desktop\PGG4P\node_modules\@lmdb\lmdb-darwin-arm64
84 silly reify mark deleted [
84 silly reify   'C:\\Users\\Faneva_ANDRIANAINA\\Desktop\\PGG4P\\node_modules\\@lmdb\\lmdb-darwin-arm64'
84 silly reify ]
85 verbose reify failed optional dependency C:\Users\Faneva_ANDRIANAINA\Desktop\PGG4P\node_modules\@esbuild\win32-ia32
86 silly reify mark deleted [
86 silly reify   'C:\\Users\\Faneva_ANDRIANAINA\\Desktop\\PGG4P\\node_modules\\@esbuild\\win32-ia32'
86 silly reify ]
87 verbose reify failed optional dependency C:\Users\Faneva_ANDRIANAINA\Desktop\PGG4P\node_modules\@esbuild\win32-arm64
88 silly reify mark deleted [
88 silly reify   'C:\\Users\\Faneva_ANDRIANAINA\\Desktop\\PGG4P\\node_modules\\@esbuild\\win32-arm64'
88 silly reify ]
89 verbose reify failed optional dependency C:\Users\Faneva_ANDRIANAINA\Desktop\PGG4P\node_modules\@esbuild\sunos-x64
90 silly reify mark deleted [
90 silly reify   'C:\\Users\\Faneva_ANDRIANAINA\\Desktop\\PGG4P\\node_modules\\@esbuild\\sunos-x64'
90 silly reify ]
91 verbose reify failed optional dependency C:\Users\Faneva_ANDRIANAINA\Desktop\PGG4P\node_modules\@esbuild\openbsd-x64
92 silly reify mark deleted [
92 silly reify   'C:\\Users\\Faneva_ANDRIANAINA\\Desktop\\PGG4P\\node_modules\\@esbuild\\openbsd-x64'
92 silly reify ]
93 verbose reify failed optional dependency C:\Users\Faneva_ANDRIANAINA\Desktop\PGG4P\node_modules\@esbuild\openbsd-arm64
94 silly reify mark deleted [
94 silly reify   'C:\\Users\\Faneva_ANDRIANAINA\\Desktop\\PGG4P\\node_modules\\@esbuild\\openbsd-arm64'
94 silly reify ]
95 verbose reify failed optional dependency C:\Users\Faneva_ANDRIANAINA\Desktop\PGG4P\node_modules\@esbuild\netbsd-x64
96 silly reify mark deleted [
96 silly reify   'C:\\Users\\Faneva_ANDRIANAINA\\Desktop\\PGG4P\\node_modules\\@esbuild\\netbsd-x64'
96 silly reify ]
97 verbose reify failed optional dependency C:\Users\Faneva_ANDRIANAINA\Desktop\PGG4P\node_modules\@esbuild\linux-x64
98 silly reify mark deleted [
98 silly reify   'C:\\Users\\Faneva_ANDRIANAINA\\Desktop\\PGG4P\\node_modules\\@esbuild\\linux-x64'
98 silly reify ]
99 verbose reify failed optional dependency C:\Users\Faneva_ANDRIANAINA\Desktop\PGG4P\node_modules\@esbuild\linux-s390x
100 silly reify mark deleted [
100 silly reify   'C:\\Users\\Faneva_ANDRIANAINA\\Desktop\\PGG4P\\node_modules\\@esbuild\\linux-s390x'
100 silly reify ]
101 verbose reify failed optional dependency C:\Users\Faneva_ANDRIANAINA\Desktop\PGG4P\node_modules\@esbuild\linux-riscv64
102 silly reify mark deleted [
102 silly reify   'C:\\Users\\Faneva_ANDRIANAINA\\Desktop\\PGG4P\\node_modules\\@esbuild\\linux-riscv64'
102 silly reify ]
103 verbose reify failed optional dependency C:\Users\Faneva_ANDRIANAINA\Desktop\PGG4P\node_modules\@esbuild\linux-ppc64
104 silly reify mark deleted [
104 silly reify   'C:\\Users\\Faneva_ANDRIANAINA\\Desktop\\PGG4P\\node_modules\\@esbuild\\linux-ppc64'
104 silly reify ]
105 verbose reify failed optional dependency C:\Users\Faneva_ANDRIANAINA\Desktop\PGG4P\node_modules\@esbuild\linux-mips64el
106 silly reify mark deleted [
106 silly reify   'C:\\Users\\Faneva_ANDRIANAINA\\Desktop\\PGG4P\\node_modules\\@esbuild\\linux-mips64el'
106 silly reify ]
107 verbose reify failed optional dependency C:\Users\Faneva_ANDRIANAINA\Desktop\PGG4P\node_modules\@esbuild\linux-loong64
108 silly reify mark deleted [
108 silly reify   'C:\\Users\\Faneva_ANDRIANAINA\\Desktop\\PGG4P\\node_modules\\@esbuild\\linux-loong64'
108 silly reify ]
109 verbose reify failed optional dependency C:\Users\Faneva_ANDRIANAINA\Desktop\PGG4P\node_modules\@esbuild\linux-ia32
110 silly reify mark deleted [
110 silly reify   'C:\\Users\\Faneva_ANDRIANAINA\\Desktop\\PGG4P\\node_modules\\@esbuild\\linux-ia32'
110 silly reify ]
111 verbose reify failed optional dependency C:\Users\Faneva_ANDRIANAINA\Desktop\PGG4P\node_modules\@esbuild\linux-arm64
112 silly reify mark deleted [
112 silly reify   'C:\\Users\\Faneva_ANDRIANAINA\\Desktop\\PGG4P\\node_modules\\@esbuild\\linux-arm64'
112 silly reify ]
113 verbose reify failed optional dependency C:\Users\Faneva_ANDRIANAINA\Desktop\PGG4P\node_modules\@esbuild\linux-arm
114 silly reify mark deleted [
114 silly reify   'C:\\Users\\Faneva_ANDRIANAINA\\Desktop\\PGG4P\\node_modules\\@esbuild\\linux-arm'
114 silly reify ]
115 verbose reify failed optional dependency C:\Users\Faneva_ANDRIANAINA\Desktop\PGG4P\node_modules\@esbuild\freebsd-x64
116 silly reify mark deleted [
116 silly reify   'C:\\Users\\Faneva_ANDRIANAINA\\Desktop\\PGG4P\\node_modules\\@esbuild\\freebsd-x64'
116 silly reify ]
117 verbose reify failed optional dependency C:\Users\Faneva_ANDRIANAINA\Desktop\PGG4P\node_modules\@esbuild\freebsd-arm64
118 silly reify mark deleted [
118 silly reify   'C:\\Users\\Faneva_ANDRIANAINA\\Desktop\\PGG4P\\node_modules\\@esbuild\\freebsd-arm64'
118 silly reify ]
119 verbose reify failed optional dependency C:\Users\Faneva_ANDRIANAINA\Desktop\PGG4P\node_modules\@esbuild\darwin-x64
120 silly reify mark deleted [
120 silly reify   'C:\\Users\\Faneva_ANDRIANAINA\\Desktop\\PGG4P\\node_modules\\@esbuild\\darwin-x64'
120 silly reify ]
121 verbose reify failed optional dependency C:\Users\Faneva_ANDRIANAINA\Desktop\PGG4P\node_modules\@esbuild\darwin-arm64
122 silly reify mark deleted [
122 silly reify   'C:\\Users\\Faneva_ANDRIANAINA\\Desktop\\PGG4P\\node_modules\\@esbuild\\darwin-arm64'
122 silly reify ]
123 verbose reify failed optional dependency C:\Users\Faneva_ANDRIANAINA\Desktop\PGG4P\node_modules\@esbuild\android-x64
124 silly reify mark deleted [
124 silly reify   'C:\\Users\\Faneva_ANDRIANAINA\\Desktop\\PGG4P\\node_modules\\@esbuild\\android-x64'
124 silly reify ]
125 verbose reify failed optional dependency C:\Users\Faneva_ANDRIANAINA\Desktop\PGG4P\node_modules\@esbuild\android-arm64
126 silly reify mark deleted [
126 silly reify   'C:\\Users\\Faneva_ANDRIANAINA\\Desktop\\PGG4P\\node_modules\\@esbuild\\android-arm64'
126 silly reify ]
127 verbose reify failed optional dependency C:\Users\Faneva_ANDRIANAINA\Desktop\PGG4P\node_modules\@esbuild\android-arm
128 silly reify mark deleted [
128 silly reify   'C:\\Users\\Faneva_ANDRIANAINA\\Desktop\\PGG4P\\node_modules\\@esbuild\\android-arm'
128 silly reify ]
129 verbose reify failed optional dependency C:\Users\Faneva_ANDRIANAINA\Desktop\PGG4P\node_modules\@esbuild\aix-ppc64
130 silly reify mark deleted [
130 silly reify   'C:\\Users\\Faneva_ANDRIANAINA\\Desktop\\PGG4P\\node_modules\\@esbuild\\aix-ppc64'
130 silly reify ]
131 verbose reify failed optional dependency C:\Users\Faneva_ANDRIANAINA\Desktop\PGG4P\node_modules\vite\node_modules\@esbuild\win32-ia32
132 silly reify mark deleted [
132 silly reify   'C:\\Users\\Faneva_ANDRIANAINA\\Desktop\\PGG4P\\node_modules\\vite\\node_modules\\@esbuild\\win32-ia32'
132 silly reify ]
133 verbose reify failed optional dependency C:\Users\Faneva_ANDRIANAINA\Desktop\PGG4P\node_modules\vite\node_modules\@esbuild\win32-arm64
134 silly reify mark deleted [
134 silly reify   'C:\\Users\\Faneva_ANDRIANAINA\\Desktop\\PGG4P\\node_modules\\vite\\node_modules\\@esbuild\\win32-arm64'
134 silly reify ]
135 verbose reify failed optional dependency C:\Users\Faneva_ANDRIANAINA\Desktop\PGG4P\node_modules\vite\node_modules\@esbuild\sunos-x64
136 silly reify mark deleted [
136 silly reify   'C:\\Users\\Faneva_ANDRIANAINA\\Desktop\\PGG4P\\node_modules\\vite\\node_modules\\@esbuild\\sunos-x64'
136 silly reify ]
137 verbose reify failed optional dependency C:\Users\Faneva_ANDRIANAINA\Desktop\PGG4P\node_modules\vite\node_modules\@esbuild\openbsd-x64
138 silly reify mark deleted [
138 silly reify   'C:\\Users\\Faneva_ANDRIANAINA\\Desktop\\PGG4P\\node_modules\\vite\\node_modules\\@esbuild\\openbsd-x64'
138 silly reify ]
139 verbose reify failed optional dependency C:\Users\Faneva_ANDRIANAINA\Desktop\PGG4P\node_modules\vite\node_modules\@esbuild\netbsd-x64
140 silly reify mark deleted [
140 silly reify   'C:\\Users\\Faneva_ANDRIANAINA\\Desktop\\PGG4P\\node_modules\\vite\\node_modules\\@esbuild\\netbsd-x64'
140 silly reify ]
141 verbose reify failed optional dependency C:\Users\Faneva_ANDRIANAINA\Desktop\PGG4P\node_modules\vite\node_modules\@esbuild\linux-x64
142 silly reify mark deleted [
142 silly reify   'C:\\Users\\Faneva_ANDRIANAINA\\Desktop\\PGG4P\\node_modules\\vite\\node_modules\\@esbuild\\linux-x64'
142 silly reify ]
143 verbose reify failed optional dependency C:\Users\Faneva_ANDRIANAINA\Desktop\PGG4P\node_modules\vite\node_modules\@esbuild\linux-s390x
144 silly reify mark deleted [
144 silly reify   'C:\\Users\\Faneva_ANDRIANAINA\\Desktop\\PGG4P\\node_modules\\vite\\node_modules\\@esbuild\\linux-s390x'
144 silly reify ]
145 verbose reify failed optional dependency C:\Users\Faneva_ANDRIANAINA\Desktop\PGG4P\node_modules\vite\node_modules\@esbuild\linux-riscv64
146 silly reify mark deleted [
146 silly reify   'C:\\Users\\Faneva_ANDRIANAINA\\Desktop\\PGG4P\\node_modules\\vite\\node_modules\\@esbuild\\linux-riscv64'
146 silly reify ]
147 verbose reify failed optional dependency C:\Users\Faneva_ANDRIANAINA\Desktop\PGG4P\node_modules\vite\node_modules\@esbuild\linux-ppc64
148 silly reify mark deleted [
148 silly reify   'C:\\Users\\Faneva_ANDRIANAINA\\Desktop\\PGG4P\\node_modules\\vite\\node_modules\\@esbuild\\linux-ppc64'
148 silly reify ]
149 verbose reify failed optional dependency C:\Users\Faneva_ANDRIANAINA\Desktop\PGG4P\node_modules\vite\node_modules\@esbuild\linux-mips64el
150 silly reify mark deleted [
150 silly reify   'C:\\Users\\Faneva_ANDRIANAINA\\Desktop\\PGG4P\\node_modules\\vite\\node_modules\\@esbuild\\linux-mips64el'
150 silly reify ]
151 verbose reify failed optional dependency C:\Users\Faneva_ANDRIANAINA\Desktop\PGG4P\node_modules\vite\node_modules\@esbuild\linux-loong64
152 silly reify mark deleted [
152 silly reify   'C:\\Users\\Faneva_ANDRIANAINA\\Desktop\\PGG4P\\node_modules\\vite\\node_modules\\@esbuild\\linux-loong64'
152 silly reify ]
153 verbose reify failed optional dependency C:\Users\Faneva_ANDRIANAINA\Desktop\PGG4P\node_modules\vite\node_modules\@esbuild\linux-ia32
154 silly reify mark deleted [
154 silly reify   'C:\\Users\\Faneva_ANDRIANAINA\\Desktop\\PGG4P\\node_modules\\vite\\node_modules\\@esbuild\\linux-ia32'
154 silly reify ]
155 verbose reify failed optional dependency C:\Users\Faneva_ANDRIANAINA\Desktop\PGG4P\node_modules\vite\node_modules\@esbuild\linux-arm64
156 silly reify mark deleted [
156 silly reify   'C:\\Users\\Faneva_ANDRIANAINA\\Desktop\\PGG4P\\node_modules\\vite\\node_modules\\@esbuild\\linux-arm64'
156 silly reify ]
157 verbose reify failed optional dependency C:\Users\Faneva_ANDRIANAINA\Desktop\PGG4P\node_modules\vite\node_modules\@esbuild\linux-arm
158 silly reify mark deleted [
158 silly reify   'C:\\Users\\Faneva_ANDRIANAINA\\Desktop\\PGG4P\\node_modules\\vite\\node_modules\\@esbuild\\linux-arm'
158 silly reify ]
159 verbose reify failed optional dependency C:\Users\Faneva_ANDRIANAINA\Desktop\PGG4P\node_modules\vite\node_modules\@esbuild\freebsd-x64
160 silly reify mark deleted [
160 silly reify   'C:\\Users\\Faneva_ANDRIANAINA\\Desktop\\PGG4P\\node_modules\\vite\\node_modules\\@esbuild\\freebsd-x64'
160 silly reify ]
161 verbose reify failed optional dependency C:\Users\Faneva_ANDRIANAINA\Desktop\PGG4P\node_modules\vite\node_modules\@esbuild\freebsd-arm64
162 silly reify mark deleted [
162 silly reify   'C:\\Users\\Faneva_ANDRIANAINA\\Desktop\\PGG4P\\node_modules\\vite\\node_modules\\@esbuild\\freebsd-arm64'
162 silly reify ]
163 verbose reify failed optional dependency C:\Users\Faneva_ANDRIANAINA\Desktop\PGG4P\node_modules\vite\node_modules\@esbuild\darwin-x64
164 silly reify mark deleted [
164 silly reify   'C:\\Users\\Faneva_ANDRIANAINA\\Desktop\\PGG4P\\node_modules\\vite\\node_modules\\@esbuild\\darwin-x64'
164 silly reify ]
165 verbose reify failed optional dependency C:\Users\Faneva_ANDRIANAINA\Desktop\PGG4P\node_modules\vite\node_modules\@esbuild\darwin-arm64
166 silly reify mark deleted [
166 silly reify   'C:\\Users\\Faneva_ANDRIANAINA\\Desktop\\PGG4P\\node_modules\\vite\\node_modules\\@esbuild\\darwin-arm64'
166 silly reify ]
167 verbose reify failed optional dependency C:\Users\Faneva_ANDRIANAINA\Desktop\PGG4P\node_modules\vite\node_modules\@esbuild\android-x64
168 silly reify mark deleted [
168 silly reify   'C:\\Users\\Faneva_ANDRIANAINA\\Desktop\\PGG4P\\node_modules\\vite\\node_modules\\@esbuild\\android-x64'
168 silly reify ]
169 verbose reify failed optional dependency C:\Users\Faneva_ANDRIANAINA\Desktop\PGG4P\node_modules\vite\node_modules\@esbuild\android-arm64
170 silly reify mark deleted [
170 silly reify   'C:\\Users\\Faneva_ANDRIANAINA\\Desktop\\PGG4P\\node_modules\\vite\\node_modules\\@esbuild\\android-arm64'
170 silly reify ]
171 verbose reify failed optional dependency C:\Users\Faneva_ANDRIANAINA\Desktop\PGG4P\node_modules\vite\node_modules\@esbuild\android-arm
172 silly reify mark deleted [
172 silly reify   'C:\\Users\\Faneva_ANDRIANAINA\\Desktop\\PGG4P\\node_modules\\vite\\node_modules\\@esbuild\\android-arm'
172 silly reify ]
173 verbose reify failed optional dependency C:\Users\Faneva_ANDRIANAINA\Desktop\PGG4P\node_modules\vite\node_modules\@esbuild\aix-ppc64
174 silly reify mark deleted [
174 silly reify   'C:\\Users\\Faneva_ANDRIANAINA\\Desktop\\PGG4P\\node_modules\\vite\\node_modules\\@esbuild\\aix-ppc64'
174 silly reify ]
175 http fetch POST 200 https://registry.npmjs.org/-/npm/v1/security/advisories/bulk 582ms
176 silly audit report {
176 silly audit report   'body-parser': [
176 silly audit report     {
176 silly audit report       id: 1099520,
176 silly audit report       url: 'https://github.com/advisories/GHSA-qwcr-r2fm-qrc7',
176 silly audit report       title: 'body-parser vulnerable to denial of service when url encoding is enabled',
176 silly audit report       severity: 'high',
176 silly audit report       vulnerable_versions: '<1.20.3',
176 silly audit report       cwe: [Array],
176 silly audit report       cvss: [Object]
176 silly audit report     }
176 silly audit report   ],
176 silly audit report   express: [
176 silly audit report     {
176 silly audit report       id: 1099529,
176 silly audit report       url: 'https://github.com/advisories/GHSA-qw6h-vgh9-j6wx',
176 silly audit report       title: 'express vulnerable to XSS via response.redirect()',
176 silly audit report       severity: 'moderate',
176 silly audit report       vulnerable_versions: '<4.20.0',
176 silly audit report       cwe: [Array],
176 silly audit report       cvss: [Object]
176 silly audit report     }
176 silly audit report   ],
176 silly audit report   'path-to-regexp': [
176 silly audit report     {
176 silly audit report       id: 1099562,
176 silly audit report       url: 'https://github.com/advisories/GHSA-9wv6-86v2-598j',
176 silly audit report       title: 'path-to-regexp outputs backtracking regular expressions',
176 silly audit report       severity: 'high',
176 silly audit report       vulnerable_versions: '<0.1.10',
176 silly audit report       cwe: [Array],
176 silly audit report       cvss: [Object]
176 silly audit report     }
176 silly audit report   ],
176 silly audit report   send: [
176 silly audit report     {
176 silly audit report       id: 1099525,
176 silly audit report       url: 'https://github.com/advisories/GHSA-m6fv-jmcg-4jfg',
176 silly audit report       title: 'send vulnerable to template injection that can lead to XSS',
176 silly audit report       severity: 'moderate',
176 silly audit report       vulnerable_versions: '<0.19.0',
176 silly audit report       cwe: [Array],
176 silly audit report       cvss: [Object]
176 silly audit report     }
176 silly audit report   ],
176 silly audit report   'serve-static': [
176 silly audit report     {
176 silly audit report       id: 1099527,
176 silly audit report       url: 'https://github.com/advisories/GHSA-cm22-4g7w-348p',
176 silly audit report       title: 'serve-static vulnerable to template injection that can lead to XSS',
176 silly audit report       severity: 'moderate',
176 silly audit report       vulnerable_versions: '<1.16.0',
176 silly audit report       cwe: [Array],
176 silly audit report       cvss: [Object]
176 silly audit report     }
176 silly audit report   ],
176 silly audit report   vite: [
176 silly audit report     {
176 silly audit report       id: 1099626,
176 silly audit report       url: 'https://github.com/advisories/GHSA-64vr-g452-qvp3',
176 silly audit report       title: 'Vite DOM Clobbering gadget found in vite bundled scripts that leads to XSS',
176 silly audit report       severity: 'moderate',
176 silly audit report       vulnerable_versions: '>=5.4.0 <=5.4.5',
176 silly audit report       cwe: [Array],
176 silly audit report       cvss: [Object]
176 silly audit report     },
176 silly audit report     {
176 silly audit report       id: 1099637,
176 silly audit report       url: 'https://github.com/advisories/GHSA-9cwx-2883-4wfx',
176 silly audit report       title: "Vite's `server.fs.deny` is bypassed when using `?import&raw`",
176 silly audit report       severity: 'moderate',
176 silly audit report       vulnerable_versions: '>=5.4.0 <=5.4.5',
176 silly audit report       cwe: [Array],
176 silly audit report       cvss: [Object]
176 silly audit report     }
176 silly audit report   ]
176 silly audit report }
177 silly packumentCache corgi:https://registry.npmjs.org/body-parser cache-miss
178 silly packumentCache corgi:https://registry.npmjs.org/express cache-miss
179 silly packumentCache corgi:https://registry.npmjs.org/path-to-regexp cache-miss
180 silly packumentCache corgi:https://registry.npmjs.org/send cache-miss
181 silly packumentCache corgi:https://registry.npmjs.org/serve-static cache-miss
182 silly packumentCache corgi:https://registry.npmjs.org/vite cache-miss
183 http fetch GET 200 https://registry.npmjs.org/path-to-regexp 1456ms (cache miss)
184 silly packumentCache corgi:https://registry.npmjs.org/path-to-regexp set size:undefined disposed:false
185 http fetch GET 200 https://registry.npmjs.org/node-gyp-build/-/node-gyp-build-4.8.2.tgz 2117ms (cache miss)
186 http fetch GET 200 https://registry.npmjs.org/send 1780ms (cache miss)
187 silly packumentCache corgi:https://registry.npmjs.org/send set size:undefined disposed:false
188 http fetch GET 200 https://registry.npmjs.org/serve-static 1969ms (cache miss)
189 silly packumentCache corgi:https://registry.npmjs.org/serve-static set size:undefined disposed:false
190 http fetch GET 200 https://registry.npmjs.org/body-parser 2075ms (cache miss)
191 silly packumentCache corgi:https://registry.npmjs.org/body-parser set size:undefined disposed:false
192 http fetch GET 200 https://registry.npmjs.org/express 2174ms (cache miss)
193 silly packumentCache corgi:https://registry.npmjs.org/express set size:undefined disposed:false
194 http fetch GET 200 https://registry.npmjs.org/vite 2662ms (cache miss)
195 silly packumentCache corgi:https://registry.npmjs.org/vite set size:undefined disposed:false
196 silly packumentCache corgi:https://registry.npmjs.org/karma cache-miss
197 http fetch GET 200 https://registry.npmjs.org/karma 559ms (cache miss)
198 silly packumentCache corgi:https://registry.npmjs.org/karma set size:undefined disposed:false
199 silly packumentCache corgi:https://registry.npmjs.org/webpack-dev-server cache-miss
200 http fetch GET 200 https://registry.npmjs.org/webpack-dev-server 715ms (cache miss)
201 silly packumentCache corgi:https://registry.npmjs.org/webpack-dev-server set size:undefined disposed:false
202 silly packumentCache corgi:https://registry.npmjs.org/@angular-devkit%2fbuild-angular cache-miss
203 silly packumentCache corgi:https://registry.npmjs.org/@angular%2fbuild cache-miss
204 silly packumentCache corgi:https://registry.npmjs.org/@vitejs%2fplugin-basic-ssl cache-miss
205 http fetch GET 200 https://registry.npmjs.org/@angular%2fbuild 290ms (cache miss)
206 silly packumentCache corgi:https://registry.npmjs.org/@angular%2fbuild set size:undefined disposed:false
207 http fetch GET 200 https://registry.npmjs.org/node-addon-api/-/node-addon-api-3.2.1.tgz 6825ms (cache miss)
208 http fetch GET 200 https://registry.npmjs.org/@vitejs%2fplugin-basic-ssl 545ms (cache miss)
209 silly packumentCache corgi:https://registry.npmjs.org/@vitejs%2fplugin-basic-ssl set size:undefined disposed:false
210 http fetch GET 200 https://registry.npmjs.org/@angular-devkit%2fbuild-angular 813ms (cache miss)
211 silly packumentCache corgi:https://registry.npmjs.org/@angular-devkit%2fbuild-angular set size:undefined disposed:false
212 http fetch GET 200 https://registry.npmjs.org/@popperjs/core/-/core-2.11.8.tgz 29492ms (cache miss)
213 http fetch GET 200 https://registry.npmjs.org/bootstrap/-/bootstrap-5.3.3.tgz 34838ms (cache miss)
214 silly ADD node_modules/@popperjs/core
215 silly ADD node_modules/bootstrap
216 silly ADD
217 silly ADD
218 silly ADD node_modules/node-addon-api
219 silly ADD
220 silly ADD
221 silly ADD
222 silly ADD
223 silly ADD
224 silly ADD
225 silly ADD
226 silly ADD
227 silly ADD
228 silly ADD
229 silly ADD
230 silly ADD
231 silly ADD
232 silly ADD
233 silly ADD
234 silly ADD
235 silly ADD
236 silly ADD
237 silly ADD
238 silly ADD
239 silly ADD
240 silly ADD
241 silly ADD
242 silly ADD
243 silly ADD
244 silly ADD
245 silly ADD
246 silly ADD
247 silly ADD
248 silly ADD
249 silly ADD
250 silly ADD
251 silly ADD
252 silly ADD
253 silly ADD
254 silly ADD
255 silly ADD
256 silly ADD
257 silly ADD
258 silly ADD
259 silly ADD
260 silly ADD
261 silly ADD
262 silly ADD
263 silly ADD
264 silly ADD
265 silly ADD
266 silly ADD
267 silly ADD
268 silly ADD
269 silly ADD
270 silly ADD
271 silly ADD
272 silly ADD
273 silly ADD
274 silly ADD
275 silly ADD
276 silly ADD
277 silly ADD
278 silly ADD
279 silly ADD
280 silly ADD
281 silly ADD
282 silly ADD
283 silly ADD
284 silly ADD
285 silly ADD
286 silly ADD
287 silly ADD
288 silly ADD
289 silly ADD
290 verbose cwd C:\Users\Faneva_ANDRIANAINA\Desktop\PGG4P
291 verbose os Windows_NT 10.0.18363
292 verbose node v20.11.1
293 verbose npm  v10.8.3
294 verbose exit 0
295 info ok
