0 verbose cli C:\Program Files\nodejs\node.exe C:\Users\Faneva_ANDRIANAINA\AppData\Roaming\npm\node_modules\npm\bin\npm-cli.js
1 info using npm@10.8.3
2 info using node@v20.11.1
3 silly config load:file:C:\Users\Faneva_ANDRIANAINA\AppData\Roaming\npm\node_modules\npm\npmrc
4 silly config load:file:C:\Users\Faneva_ANDRIANAINA\Desktop\PGG4P\.npmrc
5 silly config load:file:C:\Users\Faneva_ANDRIANAINA\.npmrc
6 silly config load:file:C:\Users\Faneva_ANDRIANAINA\AppData\Roaming\npm\etc\npmrc
7 verbose title npm i bootstrap-icons
8 verbose argv "i" "bootstrap-icons"
9 verbose logfile logs-max:10 dir:C:\Users\Faneva_ANDRIANAINA\Desktop\PGG4P\mon_app\_logs\2024-09-18T10_45_16_008Z-
10 verbose logfile C:\Users\Faneva_ANDRIANAINA\Desktop\PGG4P\mon_app\_logs\2024-09-18T10_45_16_008Z-debug-0.log
11 silly packumentCache heap:1742471168 maxSize:435617792 maxEntrySize:217808896
12 silly logfile start cleaning logs, removing 2 files
13 silly idealTree buildDeps
14 silly fetch manifest bootstrap-icons@*
15 silly packumentCache full:https://registry.npmjs.org/bootstrap-icons cache-miss
16 silly logfile done cleaning log files
17 http fetch GET 200 https://registry.npmjs.org/bootstrap-icons 13125ms (cache miss)
18 silly packumentCache full:https://registry.npmjs.org/bootstrap-icons set size:undefined disposed:false
19 silly placeDep ROOT bootstrap-icons@1.11.3 OK for: tutorial@0.0.0 want: *
20 silly reify moves {}
21 silly audit bulk request {
21 silly audit   '@ampproject/remapping': [ '2.3.0' ],
21 silly audit   '@angular-devkit/architect': [ '0.1802.2' ],
21 silly audit   '@angular-devkit/build-angular': [ '18.2.2' ],
21 silly audit   tslib: [ '2.6.3', '2.7.0' ],
21 silly audit   '@angular-devkit/build-webpack': [ '0.1802.2' ],
21 silly audit   '@angular-devkit/core': [ '18.2.2' ],
21 silly audit   '@angular-devkit/schematics': [ '18.2.2' ],
21 silly audit   '@angular/animations': [ '18.2.2' ],
21 silly audit   '@angular/build': [ '18.2.2' ],
21 silly audit   '@angular/cli': [ '18.2.2' ],
21 silly audit   '@angular/common': [ '18.2.2' ],
21 silly audit   '@angular/compiler': [ '18.2.2' ],
21 silly audit   '@angular/compiler-cli': [ '18.2.2' ],
21 silly audit   '@angular/core': [ '18.2.2' ],
21 silly audit   '@angular/forms': [ '18.2.2' ],
21 silly audit   '@angular/platform-browser': [ '18.2.2' ],
21 silly audit   '@angular/platform-browser-dynamic': [ '18.2.2' ],
21 silly audit   '@angular/platform-server': [ '18.2.2' ],
21 silly audit   '@angular/router': [ '18.2.2' ],
21 silly audit   '@angular/ssr': [ '18.2.2' ],
21 silly audit   '@babel/code-frame': [ '7.24.7' ],
21 silly audit   '@babel/compat-data': [ '7.25.4' ],
21 silly audit   '@babel/core': [ '7.25.2' ],
21 silly audit   'convert-source-map': [ '2.0.0', '1.9.0' ],
21 silly audit   semver: [ '6.3.1', '5.7.2', '7.6.3' ],
21 silly audit   '@babel/generator': [ '7.25.0', '7.25.6' ],
21 silly audit   '@babel/helper-annotate-as-pure': [ '7.24.7' ],
21 silly audit   '@babel/helper-builder-binary-assignment-operator-visitor': [ '7.24.7' ],
21 silly audit   '@babel/helper-compilation-targets': [ '7.25.2' ],
21 silly audit   '@babel/helper-create-class-features-plugin': [ '7.25.4' ],
21 silly audit   '@babel/helper-create-regexp-features-plugin': [ '7.25.2' ],
21 silly audit   '@babel/helper-define-polyfill-provider': [ '0.6.2' ],
21 silly audit   '@babel/helper-member-expression-to-functions': [ '7.24.8' ],
21 silly audit   '@babel/helper-module-imports': [ '7.24.7' ],
21 silly audit   '@babel/helper-module-transforms': [ '7.25.2' ],
21 silly audit   '@babel/helper-optimise-call-expression': [ '7.24.7' ],
21 silly audit   '@babel/helper-plugin-utils': [ '7.24.8' ],
21 silly audit   '@babel/helper-remap-async-to-generator': [ '7.25.0' ],
21 silly audit   '@babel/helper-replace-supers': [ '7.25.0' ],
21 silly audit   '@babel/helper-simple-access': [ '7.24.7' ],
21 silly audit   '@babel/helper-skip-transparent-expression-wrappers': [ '7.24.7' ],
21 silly audit   '@babel/helper-split-export-declaration': [ '7.24.7' ],
21 silly audit   '@babel/helper-string-parser': [ '7.24.8' ],
21 silly audit   '@babel/helper-validator-identifier': [ '7.24.7' ],
21 silly audit   '@babel/helper-validator-option': [ '7.24.8' ],
21 silly audit   '@babel/helper-wrap-function': [ '7.25.0' ],
21 silly audit   '@babel/helpers': [ '7.25.6' ],
21 silly audit   '@babel/highlight': [ '7.24.7' ],
21 silly audit   '@babel/parser': [ '7.25.6' ],
21 silly audit   '@babel/plugin-bugfix-firefox-class-in-computed-class-key': [ '7.25.3' ],
21 silly audit   '@babel/plugin-bugfix-safari-class-field-initializer-scope': [ '7.25.0' ],
21 silly audit   '@babel/plugin-bugfix-safari-id-destructuring-collision-in-function-expression': [ '7.25.0' ],
21 silly audit   '@babel/plugin-bugfix-v8-spread-parameters-in-optional-chaining': [ '7.24.7' ],
21 silly audit   '@babel/plugin-bugfix-v8-static-class-fields-redefine-readonly': [ '7.25.0' ],
21 silly audit   '@babel/plugin-proposal-private-property-in-object': [ '7.21.0-placeholder-for-preset-env.2' ],
21 silly audit   '@babel/plugin-syntax-async-generators': [ '7.8.4' ],
21 silly audit   '@babel/plugin-syntax-class-properties': [ '7.12.13' ],
21 silly audit   '@babel/plugin-syntax-class-static-block': [ '7.14.5' ],
21 silly audit   '@babel/plugin-syntax-dynamic-import': [ '7.8.3' ],
21 silly audit   '@babel/plugin-syntax-export-namespace-from': [ '7.8.3' ],
21 silly audit   '@babel/plugin-syntax-import-assertions': [ '7.25.6' ],
21 silly audit   '@babel/plugin-syntax-import-attributes': [ '7.24.7' ],
21 silly audit   '@babel/plugin-syntax-import-meta': [ '7.10.4' ],
21 silly audit   '@babel/plugin-syntax-json-strings': [ '7.8.3' ],
21 silly audit   '@babel/plugin-syntax-logical-assignment-operators': [ '7.10.4' ],
21 silly audit   '@babel/plugin-syntax-nullish-coalescing-operator': [ '7.8.3' ],
21 silly audit   '@babel/plugin-syntax-numeric-separator': [ '7.10.4' ],
21 silly audit   '@babel/plugin-syntax-object-rest-spread': [ '7.8.3' ],
21 silly audit   '@babel/plugin-syntax-optional-catch-binding': [ '7.8.3' ],
21 silly audit   '@babel/plugin-syntax-optional-chaining': [ '7.8.3' ],
21 silly audit   '@babel/plugin-syntax-private-property-in-object': [ '7.14.5' ],
21 silly audit   '@babel/plugin-syntax-top-level-await': [ '7.14.5' ],
21 silly audit   '@babel/plugin-syntax-unicode-sets-regex': [ '7.18.6' ],
21 silly audit   '@babel/plugin-transform-arrow-functions': [ '7.24.7' ],
21 silly audit   '@babel/plugin-transform-async-generator-functions': [ '7.25.0' ],
21 silly audit   '@babel/plugin-transform-async-to-generator': [ '7.24.7' ],
21 silly audit   '@babel/plugin-transform-block-scoped-functions': [ '7.24.7' ],
21 silly audit   '@babel/plugin-transform-block-scoping': [ '7.25.0' ],
21 silly audit   '@babel/plugin-transform-class-properties': [ '7.25.4' ],
21 silly audit   '@babel/plugin-transform-class-static-block': [ '7.24.7' ],
21 silly audit   '@babel/plugin-transform-classes': [ '7.25.4' ],
21 silly audit   '@babel/plugin-transform-computed-properties': [ '7.24.7' ],
21 silly audit   '@babel/plugin-transform-destructuring': [ '7.24.8' ],
21 silly audit   '@babel/plugin-transform-dotall-regex': [ '7.24.7' ],
21 silly audit   '@babel/plugin-transform-duplicate-keys': [ '7.24.7' ],
21 silly audit   '@babel/plugin-transform-duplicate-named-capturing-groups-regex': [ '7.25.0' ],
21 silly audit   '@babel/plugin-transform-dynamic-import': [ '7.24.7' ],
21 silly audit   '@babel/plugin-transform-exponentiation-operator': [ '7.24.7' ],
21 silly audit   '@babel/plugin-transform-export-namespace-from': [ '7.24.7' ],
21 silly audit   '@babel/plugin-transform-for-of': [ '7.24.7' ],
21 silly audit   '@babel/plugin-transform-function-name': [ '7.25.1' ],
21 silly audit   '@babel/plugin-transform-json-strings': [ '7.24.7' ],
21 silly audit   '@babel/plugin-transform-literals': [ '7.25.2' ],
21 silly audit   '@babel/plugin-transform-logical-assignment-operators': [ '7.24.7' ],
21 silly audit   '@babel/plugin-transform-member-expression-literals': [ '7.24.7' ],
21 silly audit   '@babel/plugin-transform-modules-amd': [ '7.24.7' ],
21 silly audit   '@babel/plugin-transform-modules-commonjs': [ '7.24.8' ],
21 silly audit   '@babel/plugin-transform-modules-systemjs': [ '7.25.0' ],
21 silly audit   '@babel/plugin-transform-modules-umd': [ '7.24.7' ],
21 silly audit   '@babel/plugin-transform-named-capturing-groups-regex': [ '7.24.7' ],
21 silly audit   '@babel/plugin-transform-new-target': [ '7.24.7' ],
21 silly audit   '@babel/plugin-transform-nullish-coalescing-operator': [ '7.24.7' ],
21 silly audit   '@babel/plugin-transform-numeric-separator': [ '7.24.7' ],
21 silly audit   '@babel/plugin-transform-object-rest-spread': [ '7.24.7' ],
21 silly audit   '@babel/plugin-transform-object-super': [ '7.24.7' ],
21 silly audit   '@babel/plugin-transform-optional-catch-binding': [ '7.24.7' ],
21 silly audit   '@babel/plugin-transform-optional-chaining': [ '7.24.8' ],
21 silly audit   '@babel/plugin-transform-parameters': [ '7.24.7' ],
21 silly audit   '@babel/plugin-transform-private-methods': [ '7.25.4' ],
21 silly audit   '@babel/plugin-transform-private-property-in-object': [ '7.24.7' ],
21 silly audit   '@babel/plugin-transform-property-literals': [ '7.24.7' ],
21 silly audit   '@babel/plugin-transform-regenerator': [ '7.24.7' ],
21 silly audit   '@babel/plugin-transform-reserved-words': [ '7.24.7' ],
21 silly audit   '@babel/plugin-transform-runtime': [ '7.24.7' ],
21 silly audit   '@babel/plugin-transform-shorthand-properties': [ '7.24.7' ],
21 silly audit   '@babel/plugin-transform-spread': [ '7.24.7' ],
21 silly audit   '@babel/plugin-transform-sticky-regex': [ '7.24.7' ],
21 silly audit   '@babel/plugin-transform-template-literals': [ '7.24.7' ],
21 silly audit   '@babel/plugin-transform-typeof-symbol': [ '7.24.8' ],
21 silly audit   '@babel/plugin-transform-unicode-escapes': [ '7.24.7' ],
21 silly audit   '@babel/plugin-transform-unicode-property-regex': [ '7.24.7' ],
21 silly audit   '@babel/plugin-transform-unicode-regex': [ '7.24.7' ],
21 silly audit   '@babel/plugin-transform-unicode-sets-regex': [ '7.25.4' ],
21 silly audit   '@babel/preset-env': [ '7.25.3' ],
21 silly audit   '@babel/preset-modules': [ '0.1.6-no-external-plugins' ],
21 silly audit   '@babel/regjsgen': [ '0.8.0' ],
21 silly audit   '@babel/runtime': [ '7.25.0' ],
21 silly audit   '@babel/template': [ '7.25.0' ],
21 silly audit   '@babel/traverse': [ '7.25.6' ],
21 silly audit   '@babel/types': [ '7.25.6' ],
21 silly audit   '@colors/colors': [ '1.5.0' ],
21 silly audit   '@discoveryjs/json-ext': [ '0.6.1' ],
21 silly audit   '@esbuild/aix-ppc64': [ '0.23.0', '0.21.5' ],
21 silly audit   '@esbuild/android-arm': [ '0.23.0', '0.21.5' ],
21 silly audit   '@esbuild/android-arm64': [ '0.23.0', '0.21.5' ],
21 silly audit   '@esbuild/android-x64': [ '0.23.0', '0.21.5' ],
21 silly audit   '@esbuild/darwin-arm64': [ '0.23.0', '0.21.5' ],
21 silly audit   '@esbuild/darwin-x64': [ '0.23.0', '0.21.5' ],
21 silly audit   '@esbuild/freebsd-arm64': [ '0.23.0', '0.21.5' ],
21 silly audit   '@esbuild/freebsd-x64': [ '0.23.0', '0.21.5' ],
21 silly audit   '@esbuild/linux-arm': [ '0.23.0', '0.21.5' ],
21 silly audit   '@esbuild/linux-arm64': [ '0.23.0', '0.21.5' ],
21 silly audit   '@esbuild/linux-ia32': [ '0.23.0', '0.21.5' ],
21 silly audit   '@esbuild/linux-loong64': [ '0.23.0', '0.21.5' ],
21 silly audit   '@esbuild/linux-mips64el': [ '0.23.0', '0.21.5' ],
21 silly audit   '@esbuild/linux-ppc64': [ '0.23.0', '0.21.5' ],
21 silly audit   '@esbuild/linux-riscv64': [ '0.23.0', '0.21.5' ],
21 silly audit   '@esbuild/linux-s390x': [ '0.23.0', '0.21.5' ],
21 silly audit   '@esbuild/linux-x64': [ '0.23.0', '0.21.5' ],
21 silly audit   '@esbuild/netbsd-x64': [ '0.23.0', '0.21.5' ],
21 silly audit   '@esbuild/openbsd-arm64': [ '0.23.0' ],
21 silly audit   '@esbuild/openbsd-x64': [ '0.23.0', '0.21.5' ],
21 silly audit   '@esbuild/sunos-x64': [ '0.23.0', '0.21.5' ],
21 silly audit   '@esbuild/win32-arm64': [ '0.23.0', '0.21.5' ],
21 silly audit   '@esbuild/win32-ia32': [ '0.23.0', '0.21.5' ],
21 silly audit   '@esbuild/win32-x64': [ '0.23.0', '0.21.5' ],
21 silly audit   '@inquirer/checkbox': [ '2.4.7' ],
21 silly audit   '@inquirer/confirm': [ '3.1.22' ],
21 silly audit   '@inquirer/core': [ '9.0.10' ],
21 silly audit   '@types/node': [ '22.5.2', '18.19.48' ],
21 silly audit   'undici-types': [ '6.19.8', '5.26.5' ],
21 silly audit   '@inquirer/editor': [ '2.1.22' ],
21 silly audit   '@inquirer/expand': [ '2.1.22' ],
21 silly audit   '@inquirer/figures': [ '1.0.5' ],
21 silly audit   '@inquirer/input': [ '2.2.9' ],
21 silly audit   '@inquirer/number': [ '1.0.10' ],
21 silly audit   '@inquirer/password': [ '2.1.22' ],
21 silly audit   '@inquirer/prompts': [ '5.3.8' ],
21 silly audit   '@inquirer/rawlist': [ '2.2.4' ],
21 silly audit   '@inquirer/search': [ '1.0.7' ],
21 silly audit   '@inquirer/select': [ '2.4.7' ],
21 silly audit   '@inquirer/type': [ '1.5.2' ],
21 silly audit   '@isaacs/cliui': [ '8.0.2' ],
21 silly audit   'ansi-regex': [ '6.0.1', '5.0.1' ],
21 silly audit   'ansi-styles': [ '6.2.1', '3.2.1', '4.3.0' ],
21 silly audit   'emoji-regex': [ '9.2.2', '8.0.0', '10.4.0' ],
21 silly audit   'string-width': [ '5.1.2', '4.2.3', '7.2.0' ],
21 silly audit   'strip-ansi': [ '7.1.0', '6.0.1' ],
21 silly audit   'wrap-ansi': [ '8.1.0', '7.0.0', '9.0.0', '6.2.0' ],
21 silly audit   '@istanbuljs/schema': [ '0.1.3' ],
21 silly audit   '@jridgewell/gen-mapping': [ '0.3.5' ],
21 silly audit   '@jridgewell/resolve-uri': [ '3.1.2' ],
21 silly audit   '@jridgewell/set-array': [ '1.2.1' ],
21 silly audit   '@jridgewell/source-map': [ '0.3.6' ],
21 silly audit   '@jridgewell/sourcemap-codec': [ '1.5.0' ],
21 silly audit   '@jridgewell/trace-mapping': [ '0.3.25' ],
21 silly audit   '@jsonjoy.com/base64': [ '1.1.2' ],
21 silly audit   '@jsonjoy.com/json-pack': [ '1.1.0' ],
21 silly audit   '@jsonjoy.com/util': [ '1.3.0' ],
21 silly audit   '@leichtgewicht/ip-codec': [ '2.0.5' ],
21 silly audit   '@listr2/prompt-adapter-inquirer': [ '2.0.15' ],
21 silly audit   '@lmdb/lmdb-darwin-arm64': [ '3.0.13' ],
21 silly audit   '@lmdb/lmdb-darwin-x64': [ '3.0.13' ],
21 silly audit   '@lmdb/lmdb-linux-arm': [ '3.0.13' ],
21 silly audit   '@lmdb/lmdb-linux-arm64': [ '3.0.13' ],
21 silly audit   '@lmdb/lmdb-linux-x64': [ '3.0.13' ],
21 silly audit   '@lmdb/lmdb-win32-x64': [ '3.0.13' ],
21 silly audit   '@msgpackr-extract/msgpackr-extract-darwin-arm64': [ '3.0.3' ],
21 silly audit   '@msgpackr-extract/msgpackr-extract-darwin-x64': [ '3.0.3' ],
21 silly audit   '@msgpackr-extract/msgpackr-extract-linux-arm': [ '3.0.3' ],
21 silly audit   '@msgpackr-extract/msgpackr-extract-linux-arm64': [ '3.0.3' ],
21 silly audit   '@msgpackr-extract/msgpackr-extract-linux-x64': [ '3.0.3' ],
21 silly audit   '@msgpackr-extract/msgpackr-extract-win32-x64': [ '3.0.3' ],
21 silly audit   '@ngtools/webpack': [ '18.2.2' ],
21 silly audit   '@nodelib/fs.scandir': [ '2.1.5' ],
21 silly audit   '@nodelib/fs.stat': [ '2.0.5' ],
21 silly audit   '@nodelib/fs.walk': [ '1.2.8' ],
21 silly audit   '@npmcli/agent': [ '2.2.2' ],
21 silly audit   'lru-cache': [ '10.4.3', '5.1.1' ],
21 silly audit   '@npmcli/fs': [ '3.1.1' ],
21 silly audit   '@npmcli/git': [ '5.0.8' ],
21 silly audit   isexe: [ '3.1.1', '2.0.0' ],
21 silly audit   which: [ '4.0.0', '2.0.2', '1.3.1' ],
21 silly audit   '@npmcli/installed-package-contents': [ '2.1.0' ],
21 silly audit   '@npmcli/node-gyp': [ '3.0.0' ],
21 silly audit   '@npmcli/package-json': [ '5.2.0' ],
21 silly audit   'brace-expansion': [ '2.0.1', '1.1.11' ],
21 silly audit   glob: [ '10.4.5', '7.2.3' ],
21 silly audit   minimatch: [ '9.0.5', '3.1.2' ],
21 silly audit   '@npmcli/promise-spawn': [ '7.0.2' ],
21 silly audit   '@npmcli/redact': [ '2.0.1' ],
21 silly audit   '@npmcli/run-script': [ '8.1.0' ],
21 silly audit   '@pkgjs/parseargs': [ '0.11.0' ],
21 silly audit   '@popperjs/core': [ '2.11.8' ],
21 silly audit   '@rollup/rollup-android-arm-eabi': [ '4.20.0' ],
21 silly audit   '@rollup/rollup-android-arm64': [ '4.20.0' ],
21 silly audit   '@rollup/rollup-darwin-arm64': [ '4.20.0' ],
21 silly audit   '@rollup/rollup-darwin-x64': [ '4.20.0' ],
21 silly audit   '@rollup/rollup-linux-arm-gnueabihf': [ '4.20.0' ],
21 silly audit   '@rollup/rollup-linux-arm-musleabihf': [ '4.20.0' ],
21 silly audit   '@rollup/rollup-linux-arm64-gnu': [ '4.20.0' ],
21 silly audit   '@rollup/rollup-linux-arm64-musl': [ '4.20.0' ],
21 silly audit   '@rollup/rollup-linux-powerpc64le-gnu': [ '4.20.0' ],
21 silly audit   '@rollup/rollup-linux-riscv64-gnu': [ '4.20.0' ],
21 silly audit   '@rollup/rollup-linux-s390x-gnu': [ '4.20.0' ],
21 silly audit   '@rollup/rollup-linux-x64-gnu': [ '4.20.0' ],
21 silly audit   '@rollup/rollup-linux-x64-musl': [ '4.20.0' ],
21 silly audit   '@rollup/rollup-win32-arm64-msvc': [ '4.20.0' ],
21 silly audit   '@rollup/rollup-win32-ia32-msvc': [ '4.20.0' ],
21 silly audit   '@rollup/rollup-win32-x64-msvc': [ '4.20.0' ],
21 silly audit   '@schematics/angular': [ '18.2.2' ],
21 silly audit   '@sigstore/bundle': [ '2.3.2' ],
21 silly audit   '@sigstore/core': [ '1.1.0' ],
21 silly audit   '@sigstore/protobuf-specs': [ '0.3.2' ],
21 silly audit   '@sigstore/sign': [ '2.3.2' ],
21 silly audit   '@sigstore/tuf': [ '2.3.4' ],
21 silly audit   '@sigstore/verify': [ '1.2.1' ],
21 silly audit   '@sindresorhus/merge-streams': [ '2.3.0' ],
21 silly audit   '@socket.io/component-emitter': [ '3.1.2' ],
21 silly audit   '@tufjs/canonical-json': [ '2.0.0' ],
21 silly audit   '@tufjs/models': [ '2.0.1' ],
21 silly audit   '@types/body-parser': [ '1.19.5' ],
21 silly audit   '@types/bonjour': [ '3.5.13' ],
21 silly audit   '@types/connect': [ '3.4.38' ],
21 silly audit   '@types/connect-history-api-fallback': [ '1.5.4' ],
21 silly audit   '@types/cookie': [ '0.4.1' ],
21 silly audit   '@types/cors': [ '2.8.17' ],
21 silly audit   '@types/estree': [ '1.0.5' ],
21 silly audit   '@types/express': [ '4.17.21' ],
21 silly audit   '@types/express-serve-static-core': [ '4.19.5' ],
21 silly audit   '@types/http-errors': [ '2.0.4' ],
21 silly audit   '@types/http-proxy': [ '1.17.15' ],
21 silly audit   '@types/jasmine': [ '5.1.4' ],
21 silly audit   '@types/json-schema': [ '7.0.15' ],
21 silly audit   '@types/mime': [ '1.3.5' ],
21 silly audit   '@types/mute-stream': [ '0.0.4' ],
21 silly audit   '@types/node-forge': [ '1.3.11' ],
21 silly audit   '@types/qs': [ '6.9.15' ],
21 silly audit   '@types/range-parser': [ '1.2.7' ],
21 silly audit   '@types/retry': [ '0.12.2' ],
21 silly audit   '@types/send': [ '0.17.4' ],
21 silly audit   '@types/serve-index': [ '1.9.4' ],
21 silly audit   '@types/serve-static': [ '1.15.7' ],
21 silly audit   '@types/sockjs': [ '0.3.36' ],
21 silly audit   '@types/wrap-ansi': [ '3.0.0' ],
21 silly audit   '@types/ws': [ '8.5.12' ],
21 silly audit   '@vitejs/plugin-basic-ssl': [ '1.1.0' ],
21 silly audit   '@webassemblyjs/ast': [ '1.12.1' ],
21 silly audit   '@webassemblyjs/floating-point-hex-parser': [ '1.11.6' ],
21 silly audit   '@webassemblyjs/helper-api-error': [ '1.11.6' ],
21 silly audit   '@webassemblyjs/helper-buffer': [ '1.12.1' ],
21 silly audit   '@webassemblyjs/helper-numbers': [ '1.11.6' ],
21 silly audit   '@webassemblyjs/helper-wasm-bytecode': [ '1.11.6' ],
21 silly audit   '@webassemblyjs/helper-wasm-section': [ '1.12.1' ],
21 silly audit   '@webassemblyjs/ieee754': [ '1.11.6' ],
21 silly audit   '@webassemblyjs/leb128': [ '1.11.6' ],
21 silly audit   '@webassemblyjs/utf8': [ '1.11.6' ],
21 silly audit   '@webassemblyjs/wasm-edit': [ '1.12.1' ],
21 silly audit   '@webassemblyjs/wasm-gen': [ '1.12.1' ],
21 silly audit   '@webassemblyjs/wasm-opt': [ '1.12.1' ],
21 silly audit   '@webassemblyjs/wasm-parser': [ '1.12.1' ],
21 silly audit   '@webassemblyjs/wast-printer': [ '1.12.1' ],
21 silly audit   '@xtuc/ieee754': [ '1.2.0' ],
21 silly audit   '@xtuc/long': [ '4.2.2' ],
21 silly audit   '@yarnpkg/lockfile': [ '1.1.0' ],
21 silly audit   abbrev: [ '2.0.0' ],
21 silly audit   accepts: [ '1.3.8' ],
21 silly audit   acorn: [ '8.12.1' ],
21 silly audit   'acorn-import-attributes': [ '1.9.5' ],
21 silly audit   'adjust-sourcemap-loader': [ '4.0.0' ],
21 silly audit   'loader-utils': [ '2.0.4', '3.3.1' ],
21 silly audit   'agent-base': [ '7.1.1' ],
21 silly audit   'aggregate-error': [ '3.1.0' ],
21 silly audit   ajv: [ '8.17.1', '6.12.6' ],
21 silly audit   'ajv-formats': [ '3.0.1', '2.1.1' ],
21 silly audit   'ajv-keywords': [ '5.1.0', '3.5.2' ],
21 silly audit   'ansi-colors': [ '4.1.3' ],
21 silly audit   'ansi-escapes': [ '4.3.2', '7.0.0' ],
21 silly audit   'ansi-html-community': [ '0.0.8' ],
21 silly audit   anymatch: [ '3.1.3' ],
21 silly audit   picomatch: [ '2.3.1', '4.0.2' ],
21 silly audit   argparse: [ '2.0.1' ],
21 silly audit   'array-flatten': [ '1.1.1' ],
21 silly audit   autoprefixer: [ '10.4.20' ],
21 silly audit   'babel-loader': [ '9.1.3' ],
21 silly audit   'babel-plugin-polyfill-corejs2': [ '0.4.11' ],
21 silly audit   'babel-plugin-polyfill-corejs3': [ '0.10.6' ],
21 silly audit   'babel-plugin-polyfill-regenerator': [ '0.6.2' ],
21 silly audit   'balanced-match': [ '1.0.2' ],
21 silly audit   'base64-js': [ '1.5.1' ],
21 silly audit   base64id: [ '2.0.0' ],
21 silly audit   batch: [ '0.6.1' ],
21 silly audit   'big.js': [ '5.2.2' ],
21 silly audit   'binary-extensions': [ '2.3.0' ],
21 silly audit   bl: [ '4.1.0' ],
21 silly audit   'body-parser': [ '1.20.2' ],
21 silly audit   debug: [ '2.6.9', '4.3.6' ],
21 silly audit   ms: [ '2.0.0', '2.1.2', '2.1.3' ],
21 silly audit   'bonjour-service': [ '1.2.1' ],
21 silly audit   boolbase: [ '1.0.0' ],
21 silly audit   bootstrap: [ '5.3.3' ],
21 silly audit   braces: [ '3.0.3' ],
21 silly audit   browserslist: [ '4.23.3' ],
21 silly audit   buffer: [ '5.7.1' ],
21 silly audit   'buffer-from': [ '1.1.2' ],
21 silly audit   'bundle-name': [ '4.1.0' ],
21 silly audit   bytes: [ '3.1.2', '3.0.0' ],
21 silly audit   cacache: [ '18.0.4' ],
21 silly audit   'call-bind': [ '1.0.7' ],
21 silly audit   callsites: [ '3.1.0' ],
21 silly audit   'caniuse-lite': [ '1.0.30001655' ],
21 silly audit   chalk: [ '2.4.2', '4.1.2' ],
21 silly audit   chardet: [ '0.7.0' ],
21 silly audit   chokidar: [ '3.6.0' ],
21 silly audit   chownr: [ '2.0.0' ],
21 silly audit   'chrome-trace-event': [ '1.0.4' ],
21 silly audit   'clean-stack': [ '2.2.0' ],
21 silly audit   'cli-cursor': [ '5.0.0', '3.1.0' ],
21 silly audit   'cli-spinners': [ '2.9.2' ],
21 silly audit   'cli-truncate': [ '4.0.0' ],
21 silly audit   'cli-width': [ '4.1.0' ],
21 silly audit   cliui: [ '8.0.1', '7.0.4' ],
21 silly audit   'color-convert': [ '2.0.1', '1.9.3' ],
21 silly audit   'color-name': [ '1.1.4', '1.1.3' ],
21 silly audit   'is-fullwidth-code-point': [ '3.0.0', '4.0.0', '5.0.0' ],
21 silly audit   clone: [ '1.0.4' ],
21 silly audit   'clone-deep': [ '4.0.1' ],
21 silly audit   colorette: [ '2.0.20' ],
21 silly audit   commander: [ '2.20.3' ],
21 silly audit   'common-path-prefix': [ '3.0.0' ],
21 silly audit   compressible: [ '2.0.18' ],
21 silly audit   compression: [ '1.7.4' ],
21 silly audit   'safe-buffer': [ '5.1.2', '5.2.1' ],
21 silly audit   'concat-map': [ '0.0.1' ],
21 silly audit   connect: [ '3.7.0' ],
21 silly audit   'connect-history-api-fallback': [ '2.0.0' ],
21 silly audit   finalhandler: [ '1.1.2', '1.2.0' ],
21 silly audit   'on-finished': [ '2.3.0', '2.4.1' ],
21 silly audit   statuses: [ '1.5.0', '2.0.1' ],
21 silly audit   'content-disposition': [ '0.5.4' ],
21 silly audit   'content-type': [ '1.0.5' ],
21 silly audit   cookie: [ '0.6.0', '0.4.2' ],
21 silly audit   'cookie-signature': [ '1.0.6' ],
21 silly audit   'copy-anything': [ '2.0.6' ],
21 silly audit   'copy-webpack-plugin': [ '12.0.2' ],
21 silly audit   'glob-parent': [ '6.0.2', '5.1.2' ],
21 silly audit   'core-js-compat': [ '3.38.1' ],
21 silly audit   'core-util-is': [ '1.0.3' ],
21 silly audit   cors: [ '2.8.5' ],
21 silly audit   cosmiconfig: [ '9.0.0' ],
21 silly audit   critters: [ '0.0.24' ],
21 silly audit   'has-flag': [ '4.0.0', '3.0.0' ],
21 silly audit   'supports-color': [ '7.2.0', '8.1.1', '5.5.0' ],
21 silly audit   'cross-spawn': [ '7.0.3' ],
21 silly audit   'css-loader': [ '7.1.2' ],
21 silly audit   'css-select': [ '5.1.0' ],
21 silly audit   'css-what': [ '6.1.0' ],
21 silly audit   cssesc: [ '3.0.0' ],
21 silly audit   'custom-event': [ '1.0.1' ],
21 silly audit   'date-format': [ '4.0.14' ],
21 silly audit   'default-browser': [ '5.2.1' ],
21 silly audit   'default-browser-id': [ '5.0.0' ],
21 silly audit   'default-gateway': [ '6.0.3' ],
21 silly audit   defaults: [ '1.0.4' ],
21 silly audit   'define-data-property': [ '1.1.4' ],
21 silly audit   'define-lazy-prop': [ '3.0.0' ],
21 silly audit   depd: [ '2.0.0', '1.1.2' ],
21 silly audit   destroy: [ '1.2.0' ],
21 silly audit   'detect-libc': [ '2.0.3' ],
21 silly audit   'detect-node': [ '2.1.0' ],
21 silly audit   di: [ '0.0.1' ],
21 silly audit   'dns-packet': [ '5.6.1' ],
21 silly audit   'dom-serialize': [ '2.2.1' ],
21 silly audit   'dom-serializer': [ '2.0.0' ],
21 silly audit   domelementtype: [ '2.3.0' ],
21 silly audit   domhandler: [ '5.0.3' ],
21 silly audit   domutils: [ '3.1.0' ],
21 silly audit   eastasianwidth: [ '0.2.0' ],
21 silly audit   'ee-first': [ '1.1.1' ],
21 silly audit   'electron-to-chromium': [ '1.5.13' ],
21 silly audit   'emojis-list': [ '3.0.0' ],
21 silly audit   encodeurl: [ '1.0.2' ],
21 silly audit   encoding: [ '0.1.13' ],
21 silly audit   'iconv-lite': [ '0.6.3', '0.4.24' ],
21 silly audit   'engine.io': [ '6.5.5' ],
21 silly audit   'engine.io-parser': [ '5.2.3' ],
21 silly audit   'enhanced-resolve': [ '5.17.1' ],
21 silly audit   ent: [ '2.2.1' ],
21 silly audit   entities: [ '4.5.0' ],
21 silly audit   'env-paths': [ '2.2.1' ],
21 silly audit   environment: [ '1.1.0' ],
21 silly audit   'err-code': [ '2.0.3' ],
21 silly audit   errno: [ '0.1.8' ],
21 silly audit   'error-ex': [ '1.3.2' ],
21 silly audit   'es-define-property': [ '1.0.0' ],
21 silly audit   'es-errors': [ '1.3.0' ],
21 silly audit   'es-module-lexer': [ '1.5.4' ],
21 silly audit   esbuild: [ '0.23.0', '0.21.5' ],
21 silly audit   'esbuild-wasm': [ '0.23.0' ],
21 silly audit   escalade: [ '3.2.0' ],
21 silly audit   'escape-html': [ '1.0.3' ],
21 silly audit   'escape-string-regexp': [ '1.0.5' ],
21 silly audit   'eslint-scope': [ '5.1.1' ],
21 silly audit   esrecurse: [ '4.3.0' ],
21 silly audit   estraverse: [ '5.3.0', '4.3.0' ],
21 silly audit   esutils: [ '2.0.3' ],
21 silly audit   etag: [ '1.8.1' ],
21 silly audit   eventemitter3: [ '4.0.7', '5.0.1' ],
21 silly audit   events: [ '3.3.0' ],
21 silly audit   execa: [ '5.1.1' ],
21 silly audit   onetime: [ '5.1.2', '7.0.0' ],
21 silly audit   'signal-exit': [ '3.0.7', '4.1.0' ],
21 silly audit   'exponential-backoff': [ '3.1.1' ],
21 silly audit   express: [ '4.19.2' ],
21 silly audit   extend: [ '3.0.2' ],
21 silly audit   'external-editor': [ '3.1.0' ],
21 silly audit   'fast-deep-equal': [ '3.1.3' ],
21 silly audit   'fast-glob': [ '3.3.2' ],
21 silly audit   'fast-json-stable-stringify': [ '2.1.0' ],
21 silly audit   'fast-uri': [ '3.0.1' ],
21 silly audit   fastq: [ '1.17.1' ],
21 silly audit   'faye-websocket': [ '0.11.4' ],
21 silly audit   'fill-range': [ '7.1.1' ],
21 silly audit   'find-cache-dir': [ '4.0.0' ],
21 silly audit   'find-up': [ '6.3.0' ],
21 silly audit   flat: [ '5.0.2' ],
21 silly audit   flatted: [ '3.3.1' ],
21 silly audit   'follow-redirects': [ '1.15.6' ],
21 silly audit   'foreground-child': [ '3.3.0' ],
21 silly audit   forwarded: [ '0.2.0' ],
21 silly audit   'fraction.js': [ '4.3.7' ],
21 silly audit   fresh: [ '0.5.2' ],
21 silly audit   'fs-extra': [ '8.1.0' ],
21 silly audit   'fs-minipass': [ '3.0.3', '2.1.0' ],
21 silly audit   'fs.realpath': [ '1.0.0' ],
21 silly audit   fsevents: [ '2.3.3' ],
21 silly audit   'function-bind': [ '1.1.2' ],
21 silly audit   gensync: [ '1.0.0-beta.2' ],
21 silly audit   'get-caller-file': [ '2.0.5' ],
21 silly audit   'get-east-asian-width': [ '1.2.0' ],
21 silly audit   'get-intrinsic': [ '1.2.4' ],
21 silly audit   'get-stream': [ '6.0.1' ],
21 silly audit   'glob-to-regexp': [ '0.4.1' ],
21 silly audit   globals: [ '11.12.0' ],
21 silly audit   globby: [ '14.0.2' ],
21 silly audit   gopd: [ '1.0.1' ],
21 silly audit   'graceful-fs': [ '4.2.11' ],
21 silly audit   'handle-thing': [ '2.0.1' ],
21 silly audit   'has-property-descriptors': [ '1.0.2' ],
21 silly audit   'has-proto': [ '1.0.3' ],
21 silly audit   'has-symbols': [ '1.0.3' ],
21 silly audit   hasown: [ '2.0.2' ],
21 silly audit   'hosted-git-info': [ '7.0.2' ],
21 silly audit   'hpack.js': [ '2.1.6' ],
21 silly audit   'readable-stream': [ '2.3.8', '3.6.2' ],
21 silly audit   string_decoder: [ '1.1.1', '1.3.0' ],
21 silly audit   'html-entities': [ '2.5.2' ],
21 silly audit   'html-escaper': [ '2.0.2' ],
21 silly audit   htmlparser2: [ '8.0.2' ],
21 silly audit   'http-cache-semantics': [ '4.1.1' ],
21 silly audit   'http-deceiver': [ '1.2.7' ],
21 silly audit   'http-errors': [ '2.0.0', '1.6.3' ],
21 silly audit   'http-parser-js': [ '0.5.8' ],
21 silly audit   'http-proxy': [ '1.18.1' ],
21 silly audit   'http-proxy-agent': [ '7.0.2' ],
21 silly audit   'http-proxy-middleware': [ '3.0.0', '2.0.6' ],
21 silly audit   'https-proxy-agent': [ '7.0.5' ],
21 silly audit   'human-signals': [ '2.1.0' ],
21 silly audit   hyperdyperid: [ '1.2.0' ],
21 silly audit   'icss-utils': [ '5.1.0' ],
21 silly audit   ieee754: [ '1.2.1' ],
21 silly audit   ignore: [ '5.3.2' ],
21 silly audit   'ignore-walk': [ '6.0.5' ],
21 silly audit   'image-size': [ '0.5.5' ],
21 silly audit   immutable: [ '4.3.7' ],
21 silly audit   'import-fresh': [ '3.3.0' ],
21 silly audit   imurmurhash: [ '0.1.4' ],
21 silly audit   'indent-string': [ '4.0.0' ],
21 silly audit   inflight: [ '1.0.6' ],
21 silly audit   inherits: [ '2.0.4', '2.0.3' ],
21 silly audit   ini: [ '4.1.3' ],
21 silly audit   'ip-address': [ '9.0.5' ],
21 silly audit   'ipaddr.js': [ '1.9.1', '2.2.0' ],
21 silly audit   'is-arrayish': [ '0.2.1' ],
21 silly audit   'is-binary-path': [ '2.1.0' ],
21 silly audit   'is-core-module': [ '2.15.1' ],
21 silly audit   'is-docker': [ '3.0.0' ],
21 silly audit   'is-extglob': [ '2.1.1' ],
21 silly audit   'is-glob': [ '4.0.3' ],
21 silly audit   'is-inside-container': [ '1.0.0' ],
21 silly audit   'is-interactive': [ '1.0.0' ],
21 silly audit   'is-lambda': [ '1.0.1' ],
21 silly audit   'is-network-error': [ '1.1.0' ],
21 silly audit   'is-number': [ '7.0.0' ],
21 silly audit   'is-plain-obj': [ '3.0.0' ],
21 silly audit   'is-plain-object': [ '2.0.4' ],
21 silly audit   'is-stream': [ '2.0.1' ],
21 silly audit   'is-unicode-supported': [ '0.1.0' ],
21 silly audit   'is-what': [ '3.14.1' ],
21 silly audit   'is-wsl': [ '3.1.0' ],
21 silly audit   isarray: [ '1.0.0' ],
21 silly audit   isbinaryfile: [ '4.0.10' ],
21 silly audit   isobject: [ '3.0.1' ],
21 silly audit   'istanbul-lib-coverage': [ '3.2.2' ],
21 silly audit   'istanbul-lib-instrument': [ '6.0.3', '5.2.1' ],
21 silly audit   'istanbul-lib-report': [ '3.0.1' ],
21 silly audit   'istanbul-lib-source-maps': [ '4.0.1' ],
21 silly audit   'source-map': [ '0.6.1', '0.7.4' ],
21 silly audit   'istanbul-reports': [ '3.1.7' ],
21 silly audit   jackspeak: [ '3.4.3' ],
21 silly audit   'jasmine-core': [ '5.2.0', '4.6.1' ],
21 silly audit   'jest-worker': [ '27.5.1' ],
21 silly audit   jiti: [ '1.21.6' ],
21 silly audit   'js-tokens': [ '4.0.0' ],
21 silly audit   'js-yaml': [ '4.1.0' ],
21 silly audit   jsbn: [ '1.1.0' ],
21 silly audit   jsesc: [ '2.5.2', '0.5.0' ],
21 silly audit   'json-parse-even-better-errors': [ '3.0.2', '2.3.1' ],
21 silly audit   'json-schema-traverse': [ '1.0.0', '0.4.1' ],
21 silly audit   json5: [ '2.2.3' ],
21 silly audit   'jsonc-parser': [ '3.3.1' ],
21 silly audit   jsonfile: [ '4.0.0' ],
21 silly audit   jsonparse: [ '1.3.1' ],
21 silly audit   karma: [ '6.4.4' ],
21 silly audit   'karma-chrome-launcher': [ '3.2.0' ],
21 silly audit   'karma-coverage': [ '2.2.1' ],
21 silly audit   'karma-jasmine': [ '5.1.0' ],
21 silly audit   'karma-jasmine-html-reporter': [ '2.1.0' ],
21 silly audit   'karma-source-map-support': [ '1.4.0' ],
21 silly audit   tmp: [ '0.2.3', '0.0.33' ],
21 silly audit   yargs: [ '16.2.0', '17.7.2' ],
21 silly audit   'yargs-parser': [ '20.2.9', '21.1.1' ],
21 silly audit   'kind-of': [ '6.0.3' ],
21 silly audit   'launch-editor': [ '2.8.1' ],
21 silly audit   less: [ '4.2.0' ],
21 silly audit   'less-loader': [ '12.2.0' ],
21 silly audit   'make-dir': [ '2.1.0', '4.0.0' ],
21 silly audit   mime: [ '1.6.0', '2.6.0' ],
21 silly audit   'license-webpack-plugin': [ '4.0.2' ],
21 silly audit   'lines-and-columns': [ '1.2.4' ],
21 silly audit   listr2: [ '8.2.4' ],
21 silly audit   lmdb: [ '3.0.13' ],
21 silly audit   'loader-runner': [ '4.3.0' ],
21 silly audit   'locate-path': [ '7.2.0' ],
21 silly audit   lodash: [ '4.17.21' ],
21 silly audit   'lodash.debounce': [ '4.0.8' ],
21 silly audit   'log-symbols': [ '4.1.0' ],
21 silly audit   'log-update': [ '6.1.0' ],
21 silly audit   'slice-ansi': [ '7.1.0', '5.0.0' ],
21 silly audit   log4js: [ '6.9.1' ],
21 silly audit   'magic-string': [ '0.30.11' ],
21 silly audit   'make-fetch-happen': [ '13.0.1' ],
21 silly audit   'media-typer': [ '0.3.0' ],
21 silly audit   memfs: [ '4.11.1' ],
21 silly audit   'merge-descriptors': [ '1.0.1' ],
21 silly audit   'merge-stream': [ '2.0.0' ],
21 silly audit   merge2: [ '1.4.1' ],
21 silly audit   methods: [ '1.1.2' ],
21 silly audit   micromatch: [ '4.0.8' ],
21 silly audit   'mime-db': [ '1.52.0' ],
21 silly audit   'mime-types': [ '2.1.35' ],
21 silly audit   'mimic-fn': [ '2.1.0' ],
21 silly audit   'mimic-function': [ '5.0.1' ],
21 silly audit   'mini-css-extract-plugin': [ '2.9.0' ],
21 silly audit   'minimalistic-assert': [ '1.0.1' ],
21 silly audit   minimist: [ '1.2.8' ],
21 silly audit   minipass: [ '7.1.2', '3.3.6', '5.0.0' ],
21 silly audit   'minipass-collect': [ '2.0.1' ],
21 silly audit   'minipass-fetch': [ '3.0.5' ],
21 silly audit   'minipass-flush': [ '1.0.5' ],
21 silly audit   yallist: [ '4.0.0', '3.1.1' ],
21 silly audit   'minipass-pipeline': [ '1.2.4' ],
21 silly audit   'minipass-sized': [ '1.0.3' ],
21 silly audit   minizlib: [ '2.1.2' ],
21 silly audit   mkdirp: [ '0.5.6', '1.0.4' ],
21 silly audit   mrmime: [ '2.0.0' ],
21 silly audit   msgpackr: [ '1.11.0' ],
21 silly audit   'msgpackr-extract': [ '3.0.3' ],
21 silly audit   'multicast-dns': [ '7.2.5' ],
21 silly audit   'mute-stream': [ '1.0.0' ],
21 silly audit   nanoid: [ '3.3.7' ],
21 silly audit   needle: [ '3.3.1' ],
21 silly audit   negotiator: [ '0.6.3' ],
21 silly audit   'neo-async': [ '2.6.2' ],
21 silly audit   'nice-napi': [ '1.0.2' ],
21 silly audit   'node-addon-api': [ '3.2.1', '6.1.0' ],
21 silly audit   'node-forge': [ '1.3.1' ],
21 silly audit   'node-gyp': [ '10.2.0' ],
21 silly audit   'node-gyp-build': [ '4.8.2' ],
21 silly audit   'node-gyp-build-optional-packages': [ '5.2.2' ],
21 silly audit   'node-releases': [ '2.0.18' ],
21 silly audit   nopt: [ '7.2.1' ],
21 silly audit   'normalize-package-data': [ '6.0.2' ],
21 silly audit   'normalize-path': [ '3.0.0' ],
21 silly audit   'normalize-range': [ '0.1.2' ],
21 silly audit   'npm-bundled': [ '3.0.1' ],
21 silly audit   'npm-install-checks': [ '6.3.0' ],
21 silly audit   'npm-normalize-package-bin': [ '3.0.1' ],
21 silly audit   'npm-package-arg': [ '11.0.3' ],
21 silly audit   'npm-packlist': [ '8.0.2' ],
21 silly audit   'npm-pick-manifest': [ '9.1.0' ],
21 silly audit   'npm-registry-fetch': [ '17.1.0' ],
21 silly audit   'npm-run-path': [ '4.0.1' ],
21 silly audit   'nth-check': [ '2.1.1' ],
21 silly audit   'object-assign': [ '4.1.1' ],
21 silly audit   'object-inspect': [ '1.13.2' ],
21 silly audit   obuf: [ '1.1.2' ],
21 silly audit   'on-headers': [ '1.0.2' ],
21 silly audit   once: [ '1.4.0' ],
21 silly audit   open: [ '10.1.0' ],
21 silly audit   ora: [ '5.4.1' ],
21 silly audit   'restore-cursor': [ '3.1.0', '5.1.0' ],
21 silly audit   'ordered-binary': [ '1.5.1' ],
21 silly audit   'os-tmpdir': [ '1.0.2' ],
21 silly audit   'p-limit': [ '4.0.0' ],
21 silly audit   'p-locate': [ '6.0.0' ],
21 silly audit   'p-map': [ '4.0.0' ],
21 silly audit   'p-retry': [ '6.2.0' ],
21 silly audit   retry: [ '0.13.1', '0.12.0' ],
21 silly audit   'package-json-from-dist': [ '1.0.0' ],
21 silly audit   pacote: [ '18.0.6' ],
21 silly audit   'parent-module': [ '1.0.1' ],
21 silly audit   'parse-json': [ '5.2.0' ],
21 silly audit   'parse-node-version': [ '1.0.1' ],
21 silly audit   parse5: [ '7.1.2' ],
21 silly audit   'parse5-html-rewriting-stream': [ '7.0.0' ],
21 silly audit   'parse5-sax-parser': [ '7.0.0' ],
21 silly audit   parseurl: [ '1.3.3' ],
21 silly audit   'path-exists': [ '5.0.0' ],
21 silly audit   'path-is-absolute': [ '1.0.1' ],
21 silly audit   'path-key': [ '3.1.1' ],
21 silly audit   'path-parse': [ '1.0.7' ],
21 silly audit   'path-scurry': [ '1.11.1' ],
21 silly audit   'path-to-regexp': [ '0.1.7' ],
21 silly audit   'path-type': [ '5.0.0' ],
21 silly audit   picocolors: [ '1.0.1' ],
21 silly audit   pify: [ '4.0.1' ],
21 silly audit   piscina: [ '4.6.1' ],
21 silly audit   'pkg-dir': [ '7.0.0' ],
21 silly audit   postcss: [ '8.4.41' ],
21 silly audit   'postcss-loader': [ '8.1.1' ],
21 silly audit   'postcss-media-query-parser': [ '0.2.3' ],
21 silly audit   'postcss-modules-extract-imports': [ '3.1.0' ],
21 silly audit   'postcss-modules-local-by-default': [ '4.0.5' ],
21 silly audit   'postcss-modules-scope': [ '3.2.0' ],
21 silly audit   'postcss-modules-values': [ '4.0.0' ],
21 silly audit   'postcss-selector-parser': [ '6.1.2' ],
21 silly audit   'postcss-value-parser': [ '4.2.0' ],
21 silly audit   'proc-log': [ '4.2.0' ],
21 silly audit   'process-nextick-args': [ '2.0.1' ],
21 silly audit   'promise-inflight': [ '1.0.1' ],
21 silly audit   'promise-retry': [ '2.0.1' ],
21 silly audit   'proxy-addr': [ '2.0.7' ],
21 silly audit   prr: [ '1.0.1' ],
21 silly audit   punycode: [ '1.4.1', '2.3.1' ],
21 silly audit   qjobs: [ '1.2.0' ],
21 silly audit   qs: [ '6.11.0' ],
21 silly audit   'queue-microtask': [ '1.2.3' ],
21 silly audit   randombytes: [ '2.1.0' ],
21 silly audit   'range-parser': [ '1.2.1' ],
21 silly audit   'raw-body': [ '2.5.2' ],
21 silly audit   readdirp: [ '3.6.0' ],
21 silly audit   'reflect-metadata': [ '0.2.2' ],
21 silly audit   regenerate: [ '1.4.2' ],
21 silly audit   'regenerate-unicode-properties': [ '10.1.1' ],
21 silly audit   'regenerator-runtime': [ '0.14.1' ],
21 silly audit   'regenerator-transform': [ '0.15.2' ],
21 silly audit   'regex-parser': [ '2.3.0' ],
21 silly audit   'regexpu-core': [ '5.3.2' ],
21 silly audit   regjsparser: [ '0.9.1' ],
21 silly audit   'require-directory': [ '2.1.1' ],
21 silly audit   'require-from-string': [ '2.0.2' ],
21 silly audit   'requires-port': [ '1.0.0' ],
21 silly audit   resolve: [ '1.22.8' ],
21 silly audit   'resolve-from': [ '4.0.0' ],
21 silly audit   'resolve-url-loader': [ '5.0.0' ],
21 silly audit   reusify: [ '1.0.4' ],
21 silly audit   rfdc: [ '1.4.1' ],
21 silly audit   rimraf: [ '3.0.2', '5.0.10' ],
21 silly audit   rollup: [ '4.20.0' ],
21 silly audit   'run-applescript': [ '7.0.0' ],
21 silly audit   'run-parallel': [ '1.2.0' ],
21 silly audit   rxjs: [ '7.8.1' ],
21 silly audit   'safer-buffer': [ '2.1.2' ],
21 silly audit   sass: [ '1.77.6' ],
21 silly audit   'sass-loader': [ '16.0.0' ],
21 silly audit   sax: [ '1.4.1' ],
21 silly audit   'schema-utils': [ '4.2.0', '3.3.0' ],
21 silly audit   'select-hose': [ '2.0.0' ],
21 silly audit   selfsigned: [ '2.4.1' ],
21 silly audit   send: [ '0.18.0' ],
21 silly audit   'serialize-javascript': [ '6.0.2' ],
21 silly audit   'serve-index': [ '1.9.1' ],
21 silly audit   setprototypeof: [ '1.1.0', '1.2.0' ],
21 silly audit   'serve-static': [ '1.15.0' ],
21 silly audit   'set-function-length': [ '1.2.2' ],
21 silly audit   'shallow-clone': [ '3.0.1' ],
21 silly audit   'shebang-command': [ '2.0.0' ],
21 silly audit   'shebang-regex': [ '3.0.0' ],
21 silly audit   'shell-quote': [ '1.8.1' ],
21 silly audit   'side-channel': [ '1.0.6' ],
21 silly audit   sigstore: [ '2.3.1' ],
21 silly audit   slash: [ '5.1.0' ],
21 silly audit   'smart-buffer': [ '4.2.0' ],
21 silly audit   'socket.io': [ '4.7.5' ],
21 silly audit   'socket.io-adapter': [ '2.5.5' ],
21 silly audit   'socket.io-parser': [ '4.2.4' ],
21 silly audit   sockjs: [ '0.3.24' ],
21 silly audit   socks: [ '2.8.3' ],
21 silly audit   'socks-proxy-agent': [ '8.0.4' ],
21 silly audit   'source-map-js': [ '1.2.0' ],
21 silly audit   'source-map-loader': [ '5.0.0' ],
21 silly audit   'source-map-support': [ '0.5.21' ],
21 silly audit   'spdx-correct': [ '3.2.0' ],
21 silly audit   'spdx-exceptions': [ '2.5.0' ],
21 silly audit   'spdx-expression-parse': [ '3.0.1' ],
21 silly audit   'spdx-license-ids': [ '3.0.20' ],
21 silly audit   spdy: [ '4.0.2' ],
21 silly audit   'spdy-transport': [ '3.0.0' ],
21 silly audit   'sprintf-js': [ '1.1.3' ],
21 silly audit   ssri: [ '10.0.6' ],
21 silly audit   streamroller: [ '3.1.5' ],
21 silly audit   'strip-final-newline': [ '2.0.0' ],
21 silly audit   'supports-preserve-symlinks-flag': [ '1.0.0' ],
21 silly audit   'symbol-observable': [ '4.0.0' ],
21 silly audit   tapable: [ '2.2.1' ],
21 silly audit   tar: [ '6.2.1' ],
21 silly audit   terser: [ '5.31.6' ],
21 silly audit   'terser-webpack-plugin': [ '5.3.10' ],
21 silly audit   thingies: [ '1.21.0' ],
21 silly audit   thunky: [ '1.1.0' ],
21 silly audit   'to-fast-properties': [ '2.0.0' ],
21 silly audit   'to-regex-range': [ '5.0.1' ],
21 silly audit   toidentifier: [ '1.0.1' ],
21 silly audit   'tree-dump': [ '1.0.2' ],
21 silly audit   'tree-kill': [ '1.2.2' ],
21 silly audit   'tuf-js': [ '2.2.1' ],
21 silly audit   'type-fest': [ '0.21.3' ],
21 silly audit   'type-is': [ '1.6.18' ],
21 silly audit   'typed-assert': [ '1.0.9' ],
21 silly audit   typescript: [ '5.5.4' ],
21 silly audit   'ua-parser-js': [ '0.7.38' ],
21 silly audit   'unicode-canonical-property-names-ecmascript': [ '2.0.0' ],
21 silly audit   'unicode-match-property-ecmascript': [ '2.0.0' ],
21 silly audit   'unicode-match-property-value-ecmascript': [ '2.1.0' ],
21 silly audit   'unicode-property-aliases-ecmascript': [ '2.1.0' ],
21 silly audit   'unicorn-magic': [ '0.1.0' ],
21 silly audit   'unique-filename': [ '3.0.0' ],
21 silly audit   'unique-slug': [ '4.0.0' ],
21 silly audit   universalify: [ '0.1.2' ],
21 silly audit   unpipe: [ '1.0.0' ],
21 silly audit   'update-browserslist-db': [ '1.1.0' ],
21 silly audit   'uri-js': [ '4.4.1' ],
21 silly audit   'util-deprecate': [ '1.0.2' ],
21 silly audit   'utils-merge': [ '1.0.1' ],
21 silly audit   uuid: [ '8.3.2' ],
21 silly audit   'validate-npm-package-license': [ '3.0.4' ],
21 silly audit   'validate-npm-package-name': [ '5.0.1' ],
21 silly audit   vary: [ '1.1.2' ],
21 silly audit   vite: [ '5.4.0' ],
21 silly audit   'void-elements': [ '2.0.1' ],
21 silly audit   watchpack: [ '2.4.1' ],
21 silly audit   wbuf: [ '1.7.3' ],
21 silly audit   wcwidth: [ '1.0.1' ],
21 silly audit   'weak-lru-cache': [ '1.2.2' ],
21 silly audit   webpack: [ '5.94.0' ],
21 silly audit   'webpack-dev-middleware': [ '7.3.0' ],
21 silly audit   'webpack-dev-server': [ '5.0.4' ],
21 silly audit   'webpack-merge': [ '6.0.1' ],
21 silly audit   'webpack-sources': [ '3.2.3' ],
21 silly audit   'webpack-subresource-integrity': [ '5.1.0' ],
21 silly audit   'websocket-driver': [ '0.7.4' ],
21 silly audit   'websocket-extensions': [ '0.1.4' ],
21 silly audit   wildcard: [ '2.0.1' ],
21 silly audit   wrappy: [ '1.0.2' ],
21 silly audit   ws: [ '8.17.1' ],
21 silly audit   xhr2: [ '0.2.1' ],
21 silly audit   y18n: [ '5.0.8' ],
21 silly audit   'yocto-queue': [ '1.1.1' ],
21 silly audit   'yoctocolors-cjs': [ '2.1.2' ],
21 silly audit   'zone.js': [ '0.14.10' ],
21 silly audit   'bootstrap-icons': [ '1.11.3' ]
21 silly audit }
22 verbose reify failed optional dependency C:\Users\Faneva_ANDRIANAINA\Desktop\PGG4P\node_modules\nice-napi
23 silly reify mark deleted [
23 silly reify   'C:\\Users\\Faneva_ANDRIANAINA\\Desktop\\PGG4P\\node_modules\\nice-napi'
23 silly reify ]
24 verbose reify failed optional dependency C:\Users\Faneva_ANDRIANAINA\Desktop\PGG4P\node_modules\nice-napi\node_modules\node-addon-api
25 silly reify mark deleted [
25 silly reify   'C:\\Users\\Faneva_ANDRIANAINA\\Desktop\\PGG4P\\node_modules\\nice-napi\\node_modules\\node-addon-api'
25 silly reify ]
26 verbose reify failed optional dependency C:\Users\Faneva_ANDRIANAINA\Desktop\PGG4P\node_modules\node-gyp-build
27 silly reify mark deleted [
27 silly reify   'C:\\Users\\Faneva_ANDRIANAINA\\Desktop\\PGG4P\\node_modules\\node-gyp-build',
27 silly reify   'C:\\Users\\Faneva_ANDRIANAINA\\Desktop\\PGG4P\\node_modules\\.bin\\node-gyp-build',
27 silly reify   'C:\\Users\\Faneva_ANDRIANAINA\\Desktop\\PGG4P\\node_modules\\.bin\\node-gyp-build.cmd',
27 silly reify   'C:\\Users\\Faneva_ANDRIANAINA\\Desktop\\PGG4P\\node_modules\\.bin\\node-gyp-build.ps1',
27 silly reify   'C:\\Users\\Faneva_ANDRIANAINA\\Desktop\\PGG4P\\node_modules\\.bin\\node-gyp-build-optional',
27 silly reify   'C:\\Users\\Faneva_ANDRIANAINA\\Desktop\\PGG4P\\node_modules\\.bin\\node-gyp-build-optional.cmd',
27 silly reify   'C:\\Users\\Faneva_ANDRIANAINA\\Desktop\\PGG4P\\node_modules\\.bin\\node-gyp-build-optional.ps1',
27 silly reify   'C:\\Users\\Faneva_ANDRIANAINA\\Desktop\\PGG4P\\node_modules\\.bin\\node-gyp-build-test',
27 silly reify   'C:\\Users\\Faneva_ANDRIANAINA\\Desktop\\PGG4P\\node_modules\\.bin\\node-gyp-build-test.cmd',
27 silly reify   'C:\\Users\\Faneva_ANDRIANAINA\\Desktop\\PGG4P\\node_modules\\.bin\\node-gyp-build-test.ps1'
27 silly reify ]
28 verbose reify failed optional dependency C:\Users\Faneva_ANDRIANAINA\Desktop\PGG4P\node_modules\fsevents
29 silly reify mark deleted [
29 silly reify   'C:\\Users\\Faneva_ANDRIANAINA\\Desktop\\PGG4P\\node_modules\\fsevents'
29 silly reify ]
30 verbose reify failed optional dependency C:\Users\Faneva_ANDRIANAINA\Desktop\PGG4P\node_modules\@rollup\rollup-win32-ia32-msvc
31 silly reify mark deleted [
31 silly reify   'C:\\Users\\Faneva_ANDRIANAINA\\Desktop\\PGG4P\\node_modules\\@rollup\\rollup-win32-ia32-msvc'
31 silly reify ]
32 verbose reify failed optional dependency C:\Users\Faneva_ANDRIANAINA\Desktop\PGG4P\node_modules\@rollup\rollup-win32-arm64-msvc
33 silly reify mark deleted [
33 silly reify   'C:\\Users\\Faneva_ANDRIANAINA\\Desktop\\PGG4P\\node_modules\\@rollup\\rollup-win32-arm64-msvc'
33 silly reify ]
34 verbose reify failed optional dependency C:\Users\Faneva_ANDRIANAINA\Desktop\PGG4P\node_modules\@rollup\rollup-linux-x64-musl
35 silly reify mark deleted [
35 silly reify   'C:\\Users\\Faneva_ANDRIANAINA\\Desktop\\PGG4P\\node_modules\\@rollup\\rollup-linux-x64-musl'
35 silly reify ]
36 verbose reify failed optional dependency C:\Users\Faneva_ANDRIANAINA\Desktop\PGG4P\node_modules\@rollup\rollup-linux-x64-gnu
37 silly reify mark deleted [
37 silly reify   'C:\\Users\\Faneva_ANDRIANAINA\\Desktop\\PGG4P\\node_modules\\@rollup\\rollup-linux-x64-gnu'
37 silly reify ]
38 verbose reify failed optional dependency C:\Users\Faneva_ANDRIANAINA\Desktop\PGG4P\node_modules\@rollup\rollup-linux-s390x-gnu
39 silly reify mark deleted [
39 silly reify   'C:\\Users\\Faneva_ANDRIANAINA\\Desktop\\PGG4P\\node_modules\\@rollup\\rollup-linux-s390x-gnu'
39 silly reify ]
40 verbose reify failed optional dependency C:\Users\Faneva_ANDRIANAINA\Desktop\PGG4P\node_modules\@rollup\rollup-linux-riscv64-gnu
41 silly reify mark deleted [
41 silly reify   'C:\\Users\\Faneva_ANDRIANAINA\\Desktop\\PGG4P\\node_modules\\@rollup\\rollup-linux-riscv64-gnu'
41 silly reify ]
42 verbose reify failed optional dependency C:\Users\Faneva_ANDRIANAINA\Desktop\PGG4P\node_modules\@rollup\rollup-linux-powerpc64le-gnu
43 silly reify mark deleted [
43 silly reify   'C:\\Users\\Faneva_ANDRIANAINA\\Desktop\\PGG4P\\node_modules\\@rollup\\rollup-linux-powerpc64le-gnu'
43 silly reify ]
44 verbose reify failed optional dependency C:\Users\Faneva_ANDRIANAINA\Desktop\PGG4P\node_modules\@rollup\rollup-linux-arm64-musl
45 silly reify mark deleted [
45 silly reify   'C:\\Users\\Faneva_ANDRIANAINA\\Desktop\\PGG4P\\node_modules\\@rollup\\rollup-linux-arm64-musl'
45 silly reify ]
46 verbose reify failed optional dependency C:\Users\Faneva_ANDRIANAINA\Desktop\PGG4P\node_modules\@rollup\rollup-linux-arm64-gnu
47 silly reify mark deleted [
47 silly reify   'C:\\Users\\Faneva_ANDRIANAINA\\Desktop\\PGG4P\\node_modules\\@rollup\\rollup-linux-arm64-gnu'
47 silly reify ]
48 verbose reify failed optional dependency C:\Users\Faneva_ANDRIANAINA\Desktop\PGG4P\node_modules\@rollup\rollup-linux-arm-musleabihf
49 silly reify mark deleted [
49 silly reify   'C:\\Users\\Faneva_ANDRIANAINA\\Desktop\\PGG4P\\node_modules\\@rollup\\rollup-linux-arm-musleabihf'
49 silly reify ]
50 verbose reify failed optional dependency C:\Users\Faneva_ANDRIANAINA\Desktop\PGG4P\node_modules\@rollup\rollup-linux-arm-gnueabihf
51 silly reify mark deleted [
51 silly reify   'C:\\Users\\Faneva_ANDRIANAINA\\Desktop\\PGG4P\\node_modules\\@rollup\\rollup-linux-arm-gnueabihf'
51 silly reify ]
52 verbose reify failed optional dependency C:\Users\Faneva_ANDRIANAINA\Desktop\PGG4P\node_modules\@rollup\rollup-darwin-x64
53 silly reify mark deleted [
53 silly reify   'C:\\Users\\Faneva_ANDRIANAINA\\Desktop\\PGG4P\\node_modules\\@rollup\\rollup-darwin-x64'
53 silly reify ]
54 verbose reify failed optional dependency C:\Users\Faneva_ANDRIANAINA\Desktop\PGG4P\node_modules\@rollup\rollup-darwin-arm64
55 silly reify mark deleted [
55 silly reify   'C:\\Users\\Faneva_ANDRIANAINA\\Desktop\\PGG4P\\node_modules\\@rollup\\rollup-darwin-arm64'
55 silly reify ]
56 verbose reify failed optional dependency C:\Users\Faneva_ANDRIANAINA\Desktop\PGG4P\node_modules\@rollup\rollup-android-arm64
57 silly reify mark deleted [
57 silly reify   'C:\\Users\\Faneva_ANDRIANAINA\\Desktop\\PGG4P\\node_modules\\@rollup\\rollup-android-arm64'
57 silly reify ]
58 verbose reify failed optional dependency C:\Users\Faneva_ANDRIANAINA\Desktop\PGG4P\node_modules\@rollup\rollup-android-arm-eabi
59 silly reify mark deleted [
59 silly reify   'C:\\Users\\Faneva_ANDRIANAINA\\Desktop\\PGG4P\\node_modules\\@rollup\\rollup-android-arm-eabi'
59 silly reify ]
60 verbose reify failed optional dependency C:\Users\Faneva_ANDRIANAINA\Desktop\PGG4P\node_modules\@msgpackr-extract\msgpackr-extract-linux-x64
61 silly reify mark deleted [
61 silly reify   'C:\\Users\\Faneva_ANDRIANAINA\\Desktop\\PGG4P\\node_modules\\@msgpackr-extract\\msgpackr-extract-linux-x64'
61 silly reify ]
62 verbose reify failed optional dependency C:\Users\Faneva_ANDRIANAINA\Desktop\PGG4P\node_modules\@msgpackr-extract\msgpackr-extract-linux-arm64
63 silly reify mark deleted [
63 silly reify   'C:\\Users\\Faneva_ANDRIANAINA\\Desktop\\PGG4P\\node_modules\\@msgpackr-extract\\msgpackr-extract-linux-arm64'
63 silly reify ]
64 verbose reify failed optional dependency C:\Users\Faneva_ANDRIANAINA\Desktop\PGG4P\node_modules\@msgpackr-extract\msgpackr-extract-linux-arm
65 silly reify mark deleted [
65 silly reify   'C:\\Users\\Faneva_ANDRIANAINA\\Desktop\\PGG4P\\node_modules\\@msgpackr-extract\\msgpackr-extract-linux-arm'
65 silly reify ]
66 verbose reify failed optional dependency C:\Users\Faneva_ANDRIANAINA\Desktop\PGG4P\node_modules\@msgpackr-extract\msgpackr-extract-darwin-x64
67 silly reify mark deleted [
67 silly reify   'C:\\Users\\Faneva_ANDRIANAINA\\Desktop\\PGG4P\\node_modules\\@msgpackr-extract\\msgpackr-extract-darwin-x64'
67 silly reify ]
68 verbose reify failed optional dependency C:\Users\Faneva_ANDRIANAINA\Desktop\PGG4P\node_modules\@msgpackr-extract\msgpackr-extract-darwin-arm64
69 silly reify mark deleted [
69 silly reify   'C:\\Users\\Faneva_ANDRIANAINA\\Desktop\\PGG4P\\node_modules\\@msgpackr-extract\\msgpackr-extract-darwin-arm64'
69 silly reify ]
70 verbose reify failed optional dependency C:\Users\Faneva_ANDRIANAINA\Desktop\PGG4P\node_modules\@lmdb\lmdb-linux-x64
71 silly reify mark deleted [
71 silly reify   'C:\\Users\\Faneva_ANDRIANAINA\\Desktop\\PGG4P\\node_modules\\@lmdb\\lmdb-linux-x64'
71 silly reify ]
72 verbose reify failed optional dependency C:\Users\Faneva_ANDRIANAINA\Desktop\PGG4P\node_modules\@lmdb\lmdb-linux-arm64
73 silly reify mark deleted [
73 silly reify   'C:\\Users\\Faneva_ANDRIANAINA\\Desktop\\PGG4P\\node_modules\\@lmdb\\lmdb-linux-arm64'
73 silly reify ]
74 verbose reify failed optional dependency C:\Users\Faneva_ANDRIANAINA\Desktop\PGG4P\node_modules\@lmdb\lmdb-linux-arm
75 silly reify mark deleted [
75 silly reify   'C:\\Users\\Faneva_ANDRIANAINA\\Desktop\\PGG4P\\node_modules\\@lmdb\\lmdb-linux-arm'
75 silly reify ]
76 verbose reify failed optional dependency C:\Users\Faneva_ANDRIANAINA\Desktop\PGG4P\node_modules\@lmdb\lmdb-darwin-x64
77 silly reify mark deleted [
77 silly reify   'C:\\Users\\Faneva_ANDRIANAINA\\Desktop\\PGG4P\\node_modules\\@lmdb\\lmdb-darwin-x64'
77 silly reify ]
78 verbose reify failed optional dependency C:\Users\Faneva_ANDRIANAINA\Desktop\PGG4P\node_modules\@lmdb\lmdb-darwin-arm64
79 silly reify mark deleted [
79 silly reify   'C:\\Users\\Faneva_ANDRIANAINA\\Desktop\\PGG4P\\node_modules\\@lmdb\\lmdb-darwin-arm64'
79 silly reify ]
80 verbose reify failed optional dependency C:\Users\Faneva_ANDRIANAINA\Desktop\PGG4P\node_modules\@esbuild\win32-ia32
81 silly reify mark deleted [
81 silly reify   'C:\\Users\\Faneva_ANDRIANAINA\\Desktop\\PGG4P\\node_modules\\@esbuild\\win32-ia32'
81 silly reify ]
82 verbose reify failed optional dependency C:\Users\Faneva_ANDRIANAINA\Desktop\PGG4P\node_modules\@esbuild\win32-arm64
83 silly reify mark deleted [
83 silly reify   'C:\\Users\\Faneva_ANDRIANAINA\\Desktop\\PGG4P\\node_modules\\@esbuild\\win32-arm64'
83 silly reify ]
84 verbose reify failed optional dependency C:\Users\Faneva_ANDRIANAINA\Desktop\PGG4P\node_modules\@esbuild\sunos-x64
85 silly reify mark deleted [
85 silly reify   'C:\\Users\\Faneva_ANDRIANAINA\\Desktop\\PGG4P\\node_modules\\@esbuild\\sunos-x64'
85 silly reify ]
86 verbose reify failed optional dependency C:\Users\Faneva_ANDRIANAINA\Desktop\PGG4P\node_modules\@esbuild\openbsd-x64
87 silly reify mark deleted [
87 silly reify   'C:\\Users\\Faneva_ANDRIANAINA\\Desktop\\PGG4P\\node_modules\\@esbuild\\openbsd-x64'
87 silly reify ]
88 verbose reify failed optional dependency C:\Users\Faneva_ANDRIANAINA\Desktop\PGG4P\node_modules\@esbuild\openbsd-arm64
89 silly reify mark deleted [
89 silly reify   'C:\\Users\\Faneva_ANDRIANAINA\\Desktop\\PGG4P\\node_modules\\@esbuild\\openbsd-arm64'
89 silly reify ]
90 verbose reify failed optional dependency C:\Users\Faneva_ANDRIANAINA\Desktop\PGG4P\node_modules\@esbuild\netbsd-x64
91 silly reify mark deleted [
91 silly reify   'C:\\Users\\Faneva_ANDRIANAINA\\Desktop\\PGG4P\\node_modules\\@esbuild\\netbsd-x64'
91 silly reify ]
92 verbose reify failed optional dependency C:\Users\Faneva_ANDRIANAINA\Desktop\PGG4P\node_modules\@esbuild\linux-x64
93 silly reify mark deleted [
93 silly reify   'C:\\Users\\Faneva_ANDRIANAINA\\Desktop\\PGG4P\\node_modules\\@esbuild\\linux-x64'
93 silly reify ]
94 verbose reify failed optional dependency C:\Users\Faneva_ANDRIANAINA\Desktop\PGG4P\node_modules\@esbuild\linux-s390x
95 silly reify mark deleted [
95 silly reify   'C:\\Users\\Faneva_ANDRIANAINA\\Desktop\\PGG4P\\node_modules\\@esbuild\\linux-s390x'
95 silly reify ]
96 verbose reify failed optional dependency C:\Users\Faneva_ANDRIANAINA\Desktop\PGG4P\node_modules\@esbuild\linux-riscv64
97 silly reify mark deleted [
97 silly reify   'C:\\Users\\Faneva_ANDRIANAINA\\Desktop\\PGG4P\\node_modules\\@esbuild\\linux-riscv64'
97 silly reify ]
98 verbose reify failed optional dependency C:\Users\Faneva_ANDRIANAINA\Desktop\PGG4P\node_modules\@esbuild\linux-ppc64
99 silly reify mark deleted [
99 silly reify   'C:\\Users\\Faneva_ANDRIANAINA\\Desktop\\PGG4P\\node_modules\\@esbuild\\linux-ppc64'
99 silly reify ]
100 verbose reify failed optional dependency C:\Users\Faneva_ANDRIANAINA\Desktop\PGG4P\node_modules\@esbuild\linux-mips64el
101 silly reify mark deleted [
101 silly reify   'C:\\Users\\Faneva_ANDRIANAINA\\Desktop\\PGG4P\\node_modules\\@esbuild\\linux-mips64el'
101 silly reify ]
102 verbose reify failed optional dependency C:\Users\Faneva_ANDRIANAINA\Desktop\PGG4P\node_modules\@esbuild\linux-loong64
103 silly reify mark deleted [
103 silly reify   'C:\\Users\\Faneva_ANDRIANAINA\\Desktop\\PGG4P\\node_modules\\@esbuild\\linux-loong64'
103 silly reify ]
104 verbose reify failed optional dependency C:\Users\Faneva_ANDRIANAINA\Desktop\PGG4P\node_modules\@esbuild\linux-ia32
105 silly reify mark deleted [
105 silly reify   'C:\\Users\\Faneva_ANDRIANAINA\\Desktop\\PGG4P\\node_modules\\@esbuild\\linux-ia32'
105 silly reify ]
106 verbose reify failed optional dependency C:\Users\Faneva_ANDRIANAINA\Desktop\PGG4P\node_modules\@esbuild\linux-arm64
107 silly reify mark deleted [
107 silly reify   'C:\\Users\\Faneva_ANDRIANAINA\\Desktop\\PGG4P\\node_modules\\@esbuild\\linux-arm64'
107 silly reify ]
108 verbose reify failed optional dependency C:\Users\Faneva_ANDRIANAINA\Desktop\PGG4P\node_modules\@esbuild\linux-arm
109 silly reify mark deleted [
109 silly reify   'C:\\Users\\Faneva_ANDRIANAINA\\Desktop\\PGG4P\\node_modules\\@esbuild\\linux-arm'
109 silly reify ]
110 verbose reify failed optional dependency C:\Users\Faneva_ANDRIANAINA\Desktop\PGG4P\node_modules\@esbuild\freebsd-x64
111 silly reify mark deleted [
111 silly reify   'C:\\Users\\Faneva_ANDRIANAINA\\Desktop\\PGG4P\\node_modules\\@esbuild\\freebsd-x64'
111 silly reify ]
112 verbose reify failed optional dependency C:\Users\Faneva_ANDRIANAINA\Desktop\PGG4P\node_modules\@esbuild\freebsd-arm64
113 silly reify mark deleted [
113 silly reify   'C:\\Users\\Faneva_ANDRIANAINA\\Desktop\\PGG4P\\node_modules\\@esbuild\\freebsd-arm64'
113 silly reify ]
114 verbose reify failed optional dependency C:\Users\Faneva_ANDRIANAINA\Desktop\PGG4P\node_modules\@esbuild\darwin-x64
115 silly reify mark deleted [
115 silly reify   'C:\\Users\\Faneva_ANDRIANAINA\\Desktop\\PGG4P\\node_modules\\@esbuild\\darwin-x64'
115 silly reify ]
116 verbose reify failed optional dependency C:\Users\Faneva_ANDRIANAINA\Desktop\PGG4P\node_modules\@esbuild\darwin-arm64
117 silly reify mark deleted [
117 silly reify   'C:\\Users\\Faneva_ANDRIANAINA\\Desktop\\PGG4P\\node_modules\\@esbuild\\darwin-arm64'
117 silly reify ]
118 verbose reify failed optional dependency C:\Users\Faneva_ANDRIANAINA\Desktop\PGG4P\node_modules\@esbuild\android-x64
119 silly reify mark deleted [
119 silly reify   'C:\\Users\\Faneva_ANDRIANAINA\\Desktop\\PGG4P\\node_modules\\@esbuild\\android-x64'
119 silly reify ]
120 verbose reify failed optional dependency C:\Users\Faneva_ANDRIANAINA\Desktop\PGG4P\node_modules\@esbuild\android-arm64
121 silly reify mark deleted [
121 silly reify   'C:\\Users\\Faneva_ANDRIANAINA\\Desktop\\PGG4P\\node_modules\\@esbuild\\android-arm64'
121 silly reify ]
122 verbose reify failed optional dependency C:\Users\Faneva_ANDRIANAINA\Desktop\PGG4P\node_modules\@esbuild\android-arm
123 silly reify mark deleted [
123 silly reify   'C:\\Users\\Faneva_ANDRIANAINA\\Desktop\\PGG4P\\node_modules\\@esbuild\\android-arm'
123 silly reify ]
124 verbose reify failed optional dependency C:\Users\Faneva_ANDRIANAINA\Desktop\PGG4P\node_modules\@esbuild\aix-ppc64
125 silly reify mark deleted [
125 silly reify   'C:\\Users\\Faneva_ANDRIANAINA\\Desktop\\PGG4P\\node_modules\\@esbuild\\aix-ppc64'
125 silly reify ]
126 verbose reify failed optional dependency C:\Users\Faneva_ANDRIANAINA\Desktop\PGG4P\node_modules\vite\node_modules\@esbuild\win32-ia32
127 silly reify mark deleted [
127 silly reify   'C:\\Users\\Faneva_ANDRIANAINA\\Desktop\\PGG4P\\node_modules\\vite\\node_modules\\@esbuild\\win32-ia32'
127 silly reify ]
128 verbose reify failed optional dependency C:\Users\Faneva_ANDRIANAINA\Desktop\PGG4P\node_modules\vite\node_modules\@esbuild\win32-arm64
129 silly reify mark deleted [
129 silly reify   'C:\\Users\\Faneva_ANDRIANAINA\\Desktop\\PGG4P\\node_modules\\vite\\node_modules\\@esbuild\\win32-arm64'
129 silly reify ]
130 verbose reify failed optional dependency C:\Users\Faneva_ANDRIANAINA\Desktop\PGG4P\node_modules\vite\node_modules\@esbuild\sunos-x64
131 silly reify mark deleted [
131 silly reify   'C:\\Users\\Faneva_ANDRIANAINA\\Desktop\\PGG4P\\node_modules\\vite\\node_modules\\@esbuild\\sunos-x64'
131 silly reify ]
132 verbose reify failed optional dependency C:\Users\Faneva_ANDRIANAINA\Desktop\PGG4P\node_modules\vite\node_modules\@esbuild\openbsd-x64
133 silly reify mark deleted [
133 silly reify   'C:\\Users\\Faneva_ANDRIANAINA\\Desktop\\PGG4P\\node_modules\\vite\\node_modules\\@esbuild\\openbsd-x64'
133 silly reify ]
134 verbose reify failed optional dependency C:\Users\Faneva_ANDRIANAINA\Desktop\PGG4P\node_modules\vite\node_modules\@esbuild\netbsd-x64
135 silly reify mark deleted [
135 silly reify   'C:\\Users\\Faneva_ANDRIANAINA\\Desktop\\PGG4P\\node_modules\\vite\\node_modules\\@esbuild\\netbsd-x64'
135 silly reify ]
136 verbose reify failed optional dependency C:\Users\Faneva_ANDRIANAINA\Desktop\PGG4P\node_modules\vite\node_modules\@esbuild\linux-x64
137 silly reify mark deleted [
137 silly reify   'C:\\Users\\Faneva_ANDRIANAINA\\Desktop\\PGG4P\\node_modules\\vite\\node_modules\\@esbuild\\linux-x64'
137 silly reify ]
138 verbose reify failed optional dependency C:\Users\Faneva_ANDRIANAINA\Desktop\PGG4P\node_modules\vite\node_modules\@esbuild\linux-s390x
139 silly reify mark deleted [
139 silly reify   'C:\\Users\\Faneva_ANDRIANAINA\\Desktop\\PGG4P\\node_modules\\vite\\node_modules\\@esbuild\\linux-s390x'
139 silly reify ]
140 verbose reify failed optional dependency C:\Users\Faneva_ANDRIANAINA\Desktop\PGG4P\node_modules\vite\node_modules\@esbuild\linux-riscv64
141 silly reify mark deleted [
141 silly reify   'C:\\Users\\Faneva_ANDRIANAINA\\Desktop\\PGG4P\\node_modules\\vite\\node_modules\\@esbuild\\linux-riscv64'
141 silly reify ]
142 verbose reify failed optional dependency C:\Users\Faneva_ANDRIANAINA\Desktop\PGG4P\node_modules\vite\node_modules\@esbuild\linux-ppc64
143 silly reify mark deleted [
143 silly reify   'C:\\Users\\Faneva_ANDRIANAINA\\Desktop\\PGG4P\\node_modules\\vite\\node_modules\\@esbuild\\linux-ppc64'
143 silly reify ]
144 verbose reify failed optional dependency C:\Users\Faneva_ANDRIANAINA\Desktop\PGG4P\node_modules\vite\node_modules\@esbuild\linux-mips64el
145 silly reify mark deleted [
145 silly reify   'C:\\Users\\Faneva_ANDRIANAINA\\Desktop\\PGG4P\\node_modules\\vite\\node_modules\\@esbuild\\linux-mips64el'
145 silly reify ]
146 verbose reify failed optional dependency C:\Users\Faneva_ANDRIANAINA\Desktop\PGG4P\node_modules\vite\node_modules\@esbuild\linux-loong64
147 silly reify mark deleted [
147 silly reify   'C:\\Users\\Faneva_ANDRIANAINA\\Desktop\\PGG4P\\node_modules\\vite\\node_modules\\@esbuild\\linux-loong64'
147 silly reify ]
148 verbose reify failed optional dependency C:\Users\Faneva_ANDRIANAINA\Desktop\PGG4P\node_modules\vite\node_modules\@esbuild\linux-ia32
149 silly reify mark deleted [
149 silly reify   'C:\\Users\\Faneva_ANDRIANAINA\\Desktop\\PGG4P\\node_modules\\vite\\node_modules\\@esbuild\\linux-ia32'
149 silly reify ]
150 verbose reify failed optional dependency C:\Users\Faneva_ANDRIANAINA\Desktop\PGG4P\node_modules\vite\node_modules\@esbuild\linux-arm64
151 silly reify mark deleted [
151 silly reify   'C:\\Users\\Faneva_ANDRIANAINA\\Desktop\\PGG4P\\node_modules\\vite\\node_modules\\@esbuild\\linux-arm64'
151 silly reify ]
152 verbose reify failed optional dependency C:\Users\Faneva_ANDRIANAINA\Desktop\PGG4P\node_modules\vite\node_modules\@esbuild\linux-arm
153 silly reify mark deleted [
153 silly reify   'C:\\Users\\Faneva_ANDRIANAINA\\Desktop\\PGG4P\\node_modules\\vite\\node_modules\\@esbuild\\linux-arm'
153 silly reify ]
154 verbose reify failed optional dependency C:\Users\Faneva_ANDRIANAINA\Desktop\PGG4P\node_modules\vite\node_modules\@esbuild\freebsd-x64
155 silly reify mark deleted [
155 silly reify   'C:\\Users\\Faneva_ANDRIANAINA\\Desktop\\PGG4P\\node_modules\\vite\\node_modules\\@esbuild\\freebsd-x64'
155 silly reify ]
156 verbose reify failed optional dependency C:\Users\Faneva_ANDRIANAINA\Desktop\PGG4P\node_modules\vite\node_modules\@esbuild\freebsd-arm64
157 silly reify mark deleted [
157 silly reify   'C:\\Users\\Faneva_ANDRIANAINA\\Desktop\\PGG4P\\node_modules\\vite\\node_modules\\@esbuild\\freebsd-arm64'
157 silly reify ]
158 verbose reify failed optional dependency C:\Users\Faneva_ANDRIANAINA\Desktop\PGG4P\node_modules\vite\node_modules\@esbuild\darwin-x64
159 silly reify mark deleted [
159 silly reify   'C:\\Users\\Faneva_ANDRIANAINA\\Desktop\\PGG4P\\node_modules\\vite\\node_modules\\@esbuild\\darwin-x64'
159 silly reify ]
160 verbose reify failed optional dependency C:\Users\Faneva_ANDRIANAINA\Desktop\PGG4P\node_modules\vite\node_modules\@esbuild\darwin-arm64
161 silly reify mark deleted [
161 silly reify   'C:\\Users\\Faneva_ANDRIANAINA\\Desktop\\PGG4P\\node_modules\\vite\\node_modules\\@esbuild\\darwin-arm64'
161 silly reify ]
162 verbose reify failed optional dependency C:\Users\Faneva_ANDRIANAINA\Desktop\PGG4P\node_modules\vite\node_modules\@esbuild\android-x64
163 silly reify mark deleted [
163 silly reify   'C:\\Users\\Faneva_ANDRIANAINA\\Desktop\\PGG4P\\node_modules\\vite\\node_modules\\@esbuild\\android-x64'
163 silly reify ]
164 verbose reify failed optional dependency C:\Users\Faneva_ANDRIANAINA\Desktop\PGG4P\node_modules\vite\node_modules\@esbuild\android-arm64
165 silly reify mark deleted [
165 silly reify   'C:\\Users\\Faneva_ANDRIANAINA\\Desktop\\PGG4P\\node_modules\\vite\\node_modules\\@esbuild\\android-arm64'
165 silly reify ]
166 verbose reify failed optional dependency C:\Users\Faneva_ANDRIANAINA\Desktop\PGG4P\node_modules\vite\node_modules\@esbuild\android-arm
167 silly reify mark deleted [
167 silly reify   'C:\\Users\\Faneva_ANDRIANAINA\\Desktop\\PGG4P\\node_modules\\vite\\node_modules\\@esbuild\\android-arm'
167 silly reify ]
168 verbose reify failed optional dependency C:\Users\Faneva_ANDRIANAINA\Desktop\PGG4P\node_modules\vite\node_modules\@esbuild\aix-ppc64
169 silly reify mark deleted [
169 silly reify   'C:\\Users\\Faneva_ANDRIANAINA\\Desktop\\PGG4P\\node_modules\\vite\\node_modules\\@esbuild\\aix-ppc64'
169 silly reify ]
170 http fetch POST 200 https://registry.npmjs.org/-/npm/v1/security/advisories/bulk 963ms
171 silly audit report {
171 silly audit report   'body-parser': [
171 silly audit report     {
171 silly audit report       id: 1099520,
171 silly audit report       url: 'https://github.com/advisories/GHSA-qwcr-r2fm-qrc7',
171 silly audit report       title: 'body-parser vulnerable to denial of service when url encoding is enabled',
171 silly audit report       severity: 'high',
171 silly audit report       vulnerable_versions: '<1.20.3',
171 silly audit report       cwe: [Array],
171 silly audit report       cvss: [Object]
171 silly audit report     }
171 silly audit report   ],
171 silly audit report   express: [
171 silly audit report     {
171 silly audit report       id: 1099529,
171 silly audit report       url: 'https://github.com/advisories/GHSA-qw6h-vgh9-j6wx',
171 silly audit report       title: 'express vulnerable to XSS via response.redirect()',
171 silly audit report       severity: 'moderate',
171 silly audit report       vulnerable_versions: '<4.20.0',
171 silly audit report       cwe: [Array],
171 silly audit report       cvss: [Object]
171 silly audit report     }
171 silly audit report   ],
171 silly audit report   'path-to-regexp': [
171 silly audit report     {
171 silly audit report       id: 1099562,
171 silly audit report       url: 'https://github.com/advisories/GHSA-9wv6-86v2-598j',
171 silly audit report       title: 'path-to-regexp outputs backtracking regular expressions',
171 silly audit report       severity: 'high',
171 silly audit report       vulnerable_versions: '<0.1.10',
171 silly audit report       cwe: [Array],
171 silly audit report       cvss: [Object]
171 silly audit report     }
171 silly audit report   ],
171 silly audit report   send: [
171 silly audit report     {
171 silly audit report       id: 1099525,
171 silly audit report       url: 'https://github.com/advisories/GHSA-m6fv-jmcg-4jfg',
171 silly audit report       title: 'send vulnerable to template injection that can lead to XSS',
171 silly audit report       severity: 'moderate',
171 silly audit report       vulnerable_versions: '<0.19.0',
171 silly audit report       cwe: [Array],
171 silly audit report       cvss: [Object]
171 silly audit report     }
171 silly audit report   ],
171 silly audit report   'serve-static': [
171 silly audit report     {
171 silly audit report       id: 1099527,
171 silly audit report       url: 'https://github.com/advisories/GHSA-cm22-4g7w-348p',
171 silly audit report       title: 'serve-static vulnerable to template injection that can lead to XSS',
171 silly audit report       severity: 'moderate',
171 silly audit report       vulnerable_versions: '<1.16.0',
171 silly audit report       cwe: [Array],
171 silly audit report       cvss: [Object]
171 silly audit report     }
171 silly audit report   ],
171 silly audit report   vite: [
171 silly audit report     {
171 silly audit report       id: 1099626,
171 silly audit report       url: 'https://github.com/advisories/GHSA-64vr-g452-qvp3',
171 silly audit report       title: 'Vite DOM Clobbering gadget found in vite bundled scripts that leads to XSS',
171 silly audit report       severity: 'moderate',
171 silly audit report       vulnerable_versions: '>=5.4.0 <=5.4.5',
171 silly audit report       cwe: [Array],
171 silly audit report       cvss: [Object]
171 silly audit report     },
171 silly audit report     {
171 silly audit report       id: 1099637,
171 silly audit report       url: 'https://github.com/advisories/GHSA-9cwx-2883-4wfx',
171 silly audit report       title: "Vite's `server.fs.deny` is bypassed when using `?import&raw`",
171 silly audit report       severity: 'moderate',
171 silly audit report       vulnerable_versions: '>=5.4.0 <=5.4.5',
171 silly audit report       cwe: [Array],
171 silly audit report       cvss: [Object]
171 silly audit report     }
171 silly audit report   ]
171 silly audit report }
172 silly packumentCache corgi:https://registry.npmjs.org/body-parser cache-miss
173 silly packumentCache corgi:https://registry.npmjs.org/express cache-miss
174 silly packumentCache corgi:https://registry.npmjs.org/path-to-regexp cache-miss
175 silly packumentCache corgi:https://registry.npmjs.org/send cache-miss
176 silly packumentCache corgi:https://registry.npmjs.org/serve-static cache-miss
177 silly packumentCache corgi:https://registry.npmjs.org/vite cache-miss
178 http fetch GET 200 https://registry.npmjs.org/node-addon-api/-/node-addon-api-3.2.1.tgz 2010ms (cache revalidated)
179 http fetch GET 200 https://registry.npmjs.org/node-gyp-build/-/node-gyp-build-4.8.2.tgz 2262ms (cache revalidated)
180 http fetch GET 200 https://registry.npmjs.org/body-parser 2461ms (cache revalidated)
181 silly packumentCache corgi:https://registry.npmjs.org/body-parser set size:71304 disposed:false
182 http fetch GET 200 https://registry.npmjs.org/path-to-regexp 2765ms (cache revalidated)
183 silly packumentCache corgi:https://registry.npmjs.org/path-to-regexp set size:61187 disposed:false
184 http fetch GET 200 https://registry.npmjs.org/serve-static 3058ms (cache revalidated)
185 silly packumentCache corgi:https://registry.npmjs.org/serve-static set size:55328 disposed:false
186 http fetch GET 200 https://registry.npmjs.org/send 3610ms (cache revalidated)
187 silly packumentCache corgi:https://registry.npmjs.org/send set size:58787 disposed:false
188 http fetch GET 200 https://registry.npmjs.org/express 3762ms (cache revalidated)
189 silly packumentCache corgi:https://registry.npmjs.org/express set size:316096 disposed:false
190 http fetch GET 200 https://registry.npmjs.org/vite 4166ms (cache revalidated)
191 silly packumentCache corgi:https://registry.npmjs.org/vite set size:1786007 disposed:false
192 silly packumentCache corgi:https://registry.npmjs.org/karma cache-miss
193 http fetch GET 200 https://registry.npmjs.org/karma 1514ms (cache revalidated)
194 silly packumentCache corgi:https://registry.npmjs.org/karma set size:512452 disposed:false
195 silly packumentCache corgi:https://registry.npmjs.org/webpack-dev-server cache-miss
196 http fetch GET 200 https://registry.npmjs.org/webpack-dev-server 550ms (cache revalidated)
197 silly packumentCache corgi:https://registry.npmjs.org/webpack-dev-server set size:446062 disposed:false
198 silly packumentCache corgi:https://registry.npmjs.org/@angular-devkit%2fbuild-angular cache-miss
199 silly packumentCache corgi:https://registry.npmjs.org/@angular%2fbuild cache-miss
200 silly packumentCache corgi:https://registry.npmjs.org/@vitejs%2fplugin-basic-ssl cache-miss
201 http fetch GET 200 https://registry.npmjs.org/@vitejs%2fplugin-basic-ssl 1362ms (cache revalidated)
202 silly packumentCache corgi:https://registry.npmjs.org/@vitejs%2fplugin-basic-ssl set size:10421 disposed:false
203 http fetch GET 200 https://registry.npmjs.org/@angular%2fbuild 1383ms (cache revalidated)
204 silly packumentCache corgi:https://registry.npmjs.org/@angular%2fbuild set size:78771 disposed:false
205 http fetch GET 200 https://registry.npmjs.org/@angular-devkit%2fbuild-angular 1495ms (cache revalidated)
206 silly packumentCache corgi:https://registry.npmjs.org/@angular-devkit%2fbuild-angular set size:2400866 disposed:false
207 http fetch GET 200 https://registry.npmjs.org/bootstrap-icons/-/bootstrap-icons-1.11.3.tgz 47645ms (cache miss)
208 warn cleanup Failed to remove some directories [
208 warn cleanup   [
208 warn cleanup     'C:\\Users\\Faneva_ANDRIANAINA\\Desktop\\PGG4P\\node_modules\\nice-napi',
208 warn cleanup     [Error: EPERM: operation not permitted, lstat 'C:\Users\Faneva_ANDRIANAINA\Desktop\PGG4P\node_modules\nice-napi\node_modules\node-addon-api\README.md'] {
208 warn cleanup       errno: -4048,
208 warn cleanup       code: 'EPERM',
208 warn cleanup       syscall: 'lstat',
208 warn cleanup       path: 'C:\\Users\\Faneva_ANDRIANAINA\\Desktop\\PGG4P\\node_modules\\nice-napi\\node_modules\\node-addon-api\\README.md'
208 warn cleanup     }
208 warn cleanup   ]
208 warn cleanup ]
209 silly ADD node_modules/bootstrap-icons
210 silly ADD
211 silly ADD
212 silly ADD node_modules/node-addon-api
213 silly ADD
214 silly ADD
215 silly ADD
216 silly ADD
217 silly ADD
218 silly ADD
219 silly ADD
220 silly ADD
221 silly ADD
222 silly ADD
223 silly ADD
224 silly ADD
225 silly ADD
226 silly ADD
227 silly ADD
228 silly ADD
229 silly ADD
230 silly ADD
231 silly ADD
232 silly ADD
233 silly ADD
234 silly ADD
235 silly ADD
236 silly ADD
237 silly ADD
238 silly ADD
239 silly ADD
240 silly ADD
241 silly ADD
242 silly ADD
243 silly ADD
244 silly ADD
245 silly ADD
246 silly ADD
247 silly ADD
248 silly ADD
249 silly ADD
250 silly ADD
251 silly ADD
252 silly ADD
253 silly ADD
254 silly ADD
255 silly ADD
256 silly ADD
257 silly ADD
258 silly ADD
259 silly ADD
260 silly ADD
261 silly ADD
262 silly ADD
263 silly ADD
264 silly ADD
265 silly ADD
266 silly ADD
267 silly ADD
268 silly ADD
269 silly ADD
270 silly ADD
271 silly ADD
272 silly ADD
273 silly ADD
274 silly ADD
275 silly ADD
276 silly ADD
277 silly ADD
278 silly ADD
279 silly ADD
280 silly ADD
281 silly ADD
282 silly ADD
283 silly ADD
284 verbose cwd C:\Users\Faneva_ANDRIANAINA\Desktop\PGG4P
285 verbose os Windows_NT 10.0.18363
286 verbose node v20.11.1
287 verbose npm  v10.8.3
288 verbose exit 0
289 info ok
